{"C:\\GITHUB\\Dating-app\\backend\\src\\controllers\\auth.controller.js": {"path":"C:\\GITHUB\\Dating-app\\backend\\src\\controllers\\auth.controller.js","statementMap":{"0":{"start":{"line":9,"column":22},"end":{"line":9,"column":61}},"1":{"start":{"line":10,"column":17},"end":{"line":10,"column":68}},"2":{"start":{"line":12,"column":4},"end":{"line":12,"column":105}},"3":{"start":{"line":16,"column":22},"end":{"line":16,"column":61}},"4":{"start":{"line":17,"column":48},"end":{"line":17,"column":96}},"5":{"start":{"line":20,"column":4},"end":{"line":25,"column":7}},"6":{"start":{"line":28,"column":4},"end":{"line":28,"column":92}},"7":{"start":{"line":32,"column":22},"end":{"line":32,"column":61}},"8":{"start":{"line":33,"column":48},"end":{"line":33,"column":92}},"9":{"start":{"line":35,"column":4},"end":{"line":40,"column":7}},"10":{"start":{"line":42,"column":4},"end":{"line":42,"column":51}},"11":{"start":{"line":46,"column":22},"end":{"line":46,"column":61}},"12":{"start":{"line":47,"column":18},"end":{"line":47,"column":68}},"13":{"start":{"line":49,"column":4},"end":{"line":51,"column":5}},"14":{"start":{"line":50,"column":6},"end":{"line":50,"column":73}},"15":{"start":{"line":53,"column":48},"end":{"line":53,"column":101}},"16":{"start":{"line":55,"column":4},"end":{"line":60,"column":7}},"17":{"start":{"line":62,"column":4},"end":{"line":62,"column":51}},"18":{"start":{"line":66,"column":22},"end":{"line":66,"column":61}},"19":{"start":{"line":67,"column":4},"end":{"line":67,"column":70}},"20":{"start":{"line":68,"column":4},"end":{"line":68,"column":86}},"21":{"start":{"line":72,"column":22},"end":{"line":72,"column":61}},"22":{"start":{"line":73,"column":4},"end":{"line":73,"column":57}},"23":{"start":{"line":74,"column":4},"end":{"line":74,"column":77}},"24":{"start":{"line":78,"column":18},"end":{"line":78,"column":68}},"25":{"start":{"line":79,"column":4},"end":{"line":81,"column":5}},"26":{"start":{"line":80,"column":6},"end":{"line":80,"column":42}},"27":{"start":{"line":82,"column":4},"end":{"line":82,"column":36}},"28":{"start":{"line":83,"column":4},"end":{"line":83,"column":53}},"29":{"start":{"line":87,"column":19},"end":{"line":87,"column":29}},"30":{"start":{"line":88,"column":4},"end":{"line":88,"column":49}},"31":{"start":{"line":89,"column":4},"end":{"line":89,"column":36}},"32":{"start":{"line":90,"column":4},"end":{"line":90,"column":68}},"33":{"start":{"line":94,"column":17},"end":{"line":101,"column":6}},"34":{"start":{"line":103,"column":4},"end":{"line":105,"column":5}},"35":{"start":{"line":104,"column":6},"end":{"line":104,"column":48}},"36":{"start":{"line":107,"column":4},"end":{"line":109,"column":5}},"37":{"start":{"line":108,"column":6},"end":{"line":108,"column":88}},"38":{"start":{"line":108,"column":41},"end":{"line":108,"column":86}},"39":{"start":{"line":111,"column":4},"end":{"line":113,"column":7}},"40":{"start":{"line":117,"column":30},"end":{"line":117,"column":50}}},"fnMap":{"0":{"name":"(anonymous_0)","decl":{"start":{"line":8,"column":2},"end":{"line":8,"column":3}},"loc":{"start":{"line":8,"column":27},"end":{"line":13,"column":3}},"line":8},"1":{"name":"(anonymous_1)","decl":{"start":{"line":15,"column":2},"end":{"line":15,"column":3}},"loc":{"start":{"line":15,"column":28},"end":{"line":29,"column":3}},"line":15},"2":{"name":"(anonymous_2)","decl":{"start":{"line":31,"column":2},"end":{"line":31,"column":3}},"loc":{"start":{"line":31,"column":24},"end":{"line":43,"column":3}},"line":31},"3":{"name":"(anonymous_3)","decl":{"start":{"line":45,"column":2},"end":{"line":45,"column":3}},"loc":{"start":{"line":45,"column":31},"end":{"line":63,"column":3}},"line":45},"4":{"name":"(anonymous_4)","decl":{"start":{"line":65,"column":2},"end":{"line":65,"column":3}},"loc":{"start":{"line":65,"column":39},"end":{"line":69,"column":3}},"line":65},"5":{"name":"(anonymous_5)","decl":{"start":{"line":71,"column":2},"end":{"line":71,"column":3}},"loc":{"start":{"line":71,"column":32},"end":{"line":75,"column":3}},"line":71},"6":{"name":"(anonymous_6)","decl":{"start":{"line":77,"column":2},"end":{"line":77,"column":3}},"loc":{"start":{"line":77,"column":25},"end":{"line":84,"column":3}},"line":77},"7":{"name":"(anonymous_7)","decl":{"start":{"line":86,"column":2},"end":{"line":86,"column":3}},"loc":{"start":{"line":86,"column":28},"end":{"line":91,"column":3}},"line":86},"8":{"name":"(anonymous_8)","decl":{"start":{"line":93,"column":2},"end":{"line":93,"column":3}},"loc":{"start":{"line":93,"column":24},"end":{"line":114,"column":3}},"line":93},"9":{"name":"(anonymous_9)","decl":{"start":{"line":108,"column":31},"end":{"line":108,"column":32}},"loc":{"start":{"line":108,"column":41},"end":{"line":108,"column":86}},"line":108}},"branchMap":{"0":{"loc":{"start":{"line":9,"column":22},"end":{"line":9,"column":61}},"type":"binary-expr","locations":[{"start":{"line":9,"column":22},"end":{"line":9,"column":28}},{"start":{"line":9,"column":32},"end":{"line":9,"column":61}}],"line":9},"1":{"loc":{"start":{"line":16,"column":22},"end":{"line":16,"column":61}},"type":"binary-expr","locations":[{"start":{"line":16,"column":22},"end":{"line":16,"column":28}},{"start":{"line":16,"column":32},"end":{"line":16,"column":61}}],"line":16},"2":{"loc":{"start":{"line":32,"column":22},"end":{"line":32,"column":61}},"type":"binary-expr","locations":[{"start":{"line":32,"column":22},"end":{"line":32,"column":28}},{"start":{"line":32,"column":32},"end":{"line":32,"column":61}}],"line":32},"3":{"loc":{"start":{"line":46,"column":22},"end":{"line":46,"column":61}},"type":"binary-expr","locations":[{"start":{"line":46,"column":22},"end":{"line":46,"column":28}},{"start":{"line":46,"column":32},"end":{"line":46,"column":61}}],"line":46},"4":{"loc":{"start":{"line":47,"column":18},"end":{"line":47,"column":68}},"type":"binary-expr","locations":[{"start":{"line":47,"column":18},"end":{"line":47,"column":43}},{"start":{"line":47,"column":47},"end":{"line":47,"column":68}}],"line":47},"5":{"loc":{"start":{"line":49,"column":4},"end":{"line":51,"column":5}},"type":"if","locations":[{"start":{"line":49,"column":4},"end":{"line":51,"column":5}},{"start":{},"end":{}}],"line":49},"6":{"loc":{"start":{"line":66,"column":22},"end":{"line":66,"column":61}},"type":"binary-expr","locations":[{"start":{"line":66,"column":22},"end":{"line":66,"column":28}},{"start":{"line":66,"column":32},"end":{"line":66,"column":61}}],"line":66},"7":{"loc":{"start":{"line":72,"column":22},"end":{"line":72,"column":61}},"type":"binary-expr","locations":[{"start":{"line":72,"column":22},"end":{"line":72,"column":28}},{"start":{"line":72,"column":32},"end":{"line":72,"column":61}}],"line":72},"8":{"loc":{"start":{"line":78,"column":18},"end":{"line":78,"column":68}},"type":"binary-expr","locations":[{"start":{"line":78,"column":18},"end":{"line":78,"column":43}},{"start":{"line":78,"column":47},"end":{"line":78,"column":68}}],"line":78},"9":{"loc":{"start":{"line":79,"column":4},"end":{"line":81,"column":5}},"type":"if","locations":[{"start":{"line":79,"column":4},"end":{"line":81,"column":5}},{"start":{},"end":{}}],"line":79},"10":{"loc":{"start":{"line":103,"column":4},"end":{"line":105,"column":5}},"type":"if","locations":[{"start":{"line":103,"column":4},"end":{"line":105,"column":5}},{"start":{},"end":{}}],"line":103},"11":{"loc":{"start":{"line":107,"column":4},"end":{"line":109,"column":5}},"type":"if","locations":[{"start":{"line":107,"column":4},"end":{"line":109,"column":5}},{"start":{},"end":{}}],"line":107},"12":{"loc":{"start":{"line":107,"column":8},"end":{"line":107,"column":43}},"type":"binary-expr","locations":[{"start":{"line":107,"column":8},"end":{"line":107,"column":20}},{"start":{"line":107,"column":24},"end":{"line":107,"column":43}}],"line":107},"13":{"loc":{"start":{"line":108,"column":42},"end":{"line":108,"column":61}},"type":"cond-expr","locations":[{"start":{"line":108,"column":56},"end":{"line":108,"column":57}},{"start":{"line":108,"column":60},"end":{"line":108,"column":61}}],"line":108},"14":{"loc":{"start":{"line":108,"column":66},"end":{"line":108,"column":85}},"type":"cond-expr","locations":[{"start":{"line":108,"column":80},"end":{"line":108,"column":81}},{"start":{"line":108,"column":84},"end":{"line":108,"column":85}}],"line":108}},"s":{"0":0,"1":0,"2":0,"3":0,"4":0,"5":0,"6":0,"7":0,"8":0,"9":0,"10":0,"11":0,"12":0,"13":0,"14":0,"15":0,"16":0,"17":0,"18":0,"19":0,"20":0,"21":0,"22":0,"23":0,"24":0,"25":0,"26":0,"27":0,"28":0,"29":0,"30":0,"31":0,"32":0,"33":0,"34":0,"35":0,"36":0,"37":0,"38":0,"39":0,"40":7},"f":{"0":0,"1":0,"2":0,"3":0,"4":0,"5":0,"6":0,"7":0,"8":0,"9":0},"b":{"0":[0,0],"1":[0,0],"2":[0,0],"3":[0,0],"4":[0,0],"5":[0,0],"6":[0,0],"7":[0,0],"8":[0,0],"9":[0,0],"10":[0,0],"11":[0,0],"12":[0,0],"13":[0,0],"14":[0,0]},"inputSourceMap":null,"_coverageSchema":"1a1c01bbd47fc00a2c39e90264f33305004495a9","hash":"d327623debed0a2d4669c193fcdd1c4563ecf530"}
,"C:\\GITHUB\\Dating-app\\backend\\src\\controllers\\discovery.controller.js": {"path":"C:\\GITHUB\\Dating-app\\backend\\src\\controllers\\discovery.controller.js","statementMap":{"0":{"start":{"line":4,"column":35},"end":{"line":26,"column":1}},"1":{"start":{"line":6,"column":17},"end":{"line":6,"column":46}},"2":{"start":{"line":7,"column":17},"end":{"line":7,"column":74}},"3":{"start":{"line":8,"column":4},"end":{"line":8,"column":19}},"4":{"start":{"line":12,"column":18},"end":{"line":12,"column":65}},"5":{"start":{"line":13,"column":4},"end":{"line":13,"column":20}},"6":{"start":{"line":17,"column":20},"end":{"line":17,"column":82}},"7":{"start":{"line":18,"column":4},"end":{"line":18,"column":102}},"8":{"start":{"line":22,"column":33},"end":{"line":22,"column":41}},"9":{"start":{"line":23,"column":4},"end":{"line":23,"column":78}},"10":{"start":{"line":24,"column":4},"end":{"line":24,"column":44}}},"fnMap":{"0":{"name":"(anonymous_0)","decl":{"start":{"line":5,"column":2},"end":{"line":5,"column":3}},"loc":{"start":{"line":5,"column":35},"end":{"line":9,"column":3}},"line":5},"1":{"name":"(anonymous_1)","decl":{"start":{"line":11,"column":2},"end":{"line":11,"column":3}},"loc":{"start":{"line":11,"column":33},"end":{"line":14,"column":3}},"line":11},"2":{"name":"(anonymous_2)","decl":{"start":{"line":16,"column":2},"end":{"line":16,"column":3}},"loc":{"start":{"line":16,"column":36},"end":{"line":19,"column":3}},"line":16},"3":{"name":"(anonymous_3)","decl":{"start":{"line":21,"column":2},"end":{"line":21,"column":3}},"loc":{"start":{"line":21,"column":30},"end":{"line":25,"column":3}},"line":21}},"branchMap":{"0":{"loc":{"start":{"line":6,"column":17},"end":{"line":6,"column":46}},"type":"binary-expr","locations":[{"start":{"line":6,"column":17},"end":{"line":6,"column":41}},{"start":{"line":6,"column":45},"end":{"line":6,"column":46}}],"line":6}},"s":{"0":7,"1":0,"2":0,"3":0,"4":0,"5":0,"6":0,"7":0,"8":0,"9":0,"10":0},"f":{"0":0,"1":0,"2":0,"3":0},"b":{"0":[0,0]},"inputSourceMap":null,"_coverageSchema":"1a1c01bbd47fc00a2c39e90264f33305004495a9","hash":"06605e151e1ec7c97814aa6fa1ce83aca903499c"}
,"C:\\GITHUB\\Dating-app\\backend\\src\\controllers\\interaction.controller.js": {"path":"C:\\GITHUB\\Dating-app\\backend\\src\\controllers\\interaction.controller.js","statementMap":{"0":{"start":{"line":3,"column":37},"end":{"line":29,"column":1}},"1":{"start":{"line":5,"column":33},"end":{"line":5,"column":41}},"2":{"start":{"line":6,"column":19},"end":{"line":6,"column":86}},"3":{"start":{"line":7,"column":4},"end":{"line":7,"column":21}},"4":{"start":{"line":11,"column":20},"end":{"line":11,"column":67}},"5":{"start":{"line":12,"column":4},"end":{"line":12,"column":22}},"6":{"start":{"line":16,"column":18},"end":{"line":16,"column":63}},"7":{"start":{"line":17,"column":4},"end":{"line":17,"column":20}},"8":{"start":{"line":21,"column":20},"end":{"line":21,"column":67}},"9":{"start":{"line":22,"column":4},"end":{"line":22,"column":22}},"10":{"start":{"line":26,"column":4},"end":{"line":26,"column":68}},"11":{"start":{"line":27,"column":4},"end":{"line":27,"column":59}}},"fnMap":{"0":{"name":"(anonymous_0)","decl":{"start":{"line":4,"column":2},"end":{"line":4,"column":3}},"loc":{"start":{"line":4,"column":24},"end":{"line":8,"column":3}},"line":4},"1":{"name":"(anonymous_1)","decl":{"start":{"line":10,"column":2},"end":{"line":10,"column":3}},"loc":{"start":{"line":10,"column":29},"end":{"line":13,"column":3}},"line":10},"2":{"name":"(anonymous_2)","decl":{"start":{"line":15,"column":2},"end":{"line":15,"column":3}},"loc":{"start":{"line":15,"column":27},"end":{"line":18,"column":3}},"line":15},"3":{"name":"(anonymous_3)","decl":{"start":{"line":20,"column":2},"end":{"line":20,"column":3}},"loc":{"start":{"line":20,"column":29},"end":{"line":23,"column":3}},"line":20},"4":{"name":"(anonymous_4)","decl":{"start":{"line":25,"column":2},"end":{"line":25,"column":3}},"loc":{"start":{"line":25,"column":30},"end":{"line":28,"column":3}},"line":25}},"branchMap":{},"s":{"0":7,"1":0,"2":0,"3":0,"4":0,"5":0,"6":0,"7":0,"8":0,"9":0,"10":0,"11":0},"f":{"0":0,"1":0,"2":0,"3":0,"4":0},"b":{},"inputSourceMap":null,"_coverageSchema":"1a1c01bbd47fc00a2c39e90264f33305004495a9","hash":"0a9a6f13fc81ebda32eb034274cf0b0aaac67205"}
,"C:\\GITHUB\\Dating-app\\backend\\src\\controllers\\photo.controller.js": {"path":"C:\\GITHUB\\Dating-app\\backend\\src\\controllers\\photo.controller.js","statementMap":{"0":{"start":{"line":4,"column":31},"end":{"line":58,"column":1}},"1":{"start":{"line":6,"column":4},"end":{"line":8,"column":5}},"2":{"start":{"line":7,"column":6},"end":{"line":7,"column":52}},"3":{"start":{"line":11,"column":23},"end":{"line":11,"column":64}},"4":{"start":{"line":12,"column":4},"end":{"line":14,"column":5}},"5":{"start":{"line":13,"column":6},"end":{"line":13,"column":84}},"6":{"start":{"line":16,"column":22},"end":{"line":16,"column":82}},"7":{"start":{"line":18,"column":18},"end":{"line":23,"column":5}},"8":{"start":{"line":25,"column":4},"end":{"line":25,"column":32}},"9":{"start":{"line":29,"column":19},"end":{"line":29,"column":59}},"10":{"start":{"line":30,"column":4},"end":{"line":30,"column":21}},"11":{"start":{"line":34,"column":4},"end":{"line":34,"column":62}},"12":{"start":{"line":35,"column":4},"end":{"line":35,"column":56}},"13":{"start":{"line":39,"column":24},"end":{"line":39,"column":32}},"14":{"start":{"line":40,"column":4},"end":{"line":40,"column":67}},"15":{"start":{"line":40,"column":18},"end":{"line":40,"column":67}},"16":{"start":{"line":42,"column":20},"end":{"line":42,"column":75}},"17":{"start":{"line":43,"column":4},"end":{"line":43,"column":67}},"18":{"start":{"line":47,"column":25},"end":{"line":47,"column":77}},"19":{"start":{"line":48,"column":4},"end":{"line":48,"column":84}},"20":{"start":{"line":52,"column":25},"end":{"line":52,"column":77}},"21":{"start":{"line":53,"column":4},"end":{"line":55,"column":5}},"22":{"start":{"line":54,"column":6},"end":{"line":54,"column":60}},"23":{"start":{"line":56,"column":4},"end":{"line":56,"column":83}}},"fnMap":{"0":{"name":"(anonymous_0)","decl":{"start":{"line":5,"column":2},"end":{"line":5,"column":3}},"loc":{"start":{"line":5,"column":30},"end":{"line":26,"column":3}},"line":5},"1":{"name":"(anonymous_1)","decl":{"start":{"line":28,"column":2},"end":{"line":28,"column":3}},"loc":{"start":{"line":28,"column":28},"end":{"line":31,"column":3}},"line":28},"2":{"name":"(anonymous_2)","decl":{"start":{"line":33,"column":2},"end":{"line":33,"column":3}},"loc":{"start":{"line":33,"column":30},"end":{"line":36,"column":3}},"line":33},"3":{"name":"(anonymous_3)","decl":{"start":{"line":38,"column":2},"end":{"line":38,"column":3}},"loc":{"start":{"line":38,"column":29},"end":{"line":44,"column":3}},"line":38},"4":{"name":"(anonymous_4)","decl":{"start":{"line":46,"column":2},"end":{"line":46,"column":3}},"loc":{"start":{"line":46,"column":34},"end":{"line":49,"column":3}},"line":46},"5":{"name":"(anonymous_5)","decl":{"start":{"line":51,"column":2},"end":{"line":51,"column":3}},"loc":{"start":{"line":51,"column":32},"end":{"line":57,"column":3}},"line":51}},"branchMap":{"0":{"loc":{"start":{"line":6,"column":4},"end":{"line":8,"column":5}},"type":"if","locations":[{"start":{"line":6,"column":4},"end":{"line":8,"column":5}},{"start":{},"end":{}}],"line":6},"1":{"loc":{"start":{"line":12,"column":4},"end":{"line":14,"column":5}},"type":"if","locations":[{"start":{"line":12,"column":4},"end":{"line":14,"column":5}},{"start":{},"end":{}}],"line":12},"2":{"loc":{"start":{"line":16,"column":22},"end":{"line":16,"column":82}},"type":"binary-expr","locations":[{"start":{"line":16,"column":22},"end":{"line":16,"column":51}},{"start":{"line":16,"column":55},"end":{"line":16,"column":82}}],"line":16},"3":{"loc":{"start":{"line":40,"column":4},"end":{"line":40,"column":67}},"type":"if","locations":[{"start":{"line":40,"column":4},"end":{"line":40,"column":67}},{"start":{},"end":{}}],"line":40},"4":{"loc":{"start":{"line":48,"column":13},"end":{"line":48,"column":82}},"type":"binary-expr","locations":[{"start":{"line":48,"column":13},"end":{"line":48,"column":25}},{"start":{"line":48,"column":29},"end":{"line":48,"column":82}}],"line":48},"5":{"loc":{"start":{"line":53,"column":4},"end":{"line":55,"column":5}},"type":"if","locations":[{"start":{"line":53,"column":4},"end":{"line":55,"column":5}},{"start":{},"end":{}}],"line":53}},"s":{"0":7,"1":0,"2":0,"3":0,"4":0,"5":0,"6":0,"7":0,"8":0,"9":0,"10":0,"11":0,"12":0,"13":0,"14":0,"15":0,"16":0,"17":0,"18":0,"19":0,"20":0,"21":0,"22":0,"23":0},"f":{"0":0,"1":0,"2":0,"3":0,"4":0,"5":0},"b":{"0":[0,0],"1":[0,0],"2":[0,0],"3":[0,0],"4":[0,0],"5":[0,0]},"inputSourceMap":null,"_coverageSchema":"1a1c01bbd47fc00a2c39e90264f33305004495a9","hash":"d9cd7c4ec559546cfaa82a6c42104936f04e413b"}
,"C:\\GITHUB\\Dating-app\\backend\\src\\controllers\\profile.controller.js": {"path":"C:\\GITHUB\\Dating-app\\backend\\src\\controllers\\profile.controller.js","statementMap":{"0":{"start":{"line":3,"column":33},"end":{"line":76,"column":1}},"1":{"start":{"line":6,"column":33},"end":{"line":6,"column":41}},"2":{"start":{"line":7,"column":4},"end":{"line":7,"column":78}},"3":{"start":{"line":8,"column":4},"end":{"line":8,"column":55}},"4":{"start":{"line":12,"column":19},"end":{"line":12,"column":71}},"5":{"start":{"line":13,"column":4},"end":{"line":13,"column":21}},"6":{"start":{"line":18,"column":20},"end":{"line":18,"column":71}},"7":{"start":{"line":19,"column":4},"end":{"line":19,"column":22}},"8":{"start":{"line":23,"column":20},"end":{"line":23,"column":76}},"9":{"start":{"line":24,"column":4},"end":{"line":24,"column":34}},"10":{"start":{"line":28,"column":20},"end":{"line":28,"column":76}},"11":{"start":{"line":29,"column":4},"end":{"line":29,"column":62}},"12":{"start":{"line":30,"column":4},"end":{"line":30,"column":22}},"13":{"start":{"line":35,"column":17},"end":{"line":35,"column":64}},"14":{"start":{"line":36,"column":4},"end":{"line":36,"column":19}},"15":{"start":{"line":40,"column":17},"end":{"line":40,"column":77}},"16":{"start":{"line":41,"column":4},"end":{"line":41,"column":19}},"17":{"start":{"line":46,"column":21},"end":{"line":46,"column":65}},"18":{"start":{"line":47,"column":4},"end":{"line":47,"column":23}},"19":{"start":{"line":51,"column":21},"end":{"line":51,"column":78}},"20":{"start":{"line":52,"column":4},"end":{"line":52,"column":23}},"21":{"start":{"line":57,"column":36},"end":{"line":57,"column":44}},"22":{"start":{"line":58,"column":20},"end":{"line":58,"column":88}},"23":{"start":{"line":59,"column":4},"end":{"line":59,"column":55}},"24":{"start":{"line":64,"column":4},"end":{"line":64,"column":55}},"25":{"start":{"line":65,"column":4},"end":{"line":65,"column":49}},"26":{"start":{"line":69,"column":4},"end":{"line":69,"column":55}},"27":{"start":{"line":70,"column":4},"end":{"line":70,"column":45}},"28":{"start":{"line":74,"column":4},"end":{"line":74,"column":81}}},"fnMap":{"0":{"name":"(anonymous_0)","decl":{"start":{"line":5,"column":2},"end":{"line":5,"column":3}},"loc":{"start":{"line":5,"column":35},"end":{"line":9,"column":3}},"line":5},"1":{"name":"(anonymous_1)","decl":{"start":{"line":11,"column":2},"end":{"line":11,"column":3}},"loc":{"start":{"line":11,"column":32},"end":{"line":14,"column":3}},"line":11},"2":{"name":"(anonymous_2)","decl":{"start":{"line":17,"column":2},"end":{"line":17,"column":3}},"loc":{"start":{"line":17,"column":31},"end":{"line":20,"column":3}},"line":17},"3":{"name":"(anonymous_3)","decl":{"start":{"line":22,"column":2},"end":{"line":22,"column":3}},"loc":{"start":{"line":22,"column":32},"end":{"line":25,"column":3}},"line":22},"4":{"name":"(anonymous_4)","decl":{"start":{"line":27,"column":2},"end":{"line":27,"column":3}},"loc":{"start":{"line":27,"column":32},"end":{"line":31,"column":3}},"line":27},"5":{"name":"(anonymous_5)","decl":{"start":{"line":34,"column":2},"end":{"line":34,"column":3}},"loc":{"start":{"line":34,"column":33},"end":{"line":37,"column":3}},"line":34},"6":{"name":"(anonymous_6)","decl":{"start":{"line":39,"column":2},"end":{"line":39,"column":3}},"loc":{"start":{"line":39,"column":36},"end":{"line":42,"column":3}},"line":39},"7":{"name":"(anonymous_7)","decl":{"start":{"line":45,"column":2},"end":{"line":45,"column":3}},"loc":{"start":{"line":45,"column":30},"end":{"line":48,"column":3}},"line":45},"8":{"name":"(anonymous_8)","decl":{"start":{"line":50,"column":2},"end":{"line":50,"column":3}},"loc":{"start":{"line":50,"column":33},"end":{"line":53,"column":3}},"line":50},"9":{"name":"(anonymous_9)","decl":{"start":{"line":56,"column":2},"end":{"line":56,"column":3}},"loc":{"start":{"line":56,"column":33},"end":{"line":60,"column":3}},"line":56},"10":{"name":"(anonymous_10)","decl":{"start":{"line":63,"column":2},"end":{"line":63,"column":3}},"loc":{"start":{"line":63,"column":36},"end":{"line":66,"column":3}},"line":63},"11":{"name":"(anonymous_11)","decl":{"start":{"line":68,"column":2},"end":{"line":68,"column":3}},"loc":{"start":{"line":68,"column":32},"end":{"line":71,"column":3}},"line":68},"12":{"name":"(anonymous_12)","decl":{"start":{"line":73,"column":2},"end":{"line":73,"column":3}},"loc":{"start":{"line":73,"column":57},"end":{"line":75,"column":3}},"line":73}},"branchMap":{},"s":{"0":7,"1":0,"2":0,"3":0,"4":0,"5":0,"6":0,"7":0,"8":0,"9":0,"10":0,"11":0,"12":0,"13":0,"14":0,"15":0,"16":0,"17":0,"18":0,"19":0,"20":0,"21":0,"22":0,"23":0,"24":0,"25":0,"26":0,"27":0,"28":0},"f":{"0":0,"1":0,"2":0,"3":0,"4":0,"5":0,"6":0,"7":0,"8":0,"9":0,"10":0,"11":0,"12":0},"b":{},"inputSourceMap":null,"_coverageSchema":"1a1c01bbd47fc00a2c39e90264f33305004495a9","hash":"d5ace47309fa92e4efbb8ca1fb7253406707bce7"}
,"C:\\GITHUB\\Dating-app\\backend\\src\\controllers\\realtime.controller.js": {"path":"C:\\GITHUB\\Dating-app\\backend\\src\\controllers\\realtime.controller.js","statementMap":{"0":{"start":{"line":6,"column":34},"end":{"line":63,"column":1}},"1":{"start":{"line":9,"column":18},"end":{"line":9,"column":76}},"2":{"start":{"line":10,"column":4},"end":{"line":10,"column":20}},"3":{"start":{"line":15,"column":17},"end":{"line":15,"column":85}},"4":{"start":{"line":16,"column":4},"end":{"line":16,"column":19}},"5":{"start":{"line":21,"column":31},"end":{"line":21,"column":41}},"6":{"start":{"line":24,"column":4},"end":{"line":24,"column":74}},"7":{"start":{"line":26,"column":21},"end":{"line":31,"column":6}},"8":{"start":{"line":33,"column":4},"end":{"line":33,"column":33}},"9":{"start":{"line":38,"column":46},"end":{"line":38,"column":54}},"10":{"start":{"line":41,"column":19},"end":{"line":46,"column":6}},"11":{"start":{"line":48,"column":4},"end":{"line":48,"column":21}},"12":{"start":{"line":53,"column":27},"end":{"line":53,"column":35}},"13":{"start":{"line":56,"column":4},"end":{"line":59,"column":7}},"14":{"start":{"line":61,"column":4},"end":{"line":61,"column":32}}},"fnMap":{"0":{"name":"(anonymous_0)","decl":{"start":{"line":8,"column":2},"end":{"line":8,"column":3}},"loc":{"start":{"line":8,"column":35},"end":{"line":11,"column":3}},"line":8},"1":{"name":"(anonymous_1)","decl":{"start":{"line":14,"column":2},"end":{"line":14,"column":3}},"loc":{"start":{"line":14,"column":34},"end":{"line":17,"column":3}},"line":14},"2":{"name":"(anonymous_2)","decl":{"start":{"line":20,"column":2},"end":{"line":20,"column":3}},"loc":{"start":{"line":20,"column":30},"end":{"line":34,"column":3}},"line":20},"3":{"name":"(anonymous_3)","decl":{"start":{"line":37,"column":2},"end":{"line":37,"column":3}},"loc":{"start":{"line":37,"column":30},"end":{"line":49,"column":3}},"line":37},"4":{"name":"(anonymous_4)","decl":{"start":{"line":52,"column":2},"end":{"line":52,"column":3}},"loc":{"start":{"line":52,"column":27},"end":{"line":62,"column":3}},"line":52}},"branchMap":{},"s":{"0":7,"1":0,"2":0,"3":0,"4":0,"5":0,"6":0,"7":0,"8":0,"9":0,"10":0,"11":0,"12":0,"13":0,"14":0},"f":{"0":0,"1":0,"2":0,"3":0,"4":0},"b":{},"inputSourceMap":null,"_coverageSchema":"1a1c01bbd47fc00a2c39e90264f33305004495a9","hash":"b99ffa7cc75944e0fcb946a63f407b989e0b7d13"}
,"C:\\GITHUB\\Dating-app\\backend\\src\\middleware\\auth.middleware.js": {"path":"C:\\GITHUB\\Dating-app\\backend\\src\\middleware\\auth.middleware.js","statementMap":{"0":{"start":{"line":5,"column":21},"end":{"line":5,"column":49}},"1":{"start":{"line":6,"column":16},"end":{"line":6,"column":54}},"2":{"start":{"line":8,"column":2},"end":{"line":10,"column":3}},"3":{"start":{"line":9,"column":4},"end":{"line":9,"column":78}},"4":{"start":{"line":12,"column":2},"end":{"line":19,"column":3}},"5":{"start":{"line":13,"column":17},"end":{"line":13,"column":52}},"6":{"start":{"line":14,"column":4},"end":{"line":14,"column":29}},"7":{"start":{"line":15,"column":4},"end":{"line":15,"column":29}},"8":{"start":{"line":16,"column":4},"end":{"line":16,"column":11}},"9":{"start":{"line":18,"column":4},"end":{"line":18,"column":14}}},"fnMap":{"0":{"name":"authenticateToken","decl":{"start":{"line":4,"column":16},"end":{"line":4,"column":33}},"loc":{"start":{"line":4,"column":50},"end":{"line":20,"column":1}},"line":4}},"branchMap":{"0":{"loc":{"start":{"line":6,"column":16},"end":{"line":6,"column":54}},"type":"binary-expr","locations":[{"start":{"line":6,"column":16},"end":{"line":6,"column":26}},{"start":{"line":6,"column":30},"end":{"line":6,"column":54}}],"line":6},"1":{"loc":{"start":{"line":8,"column":2},"end":{"line":10,"column":3}},"type":"if","locations":[{"start":{"line":8,"column":2},"end":{"line":10,"column":3}},{"start":{},"end":{}}],"line":8}},"s":{"0":21,"1":21,"2":21,"3":21,"4":0,"5":0,"6":0,"7":0,"8":0,"9":0},"f":{"0":21},"b":{"0":[21,0],"1":[21,0]},"inputSourceMap":null,"_coverageSchema":"1a1c01bbd47fc00a2c39e90264f33305004495a9","hash":"9f00d7ffadcab85986d301a7029742a7a8bced07"}
,"C:\\GITHUB\\Dating-app\\backend\\src\\middleware\\errorHandler.js": {"path":"C:\\GITHUB\\Dating-app\\backend\\src\\middleware\\errorHandler.js","statementMap":{"0":{"start":{"line":4,"column":28},"end":{"line":35,"column":1}},"1":{"start":{"line":5,"column":2},"end":{"line":5,"column":41}},"2":{"start":{"line":6,"column":2},"end":{"line":6,"column":37}},"3":{"start":{"line":8,"column":2},"end":{"line":17,"column":3}},"4":{"start":{"line":9,"column":4},"end":{"line":9,"column":65}},"5":{"start":{"line":10,"column":4},"end":{"line":16,"column":7}},"6":{"start":{"line":20,"column":2},"end":{"line":27,"column":3}},"7":{"start":{"line":21,"column":4},"end":{"line":21,"column":54}},"8":{"start":{"line":22,"column":4},"end":{"line":26,"column":7}},"9":{"start":{"line":30,"column":2},"end":{"line":30,"column":44}},"10":{"start":{"line":31,"column":2},"end":{"line":34,"column":5}}},"fnMap":{"0":{"name":"(anonymous_0)","decl":{"start":{"line":4,"column":28},"end":{"line":4,"column":29}},"loc":{"start":{"line":4,"column":53},"end":{"line":35,"column":1}},"line":4}},"branchMap":{"0":{"loc":{"start":{"line":5,"column":19},"end":{"line":5,"column":40}},"type":"binary-expr","locations":[{"start":{"line":5,"column":19},"end":{"line":5,"column":33}},{"start":{"line":5,"column":37},"end":{"line":5,"column":40}}],"line":5},"1":{"loc":{"start":{"line":6,"column":15},"end":{"line":6,"column":36}},"type":"binary-expr","locations":[{"start":{"line":6,"column":15},"end":{"line":6,"column":25}},{"start":{"line":6,"column":29},"end":{"line":6,"column":36}}],"line":6},"2":{"loc":{"start":{"line":8,"column":2},"end":{"line":17,"column":3}},"type":"if","locations":[{"start":{"line":8,"column":2},"end":{"line":17,"column":3}},{"start":{},"end":{}}],"line":8},"3":{"loc":{"start":{"line":15,"column":15},"end":{"line":15,"column":39}},"type":"binary-expr","locations":[{"start":{"line":15,"column":15},"end":{"line":15,"column":26}},{"start":{"line":15,"column":30},"end":{"line":15,"column":39}}],"line":15},"4":{"loc":{"start":{"line":20,"column":2},"end":{"line":27,"column":3}},"type":"if","locations":[{"start":{"line":20,"column":2},"end":{"line":27,"column":3}},{"start":{},"end":{}}],"line":20},"5":{"loc":{"start":{"line":25,"column":15},"end":{"line":25,"column":39}},"type":"binary-expr","locations":[{"start":{"line":25,"column":15},"end":{"line":25,"column":26}},{"start":{"line":25,"column":30},"end":{"line":25,"column":39}}],"line":25}},"s":{"0":7,"1":23,"2":23,"3":23,"4":0,"5":0,"6":23,"7":23,"8":23,"9":0,"10":0},"f":{"0":23},"b":{"0":[23,0],"1":[23,0],"2":[0,23],"3":[0,0],"4":[23,0],"5":[23,21]},"inputSourceMap":null,"_coverageSchema":"1a1c01bbd47fc00a2c39e90264f33305004495a9","hash":"8a2c2237b172109f256bad95f6bd4f8180687309"}
,"C:\\GITHUB\\Dating-app\\backend\\src\\middleware\\rateLimit.js": {"path":"C:\\GITHUB\\Dating-app\\backend\\src\\middleware\\rateLimit.js","statementMap":{"0":{"start":{"line":3,"column":31},"end":{"line":9,"column":2}}},"fnMap":{},"branchMap":{},"s":{"0":7},"f":{},"b":{},"inputSourceMap":null,"_coverageSchema":"1a1c01bbd47fc00a2c39e90264f33305004495a9","hash":"5dadce143637082127fedd8ab71bbd46442394d6"}
,"C:\\GITHUB\\Dating-app\\backend\\src\\middleware\\role.middleware.js": {"path":"C:\\GITHUB\\Dating-app\\backend\\src\\middleware\\role.middleware.js","statementMap":{"0":{"start":{"line":4,"column":27},"end":{"line":25,"column":1}},"1":{"start":{"line":5,"column":2},"end":{"line":24,"column":4}},"2":{"start":{"line":6,"column":4},"end":{"line":23,"column":5}},"3":{"start":{"line":7,"column":19},"end":{"line":10,"column":8}},"4":{"start":{"line":12,"column":6},"end":{"line":14,"column":7}},"5":{"start":{"line":13,"column":8},"end":{"line":13,"column":55}},"6":{"start":{"line":16,"column":6},"end":{"line":18,"column":7}},"7":{"start":{"line":17,"column":8},"end":{"line":17,"column":79}},"8":{"start":{"line":20,"column":6},"end":{"line":20,"column":13}},"9":{"start":{"line":22,"column":6},"end":{"line":22,"column":16}}},"fnMap":{"0":{"name":"(anonymous_0)","decl":{"start":{"line":4,"column":27},"end":{"line":4,"column":28}},"loc":{"start":{"line":4,"column":38},"end":{"line":25,"column":1}},"line":4},"1":{"name":"(anonymous_1)","decl":{"start":{"line":5,"column":9},"end":{"line":5,"column":10}},"loc":{"start":{"line":5,"column":35},"end":{"line":24,"column":3}},"line":5}},"branchMap":{"0":{"loc":{"start":{"line":12,"column":6},"end":{"line":14,"column":7}},"type":"if","locations":[{"start":{"line":12,"column":6},"end":{"line":14,"column":7}},{"start":{},"end":{}}],"line":12},"1":{"loc":{"start":{"line":16,"column":6},"end":{"line":18,"column":7}},"type":"if","locations":[{"start":{"line":16,"column":6},"end":{"line":18,"column":7}},{"start":{},"end":{}}],"line":16}},"s":{"0":0,"1":0,"2":0,"3":0,"4":0,"5":0,"6":0,"7":0,"8":0,"9":0},"f":{"0":0,"1":0},"b":{"0":[0,0],"1":[0,0]},"inputSourceMap":null}
,"C:\\GITHUB\\Dating-app\\backend\\src\\middleware\\validate.js": {"path":"C:\\GITHUB\\Dating-app\\backend\\src\\middleware\\validate.js","statementMap":{"0":{"start":{"line":4,"column":24},"end":{"line":15,"column":1}},"1":{"start":{"line":4,"column":36},"end":{"line":15,"column":1}},"2":{"start":{"line":5,"column":2},"end":{"line":14,"column":3}},"3":{"start":{"line":6,"column":4},"end":{"line":6,"column":38}},"4":{"start":{"line":7,"column":4},"end":{"line":7,"column":11}},"5":{"start":{"line":9,"column":4},"end":{"line":13,"column":5}},"6":{"start":{"line":10,"column":6},"end":{"line":10,"column":65}},"7":{"start":{"line":12,"column":6},"end":{"line":12,"column":16}}},"fnMap":{"0":{"name":"(anonymous_0)","decl":{"start":{"line":4,"column":24},"end":{"line":4,"column":25}},"loc":{"start":{"line":4,"column":36},"end":{"line":15,"column":1}},"line":4},"1":{"name":"(anonymous_1)","decl":{"start":{"line":4,"column":36},"end":{"line":4,"column":37}},"loc":{"start":{"line":4,"column":56},"end":{"line":15,"column":1}},"line":4}},"branchMap":{"0":{"loc":{"start":{"line":9,"column":4},"end":{"line":13,"column":5}},"type":"if","locations":[{"start":{"line":9,"column":4},"end":{"line":13,"column":5}},{"start":{"line":11,"column":11},"end":{"line":13,"column":5}}],"line":9}},"s":{"0":7,"1":35,"2":2,"3":2,"4":0,"5":2,"6":2,"7":0},"f":{"0":35,"1":2},"b":{"0":[2,0]},"inputSourceMap":null,"_coverageSchema":"1a1c01bbd47fc00a2c39e90264f33305004495a9","hash":"498947fe5aeafa4b9e68fbf99fb3740851e50599"}
,"C:\\GITHUB\\Dating-app\\backend\\src\\services\\StorageService.js": {"path":"C:\\GITHUB\\Dating-app\\backend\\src\\services\\StorageService.js","statementMap":{"0":{"start":{"line":6,"column":21},"end":{"line":6,"column":56}},"1":{"start":{"line":9,"column":4},"end":{"line":14,"column":5}},"2":{"start":{"line":10,"column":6},"end":{"line":10,"column":58}},"3":{"start":{"line":11,"column":6},"end":{"line":11,"column":68}},"4":{"start":{"line":13,"column":6},"end":{"line":13,"column":72}},"5":{"start":{"line":18,"column":4},"end":{"line":18,"column":26}},"6":{"start":{"line":18,"column":19},"end":{"line":18,"column":26}},"7":{"start":{"line":19,"column":4},"end":{"line":27,"column":5}},"8":{"start":{"line":20,"column":23},"end":{"line":20,"column":58}},"9":{"start":{"line":21,"column":6},"end":{"line":21,"column":32}},"10":{"start":{"line":22,"column":6},"end":{"line":22,"column":47}},"11":{"start":{"line":24,"column":6},"end":{"line":26,"column":7}},"12":{"start":{"line":25,"column":8},"end":{"line":25,"column":74}}},"fnMap":{"0":{"name":"(anonymous_0)","decl":{"start":{"line":8,"column":2},"end":{"line":8,"column":3}},"loc":{"start":{"line":8,"column":22},"end":{"line":15,"column":3}},"line":8},"1":{"name":"(anonymous_1)","decl":{"start":{"line":17,"column":2},"end":{"line":17,"column":3}},"loc":{"start":{"line":17,"column":36},"end":{"line":28,"column":3}},"line":17}},"branchMap":{"0":{"loc":{"start":{"line":18,"column":4},"end":{"line":18,"column":26}},"type":"if","locations":[{"start":{"line":18,"column":4},"end":{"line":18,"column":26}},{"start":{},"end":{}}],"line":18},"1":{"loc":{"start":{"line":24,"column":6},"end":{"line":26,"column":7}},"type":"if","locations":[{"start":{"line":24,"column":6},"end":{"line":26,"column":7}},{"start":{},"end":{}}],"line":24}},"s":{"0":0,"1":0,"2":0,"3":0,"4":0,"5":0,"6":0,"7":0,"8":0,"9":0,"10":0,"11":0,"12":0},"f":{"0":0,"1":0},"b":{"0":[0,0],"1":[0,0]},"inputSourceMap":null}
,"C:\\GITHUB\\Dating-app\\backend\\src\\services\\ai.service.js": {"path":"C:\\GITHUB\\Dating-app\\backend\\src\\services\\ai.service.js","statementMap":{"0":{"start":{"line":11,"column":25},"end":{"line":11,"column":50}},"1":{"start":{"line":13,"column":4},"end":{"line":18,"column":5}},"2":{"start":{"line":14,"column":6},"end":{"line":14,"column":43}},"3":{"start":{"line":17,"column":6},"end":{"line":17,"column":43}},"4":{"start":{"line":20,"column":4},"end":{"line":20,"column":86}},"5":{"start":{"line":24,"column":4},"end":{"line":30,"column":5}},"6":{"start":{"line":25,"column":21},"end":{"line":25,"column":67}},"7":{"start":{"line":26,"column":6},"end":{"line":26,"column":69}},"8":{"start":{"line":28,"column":6},"end":{"line":28,"column":61}},"9":{"start":{"line":29,"column":6},"end":{"line":29,"column":16}},"10":{"start":{"line":34,"column":4},"end":{"line":49,"column":5}},"11":{"start":{"line":35,"column":29},"end":{"line":39,"column":46}},"12":{"start":{"line":43,"column":19},"end":{"line":43,"column":90}},"13":{"start":{"line":44,"column":6},"end":{"line":44,"column":18}},"14":{"start":{"line":46,"column":6},"end":{"line":46,"column":71}},"15":{"start":{"line":48,"column":6},"end":{"line":48,"column":70}},"16":{"start":{"line":53,"column":16},"end":{"line":53,"column":19}},"17":{"start":{"line":54,"column":27},"end":{"line":54,"column":29}},"18":{"start":{"line":55,"column":17},"end":{"line":55,"column":27}},"19":{"start":{"line":57,"column":4},"end":{"line":61,"column":5}},"20":{"start":{"line":58,"column":6},"end":{"line":58,"column":18}},"21":{"start":{"line":59,"column":6},"end":{"line":59,"column":101}},"22":{"start":{"line":60,"column":6},"end":{"line":60,"column":26}},"23":{"start":{"line":63,"column":4},"end":{"line":67,"column":5}},"24":{"start":{"line":64,"column":6},"end":{"line":64,"column":18}},"25":{"start":{"line":65,"column":6},"end":{"line":65,"column":49}},"26":{"start":{"line":66,"column":6},"end":{"line":66,"column":31}},"27":{"start":{"line":69,"column":4},"end":{"line":73,"column":5}},"28":{"start":{"line":70,"column":6},"end":{"line":70,"column":19}},"29":{"start":{"line":71,"column":6},"end":{"line":71,"column":51}},"30":{"start":{"line":72,"column":6},"end":{"line":72,"column":26}},"31":{"start":{"line":75,"column":4},"end":{"line":79,"column":5}},"32":{"start":{"line":76,"column":6},"end":{"line":76,"column":19}},"33":{"start":{"line":77,"column":6},"end":{"line":77,"column":47}},"34":{"start":{"line":78,"column":6},"end":{"line":78,"column":26}},"35":{"start":{"line":81,"column":4},"end":{"line":84,"column":5}},"36":{"start":{"line":82,"column":6},"end":{"line":82,"column":18}},"37":{"start":{"line":83,"column":6},"end":{"line":83,"column":48}},"38":{"start":{"line":86,"column":4},"end":{"line":90,"column":5}},"39":{"start":{"line":87,"column":6},"end":{"line":87,"column":18}},"40":{"start":{"line":88,"column":6},"end":{"line":88,"column":54}},"41":{"start":{"line":89,"column":6},"end":{"line":89,"column":26}},"42":{"start":{"line":92,"column":4},"end":{"line":95,"column":5}},"43":{"start":{"line":93,"column":6},"end":{"line":93,"column":18}},"44":{"start":{"line":94,"column":6},"end":{"line":94,"column":47}},"45":{"start":{"line":97,"column":4},"end":{"line":101,"column":6}},"46":{"start":{"line":105,"column":25},"end":{"line":105,"column":40}}},"fnMap":{"0":{"name":"(anonymous_0)","decl":{"start":{"line":9,"column":2},"end":{"line":9,"column":3}},"loc":{"start":{"line":9,"column":16},"end":{"line":21,"column":3}},"line":9},"1":{"name":"(anonymous_1)","decl":{"start":{"line":23,"column":2},"end":{"line":23,"column":3}},"loc":{"start":{"line":23,"column":35},"end":{"line":31,"column":3}},"line":23},"2":{"name":"(anonymous_2)","decl":{"start":{"line":33,"column":2},"end":{"line":33,"column":3}},"loc":{"start":{"line":33,"column":39},"end":{"line":50,"column":3}},"line":33},"3":{"name":"(anonymous_3)","decl":{"start":{"line":52,"column":2},"end":{"line":52,"column":3}},"loc":{"start":{"line":52,"column":43},"end":{"line":102,"column":3}},"line":52}},"branchMap":{"0":{"loc":{"start":{"line":11,"column":25},"end":{"line":11,"column":50}},"type":"binary-expr","locations":[{"start":{"line":11,"column":25},"end":{"line":11,"column":40}},{"start":{"line":11,"column":44},"end":{"line":11,"column":50}}],"line":11},"1":{"loc":{"start":{"line":13,"column":4},"end":{"line":18,"column":5}},"type":"if","locations":[{"start":{"line":13,"column":4},"end":{"line":18,"column":5}},{"start":{"line":15,"column":11},"end":{"line":18,"column":5}}],"line":13},"2":{"loc":{"start":{"line":57,"column":4},"end":{"line":61,"column":5}},"type":"if","locations":[{"start":{"line":57,"column":4},"end":{"line":61,"column":5}},{"start":{},"end":{}}],"line":57},"3":{"loc":{"start":{"line":59,"column":26},"end":{"line":59,"column":99}},"type":"cond-expr","locations":[{"start":{"line":59,"column":53},"end":{"line":59,"column":71}},{"start":{"line":59,"column":74},"end":{"line":59,"column":99}}],"line":59},"4":{"loc":{"start":{"line":63,"column":4},"end":{"line":67,"column":5}},"type":"if","locations":[{"start":{"line":63,"column":4},"end":{"line":67,"column":5}},{"start":{},"end":{}}],"line":63},"5":{"loc":{"start":{"line":69,"column":4},"end":{"line":73,"column":5}},"type":"if","locations":[{"start":{"line":69,"column":4},"end":{"line":73,"column":5}},{"start":{},"end":{}}],"line":69},"6":{"loc":{"start":{"line":75,"column":4},"end":{"line":79,"column":5}},"type":"if","locations":[{"start":{"line":75,"column":4},"end":{"line":79,"column":5}},{"start":{},"end":{}}],"line":75},"7":{"loc":{"start":{"line":81,"column":4},"end":{"line":84,"column":5}},"type":"if","locations":[{"start":{"line":81,"column":4},"end":{"line":84,"column":5}},{"start":{},"end":{}}],"line":81},"8":{"loc":{"start":{"line":86,"column":4},"end":{"line":90,"column":5}},"type":"if","locations":[{"start":{"line":86,"column":4},"end":{"line":90,"column":5}},{"start":{},"end":{}}],"line":86},"9":{"loc":{"start":{"line":92,"column":4},"end":{"line":95,"column":5}},"type":"if","locations":[{"start":{"line":92,"column":4},"end":{"line":95,"column":5}},{"start":{},"end":{}}],"line":92},"10":{"loc":{"start":{"line":92,"column":8},"end":{"line":92,"column":61}},"type":"binary-expr","locations":[{"start":{"line":92,"column":8},"end":{"line":92,"column":31}},{"start":{"line":92,"column":35},"end":{"line":92,"column":61}}],"line":92}},"s":{"0":0,"1":0,"2":0,"3":0,"4":0,"5":0,"6":0,"7":0,"8":0,"9":0,"10":0,"11":0,"12":0,"13":0,"14":0,"15":0,"16":0,"17":0,"18":0,"19":0,"20":0,"21":0,"22":0,"23":0,"24":0,"25":0,"26":0,"27":0,"28":0,"29":0,"30":0,"31":0,"32":0,"33":0,"34":0,"35":0,"36":0,"37":0,"38":0,"39":0,"40":0,"41":0,"42":0,"43":0,"44":0,"45":0,"46":0},"f":{"0":0,"1":0,"2":0,"3":0},"b":{"0":[0,0],"1":[0,0],"2":[0,0],"3":[0,0],"4":[0,0],"5":[0,0],"6":[0,0],"7":[0,0],"8":[0,0],"9":[0,0],"10":[0,0]},"inputSourceMap":null}
,"C:\\GITHUB\\Dating-app\\backend\\src\\services\\auth.service.js": {"path":"C:\\GITHUB\\Dating-app\\backend\\src\\services\\auth.service.js","statementMap":{"0":{"start":{"line":9,"column":25},"end":{"line":13,"column":6}},"1":{"start":{"line":15,"column":4},"end":{"line":19,"column":5}},"2":{"start":{"line":16,"column":6},"end":{"line":18,"column":7}},"3":{"start":{"line":17,"column":8},"end":{"line":17,"column":96}},"4":{"start":{"line":21,"column":17},"end":{"line":21,"column":41}},"5":{"start":{"line":22,"column":25},"end":{"line":22,"column":58}},"6":{"start":{"line":25,"column":4},"end":{"line":34,"column":5}},"7":{"start":{"line":26,"column":6},"end":{"line":29,"column":9}},"8":{"start":{"line":31,"column":6},"end":{"line":33,"column":9}},"9":{"start":{"line":36,"column":20},"end":{"line":36,"column":74}},"10":{"start":{"line":37,"column":22},"end":{"line":37,"column":59}},"11":{"start":{"line":39,"column":4},"end":{"line":43,"column":7}},"12":{"start":{"line":45,"column":4},"end":{"line":45,"column":68}},"13":{"start":{"line":47,"column":4},"end":{"line":47,"column":88}},"14":{"start":{"line":49,"column":4},"end":{"line":49,"column":16}},"15":{"start":{"line":53,"column":22},"end":{"line":55,"column":6}},"16":{"start":{"line":57,"column":4},"end":{"line":59,"column":5}},"17":{"start":{"line":58,"column":6},"end":{"line":58,"column":63}},"18":{"start":{"line":61,"column":17},"end":{"line":64,"column":6}},"19":{"start":{"line":66,"column":4},"end":{"line":66,"column":61}},"20":{"start":{"line":68,"column":4},"end":{"line":68,"column":69}},"21":{"start":{"line":69,"column":4},"end":{"line":69,"column":93}},"22":{"start":{"line":71,"column":24},"end":{"line":71,"column":60}},"23":{"start":{"line":72,"column":25},"end":{"line":72,"column":82}},"24":{"start":{"line":74,"column":4},"end":{"line":74,"column":47}},"25":{"start":{"line":78,"column":17},"end":{"line":82,"column":6}},"26":{"start":{"line":84,"column":4},"end":{"line":87,"column":5}},"27":{"start":{"line":85,"column":6},"end":{"line":85,"column":84}},"28":{"start":{"line":86,"column":6},"end":{"line":86,"column":70}},"29":{"start":{"line":89,"column":4},"end":{"line":92,"column":5}},"30":{"start":{"line":90,"column":6},"end":{"line":90,"column":84}},"31":{"start":{"line":91,"column":6},"end":{"line":91,"column":94}},"32":{"start":{"line":94,"column":26},"end":{"line":94,"column":75}},"33":{"start":{"line":95,"column":4},"end":{"line":108,"column":5}},"34":{"start":{"line":96,"column":29},"end":{"line":96,"column":57}},"35":{"start":{"line":97,"column":23},"end":{"line":97,"column":62}},"36":{"start":{"line":99,"column":6},"end":{"line":103,"column":7}},"37":{"start":{"line":100,"column":8},"end":{"line":100,"column":37}},"38":{"start":{"line":101,"column":8},"end":{"line":101,"column":72}},"39":{"start":{"line":102,"column":8},"end":{"line":102,"column":122}},"40":{"start":{"line":105,"column":6},"end":{"line":105,"column":77}},"41":{"start":{"line":106,"column":6},"end":{"line":106,"column":86}},"42":{"start":{"line":107,"column":6},"end":{"line":107,"column":70}},"43":{"start":{"line":110,"column":4},"end":{"line":113,"column":5}},"44":{"start":{"line":111,"column":6},"end":{"line":111,"column":86}},"45":{"start":{"line":112,"column":6},"end":{"line":112,"column":83}},"46":{"start":{"line":116,"column":4},"end":{"line":119,"column":7}},"47":{"start":{"line":121,"column":4},"end":{"line":121,"column":63}},"48":{"start":{"line":122,"column":4},"end":{"line":122,"column":73}},"49":{"start":{"line":124,"column":24},"end":{"line":124,"column":60}},"50":{"start":{"line":125,"column":25},"end":{"line":125,"column":82}},"51":{"start":{"line":127,"column":4},"end":{"line":127,"column":47}},"52":{"start":{"line":131,"column":17},"end":{"line":131,"column":67}},"53":{"start":{"line":132,"column":4},"end":{"line":135,"column":5}},"54":{"start":{"line":134,"column":6},"end":{"line":134,"column":13}},"55":{"start":{"line":137,"column":20},"end":{"line":137,"column":74}},"56":{"start":{"line":138,"column":22},"end":{"line":138,"column":59}},"57":{"start":{"line":140,"column":4},"end":{"line":144,"column":7}},"58":{"start":{"line":146,"column":4},"end":{"line":146,"column":70}},"59":{"start":{"line":147,"column":4},"end":{"line":147,"column":104}},"60":{"start":{"line":151,"column":22},"end":{"line":153,"column":6}},"61":{"start":{"line":155,"column":4},"end":{"line":157,"column":5}},"62":{"start":{"line":156,"column":6},"end":{"line":156,"column":70}},"63":{"start":{"line":159,"column":17},"end":{"line":159,"column":41}},"64":{"start":{"line":160,"column":25},"end":{"line":160,"column":61}},"65":{"start":{"line":162,"column":17},"end":{"line":165,"column":6}},"66":{"start":{"line":167,"column":4},"end":{"line":167,"column":61}},"67":{"start":{"line":170,"column":4},"end":{"line":170,"column":50}},"68":{"start":{"line":172,"column":4},"end":{"line":172,"column":55}},"69":{"start":{"line":173,"column":4},"end":{"line":173,"column":105}},"70":{"start":{"line":177,"column":4},"end":{"line":179,"column":7}},"71":{"start":{"line":183,"column":4},"end":{"line":185,"column":7}},"72":{"start":{"line":189,"column":27},"end":{"line":189,"column":44}}},"fnMap":{"0":{"name":"(anonymous_0)","decl":{"start":{"line":8,"column":2},"end":{"line":8,"column":3}},"loc":{"start":{"line":8,"column":60},"end":{"line":50,"column":3}},"line":8},"1":{"name":"(anonymous_1)","decl":{"start":{"line":52,"column":2},"end":{"line":52,"column":3}},"loc":{"start":{"line":52,"column":46},"end":{"line":75,"column":3}},"line":52},"2":{"name":"(anonymous_2)","decl":{"start":{"line":77,"column":2},"end":{"line":77,"column":3}},"loc":{"start":{"line":77,"column":51},"end":{"line":128,"column":3}},"line":77},"3":{"name":"(anonymous_3)","decl":{"start":{"line":130,"column":2},"end":{"line":130,"column":3}},"loc":{"start":{"line":130,"column":47},"end":{"line":148,"column":3}},"line":130},"4":{"name":"(anonymous_4)","decl":{"start":{"line":150,"column":2},"end":{"line":150,"column":3}},"loc":{"start":{"line":150,"column":63},"end":{"line":174,"column":3}},"line":150},"5":{"name":"(anonymous_5)","decl":{"start":{"line":176,"column":2},"end":{"line":176,"column":3}},"loc":{"start":{"line":176,"column":77},"end":{"line":180,"column":3}},"line":176},"6":{"name":"(anonymous_6)","decl":{"start":{"line":182,"column":2},"end":{"line":182,"column":3}},"loc":{"start":{"line":182,"column":53},"end":{"line":186,"column":3}},"line":182}},"branchMap":{"0":{"loc":{"start":{"line":15,"column":4},"end":{"line":19,"column":5}},"type":"if","locations":[{"start":{"line":15,"column":4},"end":{"line":19,"column":5}},{"start":{},"end":{}}],"line":15},"1":{"loc":{"start":{"line":16,"column":6},"end":{"line":18,"column":7}},"type":"if","locations":[{"start":{"line":16,"column":6},"end":{"line":18,"column":7}},{"start":{},"end":{}}],"line":16},"2":{"loc":{"start":{"line":25,"column":4},"end":{"line":34,"column":5}},"type":"if","locations":[{"start":{"line":25,"column":4},"end":{"line":34,"column":5}},{"start":{"line":30,"column":11},"end":{"line":34,"column":5}}],"line":25},"3":{"loc":{"start":{"line":57,"column":4},"end":{"line":59,"column":5}},"type":"if","locations":[{"start":{"line":57,"column":4},"end":{"line":59,"column":5}},{"start":{},"end":{}}],"line":57},"4":{"loc":{"start":{"line":57,"column":8},"end":{"line":57,"column":81}},"type":"binary-expr","locations":[{"start":{"line":57,"column":8},"end":{"line":57,"column":18}},{"start":{"line":57,"column":22},"end":{"line":57,"column":45}},{"start":{"line":57,"column":49},"end":{"line":57,"column":81}}],"line":57},"5":{"loc":{"start":{"line":68,"column":47},"end":{"line":68,"column":67}},"type":"binary-expr","locations":[{"start":{"line":68,"column":47},"end":{"line":68,"column":57}},{"start":{"line":68,"column":61},"end":{"line":68,"column":67}}],"line":68},"6":{"loc":{"start":{"line":84,"column":4},"end":{"line":87,"column":5}},"type":"if","locations":[{"start":{"line":84,"column":4},"end":{"line":87,"column":5}},{"start":{},"end":{}}],"line":84},"7":{"loc":{"start":{"line":89,"column":4},"end":{"line":92,"column":5}},"type":"if","locations":[{"start":{"line":89,"column":4},"end":{"line":92,"column":5}},{"start":{},"end":{}}],"line":89},"8":{"loc":{"start":{"line":89,"column":8},"end":{"line":89,"column":87}},"type":"binary-expr","locations":[{"start":{"line":89,"column":8},"end":{"line":89,"column":32}},{"start":{"line":89,"column":36},"end":{"line":89,"column":53}},{"start":{"line":89,"column":57},"end":{"line":89,"column":87}}],"line":89},"9":{"loc":{"start":{"line":95,"column":4},"end":{"line":108,"column":5}},"type":"if","locations":[{"start":{"line":95,"column":4},"end":{"line":108,"column":5}},{"start":{},"end":{}}],"line":95},"10":{"loc":{"start":{"line":99,"column":6},"end":{"line":103,"column":7}},"type":"if","locations":[{"start":{"line":99,"column":6},"end":{"line":103,"column":7}},{"start":{},"end":{}}],"line":99},"11":{"loc":{"start":{"line":110,"column":4},"end":{"line":113,"column":5}},"type":"if","locations":[{"start":{"line":110,"column":4},"end":{"line":113,"column":5}},{"start":{},"end":{}}],"line":110},"12":{"loc":{"start":{"line":132,"column":4},"end":{"line":135,"column":5}},"type":"if","locations":[{"start":{"line":132,"column":4},"end":{"line":135,"column":5}},{"start":{},"end":{}}],"line":132},"13":{"loc":{"start":{"line":155,"column":4},"end":{"line":157,"column":5}},"type":"if","locations":[{"start":{"line":155,"column":4},"end":{"line":157,"column":5}},{"start":{},"end":{}}],"line":155},"14":{"loc":{"start":{"line":155,"column":8},"end":{"line":155,"column":81}},"type":"binary-expr","locations":[{"start":{"line":155,"column":8},"end":{"line":155,"column":18}},{"start":{"line":155,"column":22},"end":{"line":155,"column":45}},{"start":{"line":155,"column":49},"end":{"line":155,"column":81}}],"line":155},"15":{"loc":{"start":{"line":176,"column":62},"end":{"line":176,"column":75}},"type":"default-arg","locations":[{"start":{"line":176,"column":71},"end":{"line":176,"column":75}}],"line":176}},"s":{"0":0,"1":0,"2":0,"3":0,"4":0,"5":0,"6":0,"7":0,"8":0,"9":0,"10":0,"11":0,"12":0,"13":0,"14":0,"15":0,"16":0,"17":0,"18":0,"19":0,"20":0,"21":0,"22":0,"23":0,"24":0,"25":0,"26":0,"27":0,"28":0,"29":0,"30":0,"31":0,"32":0,"33":0,"34":0,"35":0,"36":0,"37":0,"38":0,"39":0,"40":0,"41":0,"42":0,"43":0,"44":0,"45":0,"46":0,"47":0,"48":0,"49":0,"50":0,"51":0,"52":0,"53":0,"54":0,"55":0,"56":0,"57":0,"58":0,"59":0,"60":0,"61":0,"62":0,"63":0,"64":0,"65":0,"66":0,"67":0,"68":0,"69":0,"70":0,"71":0,"72":7},"f":{"0":0,"1":0,"2":0,"3":0,"4":0,"5":0,"6":0},"b":{"0":[0,0],"1":[0,0],"2":[0,0],"3":[0,0],"4":[0,0,0],"5":[0,0],"6":[0,0],"7":[0,0],"8":[0,0,0],"9":[0,0],"10":[0,0],"11":[0,0],"12":[0,0],"13":[0,0],"14":[0,0,0],"15":[0]},"inputSourceMap":null,"_coverageSchema":"1a1c01bbd47fc00a2c39e90264f33305004495a9","hash":"b13f8e13d821e3eb2062fff4870fcdd3b49b5b67"}
,"C:\\GITHUB\\Dating-app\\backend\\src\\services\\email.service.js": {"path":"C:\\GITHUB\\Dating-app\\backend\\src\\services\\email.service.js","statementMap":{"0":{"start":{"line":7,"column":4},"end":{"line":15,"column":7}},"1":{"start":{"line":16,"column":4},"end":{"line":16,"column":54}},"2":{"start":{"line":20,"column":4},"end":{"line":23,"column":5}},"3":{"start":{"line":21,"column":6},"end":{"line":21,"column":66}},"4":{"start":{"line":22,"column":6},"end":{"line":22,"column":13}},"5":{"start":{"line":24,"column":4},"end":{"line":34,"column":5}},"6":{"start":{"line":25,"column":6},"end":{"line":30,"column":9}},"7":{"start":{"line":31,"column":6},"end":{"line":31,"column":63}},"8":{"start":{"line":33,"column":6},"end":{"line":33,"column":68}},"9":{"start":{"line":38,"column":17},"end":{"line":41,"column":5}},"10":{"start":{"line":42,"column":4},"end":{"line":42,"column":56}},"11":{"start":{"line":46,"column":18},"end":{"line":46,"column":94}},"12":{"start":{"line":47,"column":17},"end":{"line":51,"column":5}},"13":{"start":{"line":52,"column":4},"end":{"line":52,"column":42}},"14":{"start":{"line":56,"column":17},"end":{"line":59,"column":5}},"15":{"start":{"line":60,"column":4},"end":{"line":60,"column":70}},"16":{"start":{"line":64,"column":17},"end":{"line":67,"column":5}},"17":{"start":{"line":68,"column":4},"end":{"line":68,"column":68}},"18":{"start":{"line":72,"column":28},"end":{"line":72,"column":46}}},"fnMap":{"0":{"name":"(anonymous_0)","decl":{"start":{"line":6,"column":2},"end":{"line":6,"column":3}},"loc":{"start":{"line":6,"column":16},"end":{"line":17,"column":3}},"line":6},"1":{"name":"(anonymous_1)","decl":{"start":{"line":19,"column":2},"end":{"line":19,"column":3}},"loc":{"start":{"line":19,"column":36},"end":{"line":35,"column":3}},"line":19},"2":{"name":"(anonymous_2)","decl":{"start":{"line":37,"column":2},"end":{"line":37,"column":3}},"loc":{"start":{"line":37,"column":35},"end":{"line":43,"column":3}},"line":37},"3":{"name":"(anonymous_3)","decl":{"start":{"line":45,"column":2},"end":{"line":45,"column":3}},"loc":{"start":{"line":45,"column":54},"end":{"line":53,"column":3}},"line":45},"4":{"name":"(anonymous_4)","decl":{"start":{"line":55,"column":2},"end":{"line":55,"column":3}},"loc":{"start":{"line":55,"column":37},"end":{"line":61,"column":3}},"line":55},"5":{"name":"(anonymous_5)","decl":{"start":{"line":63,"column":2},"end":{"line":63,"column":3}},"loc":{"start":{"line":63,"column":35},"end":{"line":69,"column":3}},"line":63}},"branchMap":{"0":{"loc":{"start":{"line":20,"column":4},"end":{"line":23,"column":5}},"type":"if","locations":[{"start":{"line":20,"column":4},"end":{"line":23,"column":5}},{"start":{},"end":{}}],"line":20},"1":{"loc":{"start":{"line":45,"column":31},"end":{"line":45,"column":52}},"type":"default-arg","locations":[{"start":{"line":45,"column":38},"end":{"line":45,"column":52}}],"line":45},"2":{"loc":{"start":{"line":46,"column":18},"end":{"line":46,"column":94}},"type":"cond-expr","locations":[{"start":{"line":46,"column":46},"end":{"line":46,"column":67}},{"start":{"line":46,"column":70},"end":{"line":46,"column":94}}],"line":46}},"s":{"0":7,"1":7,"2":0,"3":0,"4":0,"5":0,"6":0,"7":0,"8":0,"9":0,"10":0,"11":0,"12":0,"13":0,"14":0,"15":0,"16":0,"17":0,"18":7},"f":{"0":7,"1":0,"2":0,"3":0,"4":0,"5":0},"b":{"0":[0,0],"1":[0],"2":[0,0]},"inputSourceMap":null,"_coverageSchema":"1a1c01bbd47fc00a2c39e90264f33305004495a9","hash":"bb3623bbe7bb9caa06a82c8826e37d24b0066f8c"}
,"C:\\GITHUB\\Dating-app\\backend\\src\\services\\interaction.service.js": {"path":"C:\\GITHUB\\Dating-app\\backend\\src\\services\\interaction.service.js","statementMap":{"0":{"start":{"line":5,"column":34},"end":{"line":60,"column":1}},"1":{"start":{"line":7,"column":4},"end":{"line":7,"column":69}},"2":{"start":{"line":11,"column":4},"end":{"line":15,"column":7}},"3":{"start":{"line":20,"column":18},"end":{"line":20,"column":103}},"4":{"start":{"line":21,"column":19},"end":{"line":21,"column":104}},"5":{"start":{"line":22,"column":20},"end":{"line":24,"column":6}},"6":{"start":{"line":26,"column":4},"end":{"line":26,"column":38}},"7":{"start":{"line":30,"column":4},"end":{"line":37,"column":7}},"8":{"start":{"line":41,"column":18},"end":{"line":41,"column":75}},"9":{"start":{"line":42,"column":4},"end":{"line":42,"column":51}},"10":{"start":{"line":42,"column":16},"end":{"line":42,"column":51}},"11":{"start":{"line":44,"column":4},"end":{"line":46,"column":5}},"12":{"start":{"line":45,"column":6},"end":{"line":45,"column":38}},"13":{"start":{"line":49,"column":4},"end":{"line":49,"column":58}},"14":{"start":{"line":52,"column":21},"end":{"line":52,"column":58}},"15":{"start":{"line":53,"column":4},"end":{"line":56,"column":7}},"16":{"start":{"line":58,"column":4},"end":{"line":58,"column":29}}},"fnMap":{"0":{"name":"(anonymous_0)","decl":{"start":{"line":6,"column":2},"end":{"line":6,"column":3}},"loc":{"start":{"line":6,"column":48},"end":{"line":8,"column":3}},"line":6},"1":{"name":"(anonymous_1)","decl":{"start":{"line":10,"column":2},"end":{"line":10,"column":3}},"loc":{"start":{"line":10,"column":27},"end":{"line":16,"column":3}},"line":10},"2":{"name":"(anonymous_2)","decl":{"start":{"line":18,"column":2},"end":{"line":18,"column":3}},"loc":{"start":{"line":18,"column":25},"end":{"line":27,"column":3}},"line":18},"3":{"name":"(anonymous_3)","decl":{"start":{"line":29,"column":2},"end":{"line":29,"column":3}},"loc":{"start":{"line":29,"column":27},"end":{"line":38,"column":3}},"line":29},"4":{"name":"(anonymous_4)","decl":{"start":{"line":40,"column":2},"end":{"line":40,"column":3}},"loc":{"start":{"line":40,"column":37},"end":{"line":59,"column":3}},"line":40}},"branchMap":{"0":{"loc":{"start":{"line":42,"column":4},"end":{"line":42,"column":51}},"type":"if","locations":[{"start":{"line":42,"column":4},"end":{"line":42,"column":51}},{"start":{},"end":{}}],"line":42},"1":{"loc":{"start":{"line":44,"column":4},"end":{"line":46,"column":5}},"type":"if","locations":[{"start":{"line":44,"column":4},"end":{"line":46,"column":5}},{"start":{},"end":{}}],"line":44},"2":{"loc":{"start":{"line":44,"column":8},"end":{"line":44,"column":60}},"type":"binary-expr","locations":[{"start":{"line":44,"column":8},"end":{"line":44,"column":32}},{"start":{"line":44,"column":36},"end":{"line":44,"column":60}}],"line":44}},"s":{"0":7,"1":0,"2":0,"3":0,"4":0,"5":0,"6":0,"7":0,"8":0,"9":0,"10":0,"11":0,"12":0,"13":0,"14":0,"15":0,"16":0},"f":{"0":0,"1":0,"2":0,"3":0,"4":0},"b":{"0":[0,0],"1":[0,0],"2":[0,0]},"inputSourceMap":null,"_coverageSchema":"1a1c01bbd47fc00a2c39e90264f33305004495a9","hash":"fcc271a5acf97ca82eb1855928974fa6eb76cf6c"}
,"C:\\GITHUB\\Dating-app\\backend\\src\\services\\jwt.service.js": {"path":"C:\\GITHUB\\Dating-app\\backend\\src\\services\\jwt.service.js","statementMap":{"0":{"start":{"line":9,"column":4},"end":{"line":9,"column":39}},"1":{"start":{"line":10,"column":4},"end":{"line":10,"column":85}},"2":{"start":{"line":11,"column":4},"end":{"line":11,"column":32}},"3":{"start":{"line":12,"column":4},"end":{"line":12,"column":53}},"4":{"start":{"line":16,"column":4},"end":{"line":20,"column":6}},"5":{"start":{"line":24,"column":18},"end":{"line":24,"column":56}},"6":{"start":{"line":25,"column":22},"end":{"line":25,"column":66}},"7":{"start":{"line":27,"column":25},"end":{"line":35,"column":6}},"8":{"start":{"line":37,"column":4},"end":{"line":37,"column":30}},"9":{"start":{"line":41,"column":4},"end":{"line":45,"column":5}},"10":{"start":{"line":42,"column":6},"end":{"line":42,"column":50}},"11":{"start":{"line":44,"column":6},"end":{"line":44,"column":71}},"12":{"start":{"line":49,"column":21},"end":{"line":52,"column":6}},"13":{"start":{"line":54,"column":4},"end":{"line":56,"column":5}},"14":{"start":{"line":55,"column":6},"end":{"line":55,"column":61}},"15":{"start":{"line":58,"column":4},"end":{"line":65,"column":5}},"16":{"start":{"line":60,"column":6},"end":{"line":63,"column":9}},"17":{"start":{"line":64,"column":6},"end":{"line":64,"column":83}},"18":{"start":{"line":67,"column":4},"end":{"line":69,"column":5}},"19":{"start":{"line":68,"column":6},"end":{"line":68,"column":61}},"20":{"start":{"line":72,"column":4},"end":{"line":75,"column":7}},"21":{"start":{"line":78,"column":27},"end":{"line":78,"column":66}},"22":{"start":{"line":79,"column":28},"end":{"line":79,"column":97}},"23":{"start":{"line":81,"column":4},"end":{"line":85,"column":6}},"24":{"start":{"line":89,"column":4},"end":{"line":92,"column":7}},"25":{"start":{"line":96,"column":4},"end":{"line":99,"column":7}},"26":{"start":{"line":103,"column":26},"end":{"line":103,"column":42}}},"fnMap":{"0":{"name":"(anonymous_0)","decl":{"start":{"line":8,"column":2},"end":{"line":8,"column":3}},"loc":{"start":{"line":8,"column":16},"end":{"line":13,"column":3}},"line":8},"1":{"name":"(anonymous_1)","decl":{"start":{"line":15,"column":2},"end":{"line":15,"column":3}},"loc":{"start":{"line":15,"column":28},"end":{"line":21,"column":3}},"line":15},"2":{"name":"(anonymous_2)","decl":{"start":{"line":23,"column":2},"end":{"line":23,"column":3}},"loc":{"start":{"line":23,"column":65},"end":{"line":38,"column":3}},"line":23},"3":{"name":"(anonymous_3)","decl":{"start":{"line":40,"column":2},"end":{"line":40,"column":3}},"loc":{"start":{"line":40,"column":27},"end":{"line":46,"column":3}},"line":40},"4":{"name":"(anonymous_4)","decl":{"start":{"line":48,"column":2},"end":{"line":48,"column":3}},"loc":{"start":{"line":48,"column":71},"end":{"line":86,"column":3}},"line":48},"5":{"name":"(anonymous_5)","decl":{"start":{"line":88,"column":2},"end":{"line":88,"column":3}},"loc":{"start":{"line":88,"column":27},"end":{"line":93,"column":3}},"line":88},"6":{"name":"(anonymous_6)","decl":{"start":{"line":95,"column":2},"end":{"line":95,"column":3}},"loc":{"start":{"line":95,"column":36},"end":{"line":100,"column":3}},"line":95}},"branchMap":{"0":{"loc":{"start":{"line":10,"column":25},"end":{"line":10,"column":84}},"type":"binary-expr","locations":[{"start":{"line":10,"column":25},"end":{"line":10,"column":55}},{"start":{"line":10,"column":59},"end":{"line":10,"column":84}}],"line":10},"1":{"loc":{"start":{"line":23,"column":48},"end":{"line":23,"column":63}},"type":"default-arg","locations":[{"start":{"line":23,"column":59},"end":{"line":23,"column":63}}],"line":23},"2":{"loc":{"start":{"line":48,"column":54},"end":{"line":48,"column":69}},"type":"default-arg","locations":[{"start":{"line":48,"column":65},"end":{"line":48,"column":69}}],"line":48},"3":{"loc":{"start":{"line":54,"column":4},"end":{"line":56,"column":5}},"type":"if","locations":[{"start":{"line":54,"column":4},"end":{"line":56,"column":5}},{"start":{},"end":{}}],"line":54},"4":{"loc":{"start":{"line":58,"column":4},"end":{"line":65,"column":5}},"type":"if","locations":[{"start":{"line":58,"column":4},"end":{"line":65,"column":5}},{"start":{},"end":{}}],"line":58},"5":{"loc":{"start":{"line":67,"column":4},"end":{"line":69,"column":5}},"type":"if","locations":[{"start":{"line":67,"column":4},"end":{"line":69,"column":5}},{"start":{},"end":{}}],"line":67}},"s":{"0":7,"1":7,"2":7,"3":7,"4":0,"5":0,"6":0,"7":0,"8":0,"9":0,"10":0,"11":0,"12":0,"13":0,"14":0,"15":0,"16":0,"17":0,"18":0,"19":0,"20":0,"21":0,"22":0,"23":0,"24":0,"25":0,"26":7},"f":{"0":7,"1":0,"2":0,"3":0,"4":0,"5":0,"6":0},"b":{"0":[7,0],"1":[0],"2":[0],"3":[0,0],"4":[0,0],"5":[0,0]},"inputSourceMap":null,"_coverageSchema":"1a1c01bbd47fc00a2c39e90264f33305004495a9","hash":"d471acf7dadfa242fba6d52d6c5ae48f9098f21e"}
,"C:\\GITHUB\\Dating-app\\backend\\src\\services\\photo.service.js": {"path":"C:\\GITHUB\\Dating-app\\backend\\src\\services\\photo.service.js","statementMap":{"0":{"start":{"line":10,"column":28},"end":{"line":196,"column":1}},"1":{"start":{"line":13,"column":4},"end":{"line":24,"column":5}},"2":{"start":{"line":14,"column":29},"end":{"line":18,"column":46}},"3":{"start":{"line":20,"column":6},"end":{"line":20,"column":80}},"4":{"start":{"line":22,"column":6},"end":{"line":22,"column":64}},"5":{"start":{"line":23,"column":6},"end":{"line":23,"column":18}},"6":{"start":{"line":29,"column":4},"end":{"line":37,"column":18}},"7":{"start":{"line":41,"column":20},"end":{"line":41,"column":74}},"8":{"start":{"line":42,"column":4},"end":{"line":42,"column":102}},"9":{"start":{"line":42,"column":18},"end":{"line":42,"column":102}},"10":{"start":{"line":45,"column":28},"end":{"line":45,"column":63}},"11":{"start":{"line":46,"column":21},"end":{"line":46,"column":65}},"12":{"start":{"line":49,"column":16},"end":{"line":49,"column":22}},"13":{"start":{"line":50,"column":21},"end":{"line":50,"column":62}},"14":{"start":{"line":53,"column":25},"end":{"line":53,"column":99}},"15":{"start":{"line":57,"column":4},"end":{"line":62,"column":5}},"16":{"start":{"line":58,"column":6},"end":{"line":61,"column":9}},"17":{"start":{"line":64,"column":30},"end":{"line":64,"column":92}},"18":{"start":{"line":67,"column":26},"end":{"line":67,"column":68}},"19":{"start":{"line":69,"column":18},"end":{"line":80,"column":6}},"20":{"start":{"line":83,"column":4},"end":{"line":101,"column":5}},"21":{"start":{"line":84,"column":6},"end":{"line":86,"column":9}},"22":{"start":{"line":89,"column":6},"end":{"line":93,"column":9}},"23":{"start":{"line":95,"column":6},"end":{"line":95,"column":67}},"24":{"start":{"line":98,"column":6},"end":{"line":100,"column":9}},"25":{"start":{"line":103,"column":4},"end":{"line":105,"column":7}},"26":{"start":{"line":107,"column":4},"end":{"line":107,"column":17}},"27":{"start":{"line":111,"column":20},"end":{"line":111,"column":74}},"28":{"start":{"line":112,"column":4},"end":{"line":112,"column":63}},"29":{"start":{"line":112,"column":18},"end":{"line":112,"column":63}},"30":{"start":{"line":114,"column":4},"end":{"line":118,"column":7}},"31":{"start":{"line":122,"column":20},"end":{"line":122,"column":74}},"32":{"start":{"line":123,"column":4},"end":{"line":123,"column":63}},"33":{"start":{"line":123,"column":18},"end":{"line":123,"column":63}},"34":{"start":{"line":125,"column":18},"end":{"line":127,"column":6}},"35":{"start":{"line":129,"column":4},"end":{"line":129,"column":102}},"36":{"start":{"line":129,"column":16},"end":{"line":129,"column":102}},"37":{"start":{"line":132,"column":4},"end":{"line":134,"column":5}},"38":{"start":{"line":133,"column":6},"end":{"line":133,"column":49}},"39":{"start":{"line":137,"column":4},"end":{"line":137,"column":58}},"40":{"start":{"line":140,"column":4},"end":{"line":149,"column":5}},"41":{"start":{"line":141,"column":24},"end":{"line":144,"column":8}},"42":{"start":{"line":146,"column":6},"end":{"line":148,"column":7}},"43":{"start":{"line":147,"column":8},"end":{"line":147,"column":57}},"44":{"start":{"line":151,"column":4},"end":{"line":153,"column":7}},"45":{"start":{"line":157,"column":20},"end":{"line":157,"column":74}},"46":{"start":{"line":158,"column":4},"end":{"line":158,"column":63}},"47":{"start":{"line":158,"column":18},"end":{"line":158,"column":63}},"48":{"start":{"line":160,"column":18},"end":{"line":162,"column":6}},"49":{"start":{"line":164,"column":4},"end":{"line":164,"column":59}},"50":{"start":{"line":164,"column":16},"end":{"line":164,"column":59}},"51":{"start":{"line":167,"column":4},"end":{"line":170,"column":7}},"52":{"start":{"line":173,"column":20},"end":{"line":176,"column":6}},"53":{"start":{"line":182,"column":4},"end":{"line":182,"column":19}},"54":{"start":{"line":186,"column":20},"end":{"line":186,"column":74}},"55":{"start":{"line":187,"column":4},"end":{"line":187,"column":63}},"56":{"start":{"line":187,"column":18},"end":{"line":187,"column":63}},"57":{"start":{"line":189,"column":25},"end":{"line":192,"column":6}},"58":{"start":{"line":194,"column":4},"end":{"line":194,"column":46}}},"fnMap":{"0":{"name":"(anonymous_0)","decl":{"start":{"line":12,"column":2},"end":{"line":12,"column":3}},"loc":{"start":{"line":12,"column":38},"end":{"line":25,"column":3}},"line":12},"1":{"name":"(anonymous_1)","decl":{"start":{"line":28,"column":2},"end":{"line":28,"column":3}},"loc":{"start":{"line":28,"column":29},"end":{"line":38,"column":3}},"line":28},"2":{"name":"(anonymous_2)","decl":{"start":{"line":40,"column":2},"end":{"line":40,"column":3}},"loc":{"start":{"line":40,"column":69},"end":{"line":108,"column":3}},"line":40},"3":{"name":"(anonymous_3)","decl":{"start":{"line":110,"column":2},"end":{"line":110,"column":3}},"loc":{"start":{"line":110,"column":26},"end":{"line":119,"column":3}},"line":110},"4":{"name":"(anonymous_4)","decl":{"start":{"line":121,"column":2},"end":{"line":121,"column":3}},"loc":{"start":{"line":121,"column":37},"end":{"line":154,"column":3}},"line":121},"5":{"name":"(anonymous_5)","decl":{"start":{"line":156,"column":2},"end":{"line":156,"column":3}},"loc":{"start":{"line":156,"column":41},"end":{"line":183,"column":3}},"line":156},"6":{"name":"(anonymous_6)","decl":{"start":{"line":185,"column":2},"end":{"line":185,"column":3}},"loc":{"start":{"line":185,"column":38},"end":{"line":195,"column":3}},"line":185}},"branchMap":{"0":{"loc":{"start":{"line":40,"column":50},"end":{"line":40,"column":67}},"type":"default-arg","locations":[{"start":{"line":40,"column":62},"end":{"line":40,"column":67}}],"line":40},"1":{"loc":{"start":{"line":42,"column":4},"end":{"line":42,"column":102}},"type":"if","locations":[{"start":{"line":42,"column":4},"end":{"line":42,"column":102}},{"start":{},"end":{}}],"line":42},"2":{"loc":{"start":{"line":57,"column":4},"end":{"line":62,"column":5}},"type":"if","locations":[{"start":{"line":57,"column":4},"end":{"line":62,"column":5}},{"start":{},"end":{}}],"line":57},"3":{"loc":{"start":{"line":67,"column":26},"end":{"line":67,"column":68}},"type":"cond-expr","locations":[{"start":{"line":67,"column":52},"end":{"line":67,"column":56}},{"start":{"line":67,"column":59},"end":{"line":67,"column":68}}],"line":67},"4":{"loc":{"start":{"line":83,"column":4},"end":{"line":101,"column":5}},"type":"if","locations":[{"start":{"line":83,"column":4},"end":{"line":101,"column":5}},{"start":{"line":96,"column":11},"end":{"line":101,"column":5}}],"line":83},"5":{"loc":{"start":{"line":112,"column":4},"end":{"line":112,"column":63}},"type":"if","locations":[{"start":{"line":112,"column":4},"end":{"line":112,"column":63}},{"start":{},"end":{}}],"line":112},"6":{"loc":{"start":{"line":123,"column":4},"end":{"line":123,"column":63}},"type":"if","locations":[{"start":{"line":123,"column":4},"end":{"line":123,"column":63}},{"start":{},"end":{}}],"line":123},"7":{"loc":{"start":{"line":129,"column":4},"end":{"line":129,"column":102}},"type":"if","locations":[{"start":{"line":129,"column":4},"end":{"line":129,"column":102}},{"start":{},"end":{}}],"line":129},"8":{"loc":{"start":{"line":132,"column":4},"end":{"line":134,"column":5}},"type":"if","locations":[{"start":{"line":132,"column":4},"end":{"line":134,"column":5}},{"start":{},"end":{}}],"line":132},"9":{"loc":{"start":{"line":140,"column":4},"end":{"line":149,"column":5}},"type":"if","locations":[{"start":{"line":140,"column":4},"end":{"line":149,"column":5}},{"start":{},"end":{}}],"line":140},"10":{"loc":{"start":{"line":146,"column":6},"end":{"line":148,"column":7}},"type":"if","locations":[{"start":{"line":146,"column":6},"end":{"line":148,"column":7}},{"start":{},"end":{}}],"line":146},"11":{"loc":{"start":{"line":158,"column":4},"end":{"line":158,"column":63}},"type":"if","locations":[{"start":{"line":158,"column":4},"end":{"line":158,"column":63}},{"start":{},"end":{}}],"line":158},"12":{"loc":{"start":{"line":164,"column":4},"end":{"line":164,"column":59}},"type":"if","locations":[{"start":{"line":164,"column":4},"end":{"line":164,"column":59}},{"start":{},"end":{}}],"line":164},"13":{"loc":{"start":{"line":187,"column":4},"end":{"line":187,"column":63}},"type":"if","locations":[{"start":{"line":187,"column":4},"end":{"line":187,"column":63}},{"start":{},"end":{}}],"line":187},"14":{"loc":{"start":{"line":194,"column":11},"end":{"line":194,"column":45}},"type":"binary-expr","locations":[{"start":{"line":194,"column":11},"end":{"line":194,"column":37}},{"start":{"line":194,"column":41},"end":{"line":194,"column":45}}],"line":194}},"s":{"0":7,"1":0,"2":0,"3":0,"4":0,"5":0,"6":0,"7":0,"8":0,"9":0,"10":0,"11":0,"12":0,"13":0,"14":0,"15":0,"16":0,"17":0,"18":0,"19":0,"20":0,"21":0,"22":0,"23":0,"24":0,"25":0,"26":0,"27":0,"28":0,"29":0,"30":0,"31":0,"32":0,"33":0,"34":0,"35":0,"36":0,"37":0,"38":0,"39":0,"40":0,"41":0,"42":0,"43":0,"44":0,"45":0,"46":0,"47":0,"48":0,"49":0,"50":0,"51":0,"52":0,"53":0,"54":0,"55":0,"56":0,"57":0,"58":0},"f":{"0":0,"1":0,"2":0,"3":0,"4":0,"5":0,"6":0},"b":{"0":[0],"1":[0,0],"2":[0,0],"3":[0,0],"4":[0,0],"5":[0,0],"6":[0,0],"7":[0,0],"8":[0,0],"9":[0,0],"10":[0,0],"11":[0,0],"12":[0,0],"13":[0,0],"14":[0,0]},"inputSourceMap":null,"_coverageSchema":"1a1c01bbd47fc00a2c39e90264f33305004495a9","hash":"cffcb8634bb67f9054a1c52981582ae8214355e1"}
,"C:\\GITHUB\\Dating-app\\backend\\src\\services\\profile.service.js": {"path":"C:\\GITHUB\\Dating-app\\backend\\src\\services\\profile.service.js","statementMap":{"0":{"start":{"line":6,"column":30},"end":{"line":258,"column":1}},"1":{"start":{"line":9,"column":4},"end":{"line":15,"column":7}},"2":{"start":{"line":19,"column":17},"end":{"line":22,"column":6}},"3":{"start":{"line":23,"column":4},"end":{"line":23,"column":57}},"4":{"start":{"line":23,"column":15},"end":{"line":23,"column":57}},"5":{"start":{"line":24,"column":4},"end":{"line":24,"column":16}},"6":{"start":{"line":29,"column":20},"end":{"line":35,"column":6}},"7":{"start":{"line":36,"column":4},"end":{"line":36,"column":63}},"8":{"start":{"line":36,"column":18},"end":{"line":36,"column":63}},"9":{"start":{"line":37,"column":4},"end":{"line":37,"column":19}},"10":{"start":{"line":41,"column":21},"end":{"line":41,"column":75}},"11":{"start":{"line":42,"column":4},"end":{"line":44,"column":5}},"12":{"start":{"line":43,"column":6},"end":{"line":43,"column":72}},"13":{"start":{"line":47,"column":20},"end":{"line":52,"column":6}},"14":{"start":{"line":54,"column":4},"end":{"line":56,"column":7}},"15":{"start":{"line":58,"column":4},"end":{"line":58,"column":19}},"16":{"start":{"line":62,"column":21},"end":{"line":62,"column":75}},"17":{"start":{"line":63,"column":4},"end":{"line":63,"column":64}},"18":{"start":{"line":63,"column":19},"end":{"line":63,"column":64}},"19":{"start":{"line":65,"column":20},"end":{"line":68,"column":6}},"20":{"start":{"line":70,"column":4},"end":{"line":72,"column":7}},"21":{"start":{"line":74,"column":4},"end":{"line":74,"column":19}},"22":{"start":{"line":79,"column":21},"end":{"line":79,"column":75}},"23":{"start":{"line":80,"column":4},"end":{"line":80,"column":64}},"24":{"start":{"line":80,"column":19},"end":{"line":80,"column":64}},"25":{"start":{"line":82,"column":20},"end":{"line":85,"column":6}},"26":{"start":{"line":87,"column":4},"end":{"line":89,"column":7}},"27":{"start":{"line":91,"column":4},"end":{"line":91,"column":19}},"28":{"start":{"line":96,"column":15},"end":{"line":96,"column":72}},"29":{"start":{"line":97,"column":4},"end":{"line":102,"column":5}},"30":{"start":{"line":99,"column":6},"end":{"line":101,"column":9}},"31":{"start":{"line":103,"column":4},"end":{"line":103,"column":16}},"32":{"start":{"line":107,"column":21},"end":{"line":107,"column":78}},"33":{"start":{"line":108,"column":4},"end":{"line":113,"column":5}},"34":{"start":{"line":109,"column":19},"end":{"line":111,"column":8}},"35":{"start":{"line":112,"column":6},"end":{"line":112,"column":18}},"36":{"start":{"line":115,"column":17},"end":{"line":118,"column":6}},"37":{"start":{"line":120,"column":4},"end":{"line":122,"column":7}},"38":{"start":{"line":124,"column":4},"end":{"line":124,"column":16}},"39":{"start":{"line":129,"column":19},"end":{"line":129,"column":73}},"40":{"start":{"line":130,"column":4},"end":{"line":134,"column":5}},"41":{"start":{"line":131,"column":6},"end":{"line":133,"column":9}},"42":{"start":{"line":135,"column":4},"end":{"line":135,"column":20}},"43":{"start":{"line":139,"column":21},"end":{"line":139,"column":75}},"44":{"start":{"line":140,"column":4},"end":{"line":144,"column":5}},"45":{"start":{"line":141,"column":6},"end":{"line":143,"column":9}},"46":{"start":{"line":146,"column":21},"end":{"line":149,"column":6}},"47":{"start":{"line":151,"column":4},"end":{"line":153,"column":7}},"48":{"start":{"line":155,"column":4},"end":{"line":155,"column":20}},"49":{"start":{"line":160,"column":4},"end":{"line":163,"column":7}},"50":{"start":{"line":165,"column":4},"end":{"line":167,"column":7}},"51":{"start":{"line":171,"column":4},"end":{"line":174,"column":7}},"52":{"start":{"line":176,"column":4},"end":{"line":178,"column":7}},"53":{"start":{"line":182,"column":4},"end":{"line":185,"column":7}},"54":{"start":{"line":187,"column":4},"end":{"line":189,"column":7}},"55":{"start":{"line":193,"column":20},"end":{"line":193,"column":74}},"56":{"start":{"line":194,"column":4},"end":{"line":194,"column":27}},"57":{"start":{"line":194,"column":18},"end":{"line":194,"column":27}},"58":{"start":{"line":196,"column":19},"end":{"line":200,"column":5}},"59":{"start":{"line":202,"column":17},"end":{"line":202,"column":18}},"60":{"start":{"line":203,"column":4},"end":{"line":211,"column":5}},"61":{"start":{"line":204,"column":6},"end":{"line":210,"column":7}},"62":{"start":{"line":205,"column":8},"end":{"line":209,"column":9}},"63":{"start":{"line":206,"column":10},"end":{"line":206,"column":19}},"64":{"start":{"line":207,"column":15},"end":{"line":209,"column":9}},"65":{"start":{"line":208,"column":10},"end":{"line":208,"column":19}},"66":{"start":{"line":213,"column":19},"end":{"line":213,"column":84}},"67":{"start":{"line":214,"column":4},"end":{"line":214,"column":39}},"68":{"start":{"line":214,"column":27},"end":{"line":214,"column":39}},"69":{"start":{"line":216,"column":26},"end":{"line":216,"column":43}},"70":{"start":{"line":217,"column":18},"end":{"line":217,"column":75}},"71":{"start":{"line":219,"column":4},"end":{"line":222,"column":7}},"72":{"start":{"line":224,"column":4},"end":{"line":224,"column":17}},"73":{"start":{"line":228,"column":20},"end":{"line":231,"column":6}},"74":{"start":{"line":233,"column":4},"end":{"line":233,"column":63}},"75":{"start":{"line":233,"column":18},"end":{"line":233,"column":63}},"76":{"start":{"line":235,"column":20},"end":{"line":242,"column":6}},"77":{"start":{"line":244,"column":4},"end":{"line":244,"column":62}},"78":{"start":{"line":244,"column":17},"end":{"line":244,"column":62}},"79":{"start":{"line":246,"column":22},"end":{"line":246,"column":93}},"80":{"start":{"line":247,"column":4},"end":{"line":254,"column":5}},"81":{"start":{"line":248,"column":6},"end":{"line":253,"column":20}},"82":{"start":{"line":256,"column":4},"end":{"line":256,"column":19}}},"fnMap":{"0":{"name":"(anonymous_0)","decl":{"start":{"line":8,"column":2},"end":{"line":8,"column":3}},"loc":{"start":{"line":8,"column":65},"end":{"line":16,"column":3}},"line":8},"1":{"name":"(anonymous_1)"
[...]
,"C:\\GITHUB\\Dating-app\\backend\\src\\services\\realtime\\PresenceEngine.js": {"path":"C:\\GITHUB\\Dating-app\\backend\\src\\services\\realtime\\PresenceEngine.js","statementMap":{"0":{"start":{"line":9,"column":4},"end":{"line":9,"column":37}},"1":{"start":{"line":9,"column":30},"end":{"line":9,"column":37}},"2":{"start":{"line":12,"column":4},"end":{"line":12,"column":75}},"3":{"start":{"line":15,"column":4},"end":{"line":18,"column":7}},"4":{"start":{"line":20,"column":4},"end":{"line":20,"column":77}},"5":{"start":{"line":27,"column":4},"end":{"line":27,"column":37}},"6":{"start":{"line":27,"column":30},"end":{"line":27,"column":37}},"7":{"start":{"line":29,"column":4},"end":{"line":29,"column":75}},"8":{"start":{"line":30,"column":26},"end":{"line":30,"column":87}},"9":{"start":{"line":32,"column":4},"end":{"line":38,"column":5}},"10":{"start":{"line":33,"column":6},"end":{"line":36,"column":9}},"11":{"start":{"line":37,"column":6},"end":{"line":37,"column":64}},"12":{"start":{"line":45,"column":4},"end":{"line":45,"column":59}},"13":{"start":{"line":45,"column":30},"end":{"line":45,"column":59}},"14":{"start":{"line":46,"column":17},"end":{"line":46,"column":72}},"15":{"start":{"line":47,"column":4},"end":{"line":47,"column":62}},"16":{"start":{"line":54,"column":4},"end":{"line":54,"column":40}},"17":{"start":{"line":54,"column":30},"end":{"line":54,"column":40}},"18":{"start":{"line":55,"column":4},"end":{"line":55,"column":76}},"19":{"start":{"line":59,"column":30},"end":{"line":59,"column":50}}},"fnMap":{"0":{"name":"(anonymous_0)","decl":{"start":{"line":8,"column":2},"end":{"line":8,"column":3}},"loc":{"start":{"line":8,"column":36},"end":{"line":21,"column":3}},"line":8},"1":{"name":"(anonymous_1)","decl":{"start":{"line":26,"column":2},"end":{"line":26,"column":3}},"loc":{"start":{"line":26,"column":37},"end":{"line":39,"column":3}},"line":26},"2":{"name":"(anonymous_2)","decl":{"start":{"line":44,"column":2},"end":{"line":44,"column":3}},"loc":{"start":{"line":44,"column":28},"end":{"line":48,"column":3}},"line":44},"3":{"name":"(anonymous_3)","decl":{"start":{"line":53,"column":2},"end":{"line":53,"column":3}},"loc":{"start":{"line":53,"column":31},"end":{"line":56,"column":3}},"line":53}},"branchMap":{"0":{"loc":{"start":{"line":9,"column":4},"end":{"line":9,"column":37}},"type":"if","locations":[{"start":{"line":9,"column":4},"end":{"line":9,"column":37}},{"start":{},"end":{}}],"line":9},"1":{"loc":{"start":{"line":27,"column":4},"end":{"line":27,"column":37}},"type":"if","locations":[{"start":{"line":27,"column":4},"end":{"line":27,"column":37}},{"start":{},"end":{}}],"line":27},"2":{"loc":{"start":{"line":32,"column":4},"end":{"line":38,"column":5}},"type":"if","locations":[{"start":{"line":32,"column":4},"end":{"line":38,"column":5}},{"start":{},"end":{}}],"line":32},"3":{"loc":{"start":{"line":45,"column":4},"end":{"line":45,"column":59}},"type":"if","locations":[{"start":{"line":45,"column":4},"end":{"line":45,"column":59}},{"start":{},"end":{}}],"line":45},"4":{"loc":{"start":{"line":47,"column":11},"end":{"line":47,"column":61}},"type":"cond-expr","locations":[{"start":{"line":47,"column":33},"end":{"line":47,"column":37}},{"start":{"line":47,"column":40},"end":{"line":47,"column":61}}],"line":47},"5":{"loc":{"start":{"line":47,"column":11},"end":{"line":47,"column":30}},"type":"binary-expr","locations":[{"start":{"line":47,"column":11},"end":{"line":47,"column":15}},{"start":{"line":47,"column":19},"end":{"line":47,"column":30}}],"line":47},"6":{"loc":{"start":{"line":54,"column":4},"end":{"line":54,"column":40}},"type":"if","locations":[{"start":{"line":54,"column":4},"end":{"line":54,"column":40}},{"start":{},"end":{}}],"line":54}},"s":{"0":0,"1":0,"2":0,"3":0,"4":0,"5":0,"6":0,"7":0,"8":0,"9":0,"10":0,"11":0,"12":0,"13":0,"14":0,"15":0,"16":0,"17":0,"18":0,"19":7},"f":{"0":0,"1":0,"2":0,"3":0},"b":{"0":[0,0],"1":[0,0],"2":[0,0],"3":[0,0],"4":[0,0],"5":[0,0],"6":[0,0]},"inputSourceMap":null,"_coverageSchema":"1a1c01bbd47fc00a2c39e90264f33305004495a9","hash":"2e2b68ad26df429c3a3bde8207f60543e003d675"}
,"C:\\GITHUB\\Dating-app\\backend\\src\\services\\realtime\\conversation.service.js": {"path":"C:\\GITHUB\\Dating-app\\backend\\src\\services\\realtime\\conversation.service.js","statementMap":{"0":{"start":{"line":4,"column":35},"end":{"line":65,"column":1}},"1":{"start":{"line":9,"column":25},"end":{"line":22,"column":6}},"2":{"start":{"line":24,"column":4},"end":{"line":24,"column":49}},"3":{"start":{"line":24,"column":33},"end":{"line":24,"column":47}},"4":{"start":{"line":31,"column":25},"end":{"line":36,"column":6}},"5":{"start":{"line":38,"column":4},"end":{"line":38,"column":73}},"6":{"start":{"line":38,"column":23},"end":{"line":38,"column":73}},"7":{"start":{"line":40,"column":21},"end":{"line":40,"column":77}},"8":{"start":{"line":40,"column":57},"end":{"line":40,"column":76}},"9":{"start":{"line":41,"column":4},"end":{"line":41,"column":69}},"10":{"start":{"line":41,"column":19},"end":{"line":41,"column":69}},"11":{"start":{"line":43,"column":4},"end":{"line":43,"column":24}},"12":{"start":{"line":50,"column":4},"end":{"line":63,"column":7}}},"fnMap":{"0":{"name":"(anonymous_0)","decl":{"start":{"line":8,"column":2},"end":{"line":8,"column":3}},"loc":{"start":{"line":8,"column":37},"end":{"line":25,"column":3}},"line":8},"1":{"name":"(anonymous_1)","decl":{"start":{"line":24,"column":28},"end":{"line":24,"column":29}},"loc":{"start":{"line":24,"column":33},"end":{"line":24,"column":47}},"line":24},"2":{"name":"(anonymous_2)","decl":{"start":{"line":30,"column":2},"end":{"line":30,"column":3}},"loc":{"start":{"line":30,"column":48},"end":{"line":44,"column":3}},"line":30},"3":{"name":"(anonymous_3)","decl":{"start":{"line":40,"column":52},"end":{"line":40,"column":53}},"loc":{"start":{"line":40,"column":57},"end":{"line":40,"column":76}},"line":40},"4":{"name":"(anonymous_4)","decl":{"start":{"line":49,"column":2},"end":{"line":49,"column":3}},"loc":{"start":{"line":49,"column":58},"end":{"line":64,"column":3}},"line":49}},"branchMap":{"0":{"loc":{"start":{"line":38,"column":4},"end":{"line":38,"column":73}},"type":"if","locations":[{"start":{"line":38,"column":4},"end":{"line":38,"column":73}},{"start":{},"end":{}}],"line":38},"1":{"loc":{"start":{"line":41,"column":4},"end":{"line":41,"column":69}},"type":"if","locations":[{"start":{"line":41,"column":4},"end":{"line":41,"column":69}},{"start":{},"end":{}}],"line":41}},"s":{"0":7,"1":0,"2":0,"3":0,"4":0,"5":0,"6":0,"7":0,"8":0,"9":0,"10":0,"11":0,"12":0},"f":{"0":0,"1":0,"2":0,"3":0,"4":0},"b":{"0":[0,0],"1":[0,0]},"inputSourceMap":null,"_coverageSchema":"1a1c01bbd47fc00a2c39e90264f33305004495a9","hash":"84d8112cfdfb8ea443ac5ccff629021c2ff969a6"}
,"C:\\GITHUB\\Dating-app\\backend\\src\\utils\\asyncHandler.js": {"path":"C:\\GITHUB\\Dating-app\\backend\\src\\utils\\asyncHandler.js","statementMap":{"0":{"start":{"line":1,"column":28},"end":{"line":3,"column":1}},"1":{"start":{"line":1,"column":36},"end":{"line":3,"column":1}},"2":{"start":{"line":2,"column":2},"end":{"line":2,"column":50}}},"fnMap":{"0":{"name":"(anonymous_0)","decl":{"start":{"line":1,"column":28},"end":{"line":1,"column":29}},"loc":{"start":{"line":1,"column":36},"end":{"line":3,"column":1}},"line":1},"1":{"name":"(anonymous_1)","decl":{"start":{"line":1,"column":36},"end":{"line":1,"column":37}},"loc":{"start":{"line":1,"column":56},"end":{"line":3,"column":1}},"line":1}},"branchMap":{},"s":{"0":7,"1":357,"2":0},"f":{"0":357,"1":0},"b":{},"inputSourceMap":null,"_coverageSchema":"1a1c01bbd47fc00a2c39e90264f33305004495a9","hash":"b47125c731a7d9269446f3f9c128597e1a5836df"}
,"C:\\GITHUB\\Dating-app\\backend\\src\\utils\\cache.js": {"path":"C:\\GITHUB\\Dating-app\\backend\\src\\utils\\cache.js","statementMap":{"0":{"start":{"line":4,"column":27},"end":{"line":33,"column":1}},"1":{"start":{"line":6,"column":4},"end":{"line":6,"column":42}},"2":{"start":{"line":6,"column":30},"end":{"line":6,"column":42}},"3":{"start":{"line":7,"column":4},"end":{"line":13,"column":5}},"4":{"start":{"line":8,"column":19},"end":{"line":8,"column":45}},"5":{"start":{"line":9,"column":6},"end":{"line":9,"column":44}},"6":{"start":{"line":11,"column":6},"end":{"line":11,"column":54}},"7":{"start":{"line":12,"column":6},"end":{"line":12,"column":18}},"8":{"start":{"line":17,"column":4},"end":{"line":17,"column":37}},"9":{"start":{"line":17,"column":30},"end":{"line":17,"column":37}},"10":{"start":{"line":18,"column":4},"end":{"line":22,"column":5}},"11":{"start":{"line":19,"column":6},"end":{"line":19,"column":66}},"12":{"start":{"line":21,"column":6},"end":{"line":21,"column":54}},"13":{"start":{"line":26,"column":4},"end":{"line":26,"column":37}},"14":{"start":{"line":26,"column":30},"end":{"line":26,"column":37}},"15":{"start":{"line":27,"column":4},"end":{"line":31,"column":5}},"16":{"start":{"line":28,"column":6},"end":{"line":28,"column":33}},"17":{"start":{"line":30,"column":6},"end":{"line":30,"column":54}}},"fnMap":{"0":{"name":"(anonymous_0)","decl":{"start":{"line":5,"column":2},"end":{"line":5,"column":3}},"loc":{"start":{"line":5,"column":17},"end":{"line":14,"column":3}},"line":5},"1":{"name":"(anonymous_1)","decl":{"start":{"line":16,"column":2},"end":{"line":16,"column":3}},"loc":{"start":{"line":16,"column":39},"end":{"line":23,"column":3}},"line":16},"2":{"name":"(anonymous_2)","decl":{"start":{"line":25,"column":2},"end":{"line":25,"column":3}},"loc":{"start":{"line":25,"column":17},"end":{"line":32,"column":3}},"line":25}},"branchMap":{"0":{"loc":{"start":{"line":6,"column":4},"end":{"line":6,"column":42}},"type":"if","locations":[{"start":{"line":6,"column":4},"end":{"line":6,"column":42}},{"start":{},"end":{}}],"line":6},"1":{"loc":{"start":{"line":9,"column":13},"end":{"line":9,"column":43}},"type":"cond-expr","locations":[{"start":{"line":9,"column":20},"end":{"line":9,"column":36}},{"start":{"line":9,"column":39},"end":{"line":9,"column":43}}],"line":9},"2":{"loc":{"start":{"line":16,"column":24},"end":{"line":16,"column":37}},"type":"default-arg","locations":[{"start":{"line":16,"column":33},"end":{"line":16,"column":37}}],"line":16},"3":{"loc":{"start":{"line":17,"column":4},"end":{"line":17,"column":37}},"type":"if","locations":[{"start":{"line":17,"column":4},"end":{"line":17,"column":37}},{"start":{},"end":{}}],"line":17},"4":{"loc":{"start":{"line":26,"column":4},"end":{"line":26,"column":37}},"type":"if","locations":[{"start":{"line":26,"column":4},"end":{"line":26,"column":37}},{"start":{},"end":{}}],"line":26}},"s":{"0":0,"1":0,"2":0,"3":0,"4":0,"5":0,"6":0,"7":0,"8":0,"9":0,"10":0,"11":0,"12":0,"13":0,"14":0,"15":0,"16":0,"17":0},"f":{"0":0,"1":0,"2":0},"b":{"0":[0,0],"1":[0,0],"2":[0],"3":[0,0],"4":[0,0]},"inputSourceMap":null}
,"C:\\GITHUB\\Dating-app\\backend\\src\\utils\\constants.js": {"path":"C:\\GITHUB\\Dating-app\\backend\\src\\utils\\constants.js","statementMap":{"0":{"start":{"line":1,"column":34},"end":{"line":1,"column":40}},"1":{"start":{"line":2,"column":28},"end":{"line":2,"column":30}}},"fnMap":{},"branchMap":{},"s":{"0":7,"1":7},"f":{},"b":{},"inputSourceMap":null,"_coverageSchema":"1a1c01bbd47fc00a2c39e90264f33305004495a9","hash":"a6abcd81d78ecd53ade378196cd73b7aeb7d36ac"}
,"C:\\GITHUB\\Dating-app\\backend\\src\\utils\\distance.js": {"path":"C:\\GITHUB\\Dating-app\\backend\\src\\utils\\distance.js","statementMap":{"0":{"start":{"line":3,"column":38},"end":{"line":12,"column":1}},"1":{"start":{"line":4,"column":15},"end":{"line":4,"column":44}},"2":{"start":{"line":5,"column":15},"end":{"line":5,"column":44}},"3":{"start":{"line":7,"column":4},"end":{"line":9,"column":43}},"4":{"start":{"line":10,"column":12},"end":{"line":10,"column":58}},"5":{"start":{"line":11,"column":2},"end":{"line":11,"column":32}}},"fnMap":{"0":{"name":"(anonymous_0)","decl":{"start":{"line":3,"column":38},"end":{"line":3,"column":39}},"loc":{"start":{"line":3,"column":66},"end":{"line":12,"column":1}},"line":3}},"branchMap":{},"s":{"0":7,"1":0,"2":0,"3":0,"4":0,"5":0},"f":{"0":0},"b":{},"inputSourceMap":null,"_coverageSchema":"1a1c01bbd47fc00a2c39e90264f33305004495a9","hash":"1e8fb3a1b0ab25c2572b25db659e2022ace9a481"}
,"C:\\GITHUB\\Dating-app\\backend\\src\\utils\\errors.js": {"path":"C:\\GITHUB\\Dating-app\\backend\\src\\utils\\errors.js","statementMap":{"0":{"start":{"line":3,"column":4},"end":{"line":3,"column":19}},"1":{"start":{"line":4,"column":4},"end":{"line":4,"column":33}},"2":{"start":{"line":5,"column":4},"end":{"line":5,"column":69}},"3":{"start":{"line":6,"column":4},"end":{"line":6,"column":30}},"4":{"start":{"line":7,"column":4},"end":{"line":7,"column":52}},"5":{"start":{"line":13,"column":4},"end":{"line":13,"column":24}},"6":{"start":{"line":14,"column":4},"end":{"line":14,"column":27}},"7":{"start":{"line":20,"column":4},"end":{"line":20,"column":24}},"8":{"start":{"line":26,"column":4},"end":{"line":26,"column":24}},"9":{"start":{"line":32,"column":4},"end":{"line":32,"column":24}},"10":{"start":{"line":38,"column":4},"end":{"line":38,"column":24}},"11":{"start":{"line":44,"column":4},"end":{"line":44,"column":24}},"12":{"start":{"line":50,"column":4},"end":{"line":50,"column":24}},"13":{"start":{"line":56,"column":4},"end":{"line":56,"column":24}}},"fnMap":{"0":{"name":"(anonymous_0)","decl":{"start":{"line":2,"column":2},"end":{"line":2,"column":3}},"loc":{"start":{"line":2,"column":35},"end":{"line":8,"column":3}},"line":2},"1":{"name":"(anonymous_1)","decl":{"start":{"line":12,"column":2},"end":{"line":12,"column":3}},"loc":{"start":{"line":12,"column":39},"end":{"line":15,"column":3}},"line":12},"2":{"name":"(anonymous_2)","decl":{"start":{"line":19,"column":2},"end":{"line":19,"column":3}},"loc":{"start":{"line":19,"column":23},"end":{"line":21,"column":3}},"line":19},"3":{"name":"(anonymous_3)","decl":{"start":{"line":25,"column":2},"end":{"line":25,"column":3}},"loc":{"start":{"line":25,"column":23},"end":{"line":27,"column":3}},"line":25},"4":{"name":"(anonymous_4)","decl":{"start":{"line":31,"column":2},"end":{"line":31,"column":3}},"loc":{"start":{"line":31,"column":23},"end":{"line":33,"column":3}},"line":31},"5":{"name":"(anonymous_5)","decl":{"start":{"line":37,"column":2},"end":{"line":37,"column":3}},"loc":{"start":{"line":37,"column":23},"end":{"line":39,"column":3}},"line":37},"6":{"name":"(anonymous_6)","decl":{"start":{"line":43,"column":2},"end":{"line":43,"column":3}},"loc":{"start":{"line":43,"column":23},"end":{"line":45,"column":3}},"line":43},"7":{"name":"(anonymous_7)","decl":{"start":{"line":49,"column":2},"end":{"line":49,"column":3}},"loc":{"start":{"line":49,"column":23},"end":{"line":51,"column":3}},"line":49},"8":{"name":"(anonymous_8)","decl":{"start":{"line":55,"column":2},"end":{"line":55,"column":3}},"loc":{"start":{"line":55,"column":23},"end":{"line":57,"column":3}},"line":55}},"branchMap":{"0":{"loc":{"start":{"line":5,"column":18},"end":{"line":5,"column":68}},"type":"cond-expr","locations":[{"start":{"line":5,"column":52},"end":{"line":5,"column":58}},{"start":{"line":5,"column":61},"end":{"line":5,"column":68}}],"line":5},"1":{"loc":{"start":{"line":12,"column":23},"end":{"line":12,"column":37}},"type":"default-arg","locations":[{"start":{"line":12,"column":33},"end":{"line":12,"column":37}}],"line":12}},"s":{"0":23,"1":23,"2":23,"3":23,"4":23,"5":2,"6":2,"7":21,"8":0,"9":0,"10":0,"11":0,"12":0,"13":0},"f":{"0":23,"1":2,"2":21,"3":0,"4":0,"5":0,"6":0,"7":0,"8":0},"b":{"0":[23,0],"1":[0]},"inputSourceMap":null,"_coverageSchema":"1a1c01bbd47fc00a2c39e90264f33305004495a9","hash":"a0f510da0ac03929226a6bd1024cd3c9e9b9e7be"}
,"C:\\GITHUB\\Dating-app\\backend\\src\\utils\\logger.js": {"path":"C:\\GITHUB\\Dating-app\\backend\\src\\utils\\logger.js","statementMap":{"0":{"start":{"line":4,"column":0},"end":{"line":4,"column":16}},"1":{"start":{"line":6,"column":57},"end":{"line":6,"column":71}},"2":{"start":{"line":8,"column":18},"end":{"line":10,"column":2}},"3":{"start":{"line":9,"column":2},"end":{"line":9,"column":56}},"4":{"start":{"line":12,"column":15},"end":{"line":27,"column":2}}},"fnMap":{"0":{"name":"(anonymous_0)","decl":{"start":{"line":8,"column":25},"end":{"line":8,"column":26}},"loc":{"start":{"line":8,"column":67},"end":{"line":10,"column":1}},"line":8}},"branchMap":{"0":{"loc":{"start":{"line":9,"column":37},"end":{"line":9,"column":53}},"type":"binary-expr","locations":[{"start":{"line":9,"column":37},"end":{"line":9,"column":42}},{"start":{"line":9,"column":46},"end":{"line":9,"column":53}}],"line":9},"1":{"loc":{"start":{"line":13,"column":9},"end":{"line":13,"column":66}},"type":"cond-expr","locations":[{"start":{"line":13,"column":50},"end":{"line":13,"column":57}},{"start":{"line":13,"column":60},"end":{"line":13,"column":66}}],"line":13}},"s":{"0":7,"1":7,"2":7,"3":324,"4":7},"f":{"0":324},"b":{"0":[324,324],"1":[0,7]},"inputSourceMap":null,"_coverageSchema":"1a1c01bbd47fc00a2c39e90264f33305004495a9","hash":"1cbe96e4ba8d53dcdfe8f7d1cc3034cf7a35f2f1"}
,"C:\\GITHUB\\Dating-app\\backend\\src\\utils\\response.js": {"path":"C:\\GITHUB\\Dating-app\\backend\\src\\utils\\response.js","statementMap":{"0":{"start":{"line":1,"column":31},"end":{"line":7,"column":1}},"1":{"start":{"line":2,"column":2},"end":{"line":6,"column":5}},"2":{"start":{"line":9,"column":29},"end":{"line":15,"column":1}},"3":{"start":{"line":10,"column":2},"end":{"line":14,"column":5}},"4":{"start":{"line":17,"column":32},"end":{"line":27,"column":1}},"5":{"start":{"line":18,"column":2},"end":{"line":26,"column":4}}},"fnMap":{"0":{"name":"(anonymous_0)","decl":{"start":{"line":1,"column":31},"end":{"line":1,"column":32}},"loc":{"start":{"line":1,"column":79},"end":{"line":7,"column":1}},"line":1},"1":{"name":"(anonymous_1)","decl":{"start":{"line":9,"column":29},"end":{"line":9,"column":30}},"loc":{"start":{"line":9,"column":75},"end":{"line":15,"column":1}},"line":9},"2":{"name":"(anonymous_2)","decl":{"start":{"line":17,"column":32},"end":{"line":17,"column":33}},"loc":{"start":{"line":17,"column":62},"end":{"line":27,"column":1}},"line":17}},"branchMap":{"0":{"loc":{"start":{"line":1,"column":55},"end":{"line":1,"column":74}},"type":"default-arg","locations":[{"start":{"line":1,"column":65},"end":{"line":1,"column":74}}],"line":1},"1":{"loc":{"start":{"line":9,"column":56},"end":{"line":9,"column":70}},"type":"default-arg","locations":[{"start":{"line":9,"column":66},"end":{"line":9,"column":70}}],"line":9}},"s":{"0":7,"1":0,"2":7,"3":0,"4":7,"5":0},"f":{"0":0,"1":0,"2":0},"b":{"0":[0],"1":[0]},"inputSourceMap":null,"_coverageSchema":"1a1c01bbd47fc00a2c39e90264f33305004495a9","hash":"990081fd2c76fb6bc960ad9599ea11eead01c9f3"}
}
