{"C:\\GITHUB\\Dating-app\\backend\\src\\controllers\\ai.controller.js": {"path":"C:\\GITHUB\\Dating-app\\backend\\src\\controllers\\ai.controller.js","statementMap":{"0":{"start":{"line":7,"column":28},"end":{"line":75,"column":1}},"1":{"start":{"line":9,"column":20},"end":{"line":9,"column":86}},"2":{"start":{"line":10,"column":4},"end":{"line":10,"column":78}},"3":{"start":{"line":10,"column":18},"end":{"line":10,"column":78}},"4":{"start":{"line":11,"column":19},"end":{"line":11,"column":79}},"5":{"start":{"line":12,"column":4},"end":{"line":12,"column":21}},"6":{"start":{"line":16,"column":20},"end":{"line":16,"column":86}},"7":{"start":{"line":17,"column":4},"end":{"line":17,"column":78}},"8":{"start":{"line":17,"column":18},"end":{"line":17,"column":78}},"9":{"start":{"line":18,"column":21},"end":{"line":18,"column":101}},"10":{"start":{"line":19,"column":4},"end":{"line":19,"column":32}},"11":{"start":{"line":23,"column":18},"end":{"line":23,"column":86}},"12":{"start":{"line":24,"column":4},"end":{"line":24,"column":74}},"13":{"start":{"line":24,"column":16},"end":{"line":24,"column":74}},"14":{"start":{"line":25,"column":20},"end":{"line":25,"column":80}},"15":{"start":{"line":26,"column":19},"end":{"line":26,"column":88}},"16":{"start":{"line":27,"column":4},"end":{"line":27,"column":21}},"17":{"start":{"line":31,"column":29},"end":{"line":31,"column":37}},"18":{"start":{"line":32,"column":26},"end":{"line":32,"column":94}},"19":{"start":{"line":33,"column":4},"end":{"line":33,"column":91}},"20":{"start":{"line":33,"column":24},"end":{"line":33,"column":91}},"21":{"start":{"line":34,"column":23},"end":{"line":34,"column":99}},"22":{"start":{"line":35,"column":4},"end":{"line":35,"column":29}},"23":{"start":{"line":39,"column":49},"end":{"line":39,"column":57}},"24":{"start":{"line":40,"column":18},"end":{"line":40,"column":108}},"25":{"start":{"line":41,"column":4},"end":{"line":41,"column":24}},"26":{"start":{"line":45,"column":31},"end":{"line":45,"column":39}},"27":{"start":{"line":46,"column":18},"end":{"line":46,"column":89}},"28":{"start":{"line":47,"column":4},"end":{"line":47,"column":81}},"29":{"start":{"line":47,"column":16},"end":{"line":47,"column":81}},"30":{"start":{"line":48,"column":4},"end":{"line":50,"column":5}},"31":{"start":{"line":49,"column":6},"end":{"line":49,"column":91}},"32":{"start":{"line":51,"column":20},"end":{"line":51,"column":94}},"33":{"start":{"line":52,"column":4},"end":{"line":52,"column":22}},"34":{"start":{"line":56,"column":19},"end":{"line":56,"column":79}},"35":{"start":{"line":57,"column":4},"end":{"line":57,"column":21}},"36":{"start":{"line":61,"column":20},"end":{"line":61,"column":86}},"37":{"start":{"line":62,"column":4},"end":{"line":62,"column":78}},"38":{"start":{"line":62,"column":18},"end":{"line":62,"column":78}},"39":{"start":{"line":63,"column":19},"end":{"line":63,"column":79}},"40":{"start":{"line":64,"column":4},"end":{"line":64,"column":21}},"41":{"start":{"line":68,"column":18},"end":{"line":72,"column":6}},"42":{"start":{"line":73,"column":4},"end":{"line":73,"column":20}}},"fnMap":{"0":{"name":"(anonymous_0)","decl":{"start":{"line":8,"column":2},"end":{"line":8,"column":3}},"loc":{"start":{"line":8,"column":32},"end":{"line":13,"column":3}},"line":8},"1":{"name":"(anonymous_1)","decl":{"start":{"line":15,"column":2},"end":{"line":15,"column":3}},"loc":{"start":{"line":15,"column":33},"end":{"line":20,"column":3}},"line":15},"2":{"name":"(anonymous_2)","decl":{"start":{"line":22,"column":2},"end":{"line":22,"column":3}},"loc":{"start":{"line":22,"column":35},"end":{"line":28,"column":3}},"line":22},"3":{"name":"(anonymous_3)","decl":{"start":{"line":30,"column":2},"end":{"line":30,"column":3}},"loc":{"start":{"line":30,"column":37},"end":{"line":36,"column":3}},"line":30},"4":{"name":"(anonymous_4)","decl":{"start":{"line":38,"column":2},"end":{"line":38,"column":3}},"loc":{"start":{"line":38,"column":32},"end":{"line":42,"column":3}},"line":38},"5":{"name":"(anonymous_5)","decl":{"start":{"line":44,"column":2},"end":{"line":44,"column":3}},"loc":{"start":{"line":44,"column":41},"end":{"line":53,"column":3}},"line":44},"6":{"name":"(anonymous_6)","decl":{"start":{"line":55,"column":2},"end":{"line":55,"column":3}},"loc":{"start":{"line":55,"column":40},"end":{"line":58,"column":3}},"line":55},"7":{"name":"(anonymous_7)","decl":{"start":{"line":60,"column":2},"end":{"line":60,"column":3}},"loc":{"start":{"line":60,"column":37},"end":{"line":65,"column":3}},"line":60},"8":{"name":"(anonymous_8)","decl":{"start":{"line":67,"column":2},"end":{"line":67,"column":3}},"loc":{"start":{"line":67,"column":31},"end":{"line":74,"column":3}},"line":67}},"branchMap":{"0":{"loc":{"start":{"line":10,"column":4},"end":{"line":10,"column":78}},"type":"if","locations":[{"start":{"line":10,"column":4},"end":{"line":10,"column":78}},{"start":{},"end":{}}],"line":10},"1":{"loc":{"start":{"line":17,"column":4},"end":{"line":17,"column":78}},"type":"if","locations":[{"start":{"line":17,"column":4},"end":{"line":17,"column":78}},{"start":{},"end":{}}],"line":17},"2":{"loc":{"start":{"line":24,"column":4},"end":{"line":24,"column":74}},"type":"if","locations":[{"start":{"line":24,"column":4},"end":{"line":24,"column":74}},{"start":{},"end":{}}],"line":24},"3":{"loc":{"start":{"line":25,"column":20},"end":{"line":25,"column":80}},"type":"cond-expr","locations":[{"start":{"line":25,"column":51},"end":{"line":25,"column":64}},{"start":{"line":25,"column":67},"end":{"line":25,"column":80}}],"line":25},"4":{"loc":{"start":{"line":33,"column":4},"end":{"line":33,"column":91}},"type":"if","locations":[{"start":{"line":33,"column":4},"end":{"line":33,"column":91}},{"start":{},"end":{}}],"line":33},"5":{"loc":{"start":{"line":47,"column":4},"end":{"line":47,"column":81}},"type":"if","locations":[{"start":{"line":47,"column":4},"end":{"line":47,"column":81}},{"start":{},"end":{}}],"line":47},"6":{"loc":{"start":{"line":48,"column":4},"end":{"line":50,"column":5}},"type":"if","locations":[{"start":{"line":48,"column":4},"end":{"line":50,"column":5}},{"start":{},"end":{}}],"line":48},"7":{"loc":{"start":{"line":62,"column":4},"end":{"line":62,"column":78}},"type":"if","locations":[{"start":{"line":62,"column":4},"end":{"line":62,"column":78}},{"start":{},"end":{}}],"line":62}},"s":{"0":13,"1":0,"2":0,"3":0,"4":0,"5":0,"6":0,"7":0,"8":0,"9":0,"10":0,"11":1,"12":1,"13":0,"14":1,"15":1,"16":1,"17":0,"18":0,"19":0,"20":0,"21":0,"22":0,"23":0,"24":0,"25":0,"26":0,"27":0,"28":0,"29":0,"30":0,"31":0,"32":0,"33":0,"34":0,"35":0,"36":0,"37":0,"38":0,"39":0,"40":0,"41":0,"42":0},"f":{"0":0,"1":0,"2":1,"3":0,"4":0,"5":0,"6":0,"7":0,"8":0},"b":{"0":[0,0],"1":[0,0],"2":[0,1],"3":[0,1],"4":[0,0],"5":[0,0],"6":[0,0],"7":[0,0]},"inputSourceMap":null,"_coverageSchema":"1a1c01bbd47fc00a2c39e90264f33305004495a9","hash":"baac38433034576f514f02207291410709ce84a1"}
,"C:\\GITHUB\\Dating-app\\backend\\src\\controllers\\auth.controller.js": {"path":"C:\\GITHUB\\Dating-app\\backend\\src\\controllers\\auth.controller.js","statementMap":{"0":{"start":{"line":9,"column":22},"end":{"line":9,"column":61}},"1":{"start":{"line":10,"column":17},"end":{"line":10,"column":68}},"2":{"start":{"line":12,"column":4},"end":{"line":12,"column":105}},"3":{"start":{"line":16,"column":22},"end":{"line":16,"column":61}},"4":{"start":{"line":17,"column":48},"end":{"line":17,"column":96}},"5":{"start":{"line":20,"column":4},"end":{"line":25,"column":7}},"6":{"start":{"line":28,"column":4},"end":{"line":28,"column":92}},"7":{"start":{"line":32,"column":22},"end":{"line":32,"column":61}},"8":{"start":{"line":33,"column":48},"end":{"line":33,"column":92}},"9":{"start":{"line":35,"column":4},"end":{"line":40,"column":7}},"10":{"start":{"line":42,"column":4},"end":{"line":42,"column":51}},"11":{"start":{"line":46,"column":22},"end":{"line":46,"column":61}},"12":{"start":{"line":47,"column":18},"end":{"line":47,"column":68}},"13":{"start":{"line":49,"column":4},"end":{"line":51,"column":5}},"14":{"start":{"line":50,"column":6},"end":{"line":50,"column":73}},"15":{"start":{"line":53,"column":48},"end":{"line":53,"column":101}},"16":{"start":{"line":55,"column":4},"end":{"line":60,"column":7}},"17":{"start":{"line":62,"column":4},"end":{"line":62,"column":51}},"18":{"start":{"line":66,"column":22},"end":{"line":66,"column":61}},"19":{"start":{"line":67,"column":4},"end":{"line":67,"column":70}},"20":{"start":{"line":68,"column":4},"end":{"line":68,"column":86}},"21":{"start":{"line":72,"column":22},"end":{"line":72,"column":61}},"22":{"start":{"line":73,"column":4},"end":{"line":73,"column":57}},"23":{"start":{"line":74,"column":4},"end":{"line":74,"column":77}},"24":{"start":{"line":78,"column":18},"end":{"line":78,"column":68}},"25":{"start":{"line":79,"column":4},"end":{"line":81,"column":5}},"26":{"start":{"line":80,"column":6},"end":{"line":80,"column":42}},"27":{"start":{"line":82,"column":4},"end":{"line":82,"column":36}},"28":{"start":{"line":83,"column":4},"end":{"line":83,"column":53}},"29":{"start":{"line":87,"column":19},"end":{"line":87,"column":29}},"30":{"start":{"line":88,"column":4},"end":{"line":88,"column":49}},"31":{"start":{"line":89,"column":4},"end":{"line":89,"column":36}},"32":{"start":{"line":90,"column":4},"end":{"line":90,"column":68}},"33":{"start":{"line":94,"column":17},"end":{"line":101,"column":6}},"34":{"start":{"line":103,"column":4},"end":{"line":105,"column":5}},"35":{"start":{"line":104,"column":6},"end":{"line":104,"column":48}},"36":{"start":{"line":107,"column":4},"end":{"line":109,"column":5}},"37":{"start":{"line":108,"column":6},"end":{"line":108,"column":88}},"38":{"start":{"line":108,"column":41},"end":{"line":108,"column":86}},"39":{"start":{"line":111,"column":4},"end":{"line":113,"column":7}},"40":{"start":{"line":117,"column":30},"end":{"line":117,"column":50}}},"fnMap":{"0":{"name":"(anonymous_0)","decl":{"start":{"line":8,"column":2},"end":{"line":8,"column":3}},"loc":{"start":{"line":8,"column":27},"end":{"line":13,"column":3}},"line":8},"1":{"name":"(anonymous_1)","decl":{"start":{"line":15,"column":2},"end":{"line":15,"column":3}},"loc":{"start":{"line":15,"column":28},"end":{"line":29,"column":3}},"line":15},"2":{"name":"(anonymous_2)","decl":{"start":{"line":31,"column":2},"end":{"line":31,"column":3}},"loc":{"start":{"line":31,"column":24},"end":{"line":43,"column":3}},"line":31},"3":{"name":"(anonymous_3)","decl":{"start":{"line":45,"column":2},"end":{"line":45,"column":3}},"loc":{"start":{"line":45,"column":31},"end":{"line":63,"column":3}},"line":45},"4":{"name":"(anonymous_4)","decl":{"start":{"line":65,"column":2},"end":{"line":65,"column":3}},"loc":{"start":{"line":65,"column":39},"end":{"line":69,"column":3}},"line":65},"5":{"name":"(anonymous_5)","decl":{"start":{"line":71,"column":2},"end":{"line":71,"column":3}},"loc":{"start":{"line":71,"column":32},"end":{"line":75,"column":3}},"line":71},"6":{"name":"(anonymous_6)","decl":{"start":{"line":77,"column":2},"end":{"line":77,"column":3}},"loc":{"start":{"line":77,"column":25},"end":{"line":84,"column":3}},"line":77},"7":{"name":"(anonymous_7)","decl":{"start":{"line":86,"column":2},"end":{"line":86,"column":3}},"loc":{"start":{"line":86,"column":28},"end":{"line":91,"column":3}},"line":86},"8":{"name":"(anonymous_8)","decl":{"start":{"line":93,"column":2},"end":{"line":93,"column":3}},"loc":{"start":{"line":93,"column":24},"end":{"line":114,"column":3}},"line":93},"9":{"name":"(anonymous_9)","decl":{"start":{"line":108,"column":31},"end":{"line":108,"column":32}},"loc":{"start":{"line":108,"column":41},"end":{"line":108,"column":86}},"line":108}},"branchMap":{"0":{"loc":{"start":{"line":9,"column":22},"end":{"line":9,"column":61}},"type":"binary-expr","locations":[{"start":{"line":9,"column":22},"end":{"line":9,"column":28}},{"start":{"line":9,"column":32},"end":{"line":9,"column":61}}],"line":9},"1":{"loc":{"start":{"line":16,"column":22},"end":{"line":16,"column":61}},"type":"binary-expr","locations":[{"start":{"line":16,"column":22},"end":{"line":16,"column":28}},{"start":{"line":16,"column":32},"end":{"line":16,"column":61}}],"line":16},"2":{"loc":{"start":{"line":32,"column":22},"end":{"line":32,"column":61}},"type":"binary-expr","locations":[{"start":{"line":32,"column":22},"end":{"line":32,"column":28}},{"start":{"line":32,"column":32},"end":{"line":32,"column":61}}],"line":32},"3":{"loc":{"start":{"line":46,"column":22},"end":{"line":46,"column":61}},"type":"binary-expr","locations":[{"start":{"line":46,"column":22},"end":{"line":46,"column":28}},{"start":{"line":46,"column":32},"end":{"line":46,"column":61}}],"line":46},"4":{"loc":{"start":{"line":47,"column":18},"end":{"line":47,"column":68}},"type":"binary-expr","locations":[{"start":{"line":47,"column":18},"end":{"line":47,"column":43}},{"start":{"line":47,"column":47},"end":{"line":47,"column":68}}],"line":47},"5":{"loc":{"start":{"line":49,"column":4},"end":{"line":51,"column":5}},"type":"if","locations":[{"start":{"line":49,"column":4},"end":{"line":51,"column":5}},{"start":{},"end":{}}],"line":49},"6":{"loc":{"start":{"line":66,"column":22},"end":{"line":66,"column":61}},"type":"binary-expr","locations":[{"start":{"line":66,"column":22},"end":{"line":66,"column":28}},{"start":{"line":66,"column":32},"end":{"line":66,"column":61}}],"line":66},"7":{"loc":{"start":{"line":72,"column":22},"end":{"line":72,"column":61}},"type":"binary-expr","locations":[{"start":{"line":72,"column":22},"end":{"line":72,"column":28}},{"start":{"line":72,"column":32},"end":{"line":72,"column":61}}],"line":72},"8":{"loc":{"start":{"line":78,"column":18},"end":{"line":78,"column":68}},"type":"binary-expr","locations":[{"start":{"line":78,"column":18},"end":{"line":78,"column":43}},{"start":{"line":78,"column":47},"end":{"line":78,"column":68}}],"line":78},"9":{"loc":{"start":{"line":79,"column":4},"end":{"line":81,"column":5}},"type":"if","locations":[{"start":{"line":79,"column":4},"end":{"line":81,"column":5}},{"start":{},"end":{}}],"line":79},"10":{"loc":{"start":{"line":103,"column":4},"end":{"line":105,"column":5}},"type":"if","locations":[{"start":{"line":103,"column":4},"end":{"line":105,"column":5}},{"start":{},"end":{}}],"line":103},"11":{"loc":{"start":{"line":107,"column":4},"end":{"line":109,"column":5}},"type":"if","locations":[{"start":{"line":107,"column":4},"end":{"line":109,"column":5}},{"start":{},"end":{}}],"line":107},"12":{"loc":{"start":{"line":107,"column":8},"end":{"line":107,"column":43}},"type":"binary-expr","locations":[{"start":{"line":107,"column":8},"end":{"line":107,"column":20}},{"start":{"line":107,"column":24},"end":{"line":107,"column":43}}],"line":107},"13":{"loc":{"start":{"line":108,"column":42},"end":{"line":108,"column":61}},"type":"cond-expr","locations":[{"start":{"line":108,"column":56},"end":{"line":108,"column":57}},{"start":{"line":108,"column":60},"end":{"line":108,"column":61}}],"line":108},"14":{"loc":{"start":{"line":108,"column":66},"end":{"line":108,"column":85}},"type":"cond-expr","locations":[{"start":{"line":108,"column":80},"end":{"line":108,"column":81}},{"start":{"line":108,"column":84},"end":{"line":108,"column":85}}],"line":108}},"s":{"0":0,"1":0,"2":0,"3":0,"4":0,"5":0,"6":0,"7":0,"8":0,"9":0,"10":0,"11":0,"12":0,"13":0,"14":0,"15":0,"16":0,"17":0,"18":0,"19":0,"20":0,"21":0,"22":0,"23":0,"24":0,"25":0,"26":0,"27":0,"28":0,"29":0,"30":0,"31":0,"32":0,"33":0,"34":0,"35":0,"36":0,"37":0,"38":0,"39":0,"40":13},"f":{"0":0,"1":0,"2":0,"3":0,"4":0,"5":0,"6":0,"7":0,"8":0,"9":0},"b":{"0":[0,0],"1":[0,0],"2":[0,0],"3":[0,0],"4":[0,0],"5":[0,0],"6":[0,0],"7":[0,0],"8":[0,0],"9":[0,0],"10":[0,0],"11":[0,0],"12":[0,0],"13":[0,0],"14":[0,0]},"inputSourceMap":null,"_coverageSchema":"1a1c01bbd47fc00a2c39e90264f33305004495a9","hash":"d327623debed0a2d4669c193fcdd1c4563ecf530"}
,"C:\\GITHUB\\Dating-app\\backend\\src\\controllers\\discovery.controller.js": {"path":"C:\\GITHUB\\Dating-app\\backend\\src\\controllers\\discovery.controller.js","statementMap":{"0":{"start":{"line":4,"column":35},"end":{"line":26,"column":1}},"1":{"start":{"line":6,"column":17},"end":{"line":6,"column":46}},"2":{"start":{"line":7,"column":17},"end":{"line":7,"column":74}},"3":{"start":{"line":8,"column":4},"end":{"line":8,"column":19}},"4":{"start":{"line":12,"column":18},"end":{"line":12,"column":65}},"5":{"start":{"line":13,"column":4},"end":{"line":13,"column":20}},"6":{"start":{"line":17,"column":20},"end":{"line":17,"column":82}},"7":{"start":{"line":18,"column":4},"end":{"line":18,"column":102}},"8":{"start":{"line":22,"column":33},"end":{"line":22,"column":41}},"9":{"start":{"line":23,"column":4},"end":{"line":23,"column":78}},"10":{"start":{"line":24,"column":4},"end":{"line":24,"column":44}}},"fnMap":{"0":{"name":"(anonymous_0)","decl":{"start":{"line":5,"column":2},"end":{"line":5,"column":3}},"loc":{"start":{"line":5,"column":35},"end":{"line":9,"column":3}},"line":5},"1":{"name":"(anonymous_1)","decl":{"start":{"line":11,"column":2},"end":{"line":11,"column":3}},"loc":{"start":{"line":11,"column":33},"end":{"line":14,"column":3}},"line":11},"2":{"name":"(anonymous_2)","decl":{"start":{"line":16,"column":2},"end":{"line":16,"column":3}},"loc":{"start":{"line":16,"column":36},"end":{"line":19,"column":3}},"line":16},"3":{"name":"(anonymous_3)","decl":{"start":{"line":21,"column":2},"end":{"line":21,"column":3}},"loc":{"start":{"line":21,"column":30},"end":{"line":25,"column":3}},"line":21}},"branchMap":{"0":{"loc":{"start":{"line":6,"column":17},"end":{"line":6,"column":46}},"type":"binary-expr","locations":[{"start":{"line":6,"column":17},"end":{"line":6,"column":41}},{"start":{"line":6,"column":45},"end":{"line":6,"column":46}}],"line":6}},"s":{"0":13,"1":1,"2":1,"3":1,"4":0,"5":0,"6":0,"7":0,"8":0,"9":0,"10":0},"f":{"0":1,"1":0,"2":0,"3":0},"b":{"0":[1,1]},"inputSourceMap":null,"_coverageSchema":"1a1c01bbd47fc00a2c39e90264f33305004495a9","hash":"06605e151e1ec7c97814aa6fa1ce83aca903499c"}
,"C:\\GITHUB\\Dating-app\\backend\\src\\controllers\\growth.controller.js": {"path":"C:\\GITHUB\\Dating-app\\backend\\src\\controllers\\growth.controller.js","statementMap":{"0":{"start":{"line":4,"column":32},"end":{"line":99,"column":1}},"1":{"start":{"line":6,"column":18},"end":{"line":6,"column":48}},"2":{"start":{"line":7,"column":4},"end":{"line":7,"column":20}},"3":{"start":{"line":11,"column":23},"end":{"line":11,"column":31}},"4":{"start":{"line":12,"column":16},"end":{"line":12,"column":65}},"5":{"start":{"line":13,"column":4},"end":{"line":13,"column":30}},"6":{"start":{"line":17,"column":17},"end":{"line":17,"column":86}},"7":{"start":{"line":18,"column":4},"end":{"line":18,"column":19}},"8":{"start":{"line":22,"column":16},"end":{"line":22,"column":81}},"9":{"start":{"line":23,"column":4},"end":{"line":23,"column":18}},"10":{"start":{"line":27,"column":23},"end":{"line":27,"column":40}},"11":{"start":{"line":28,"column":4},"end":{"line":31,"column":5}},"12":{"start":{"line":29,"column":24},"end":{"line":29,"column":81}},"13":{"start":{"line":30,"column":6},"end":{"line":30,"column":66}},"14":{"start":{"line":33,"column":25},"end":{"line":36,"column":6}},"15":{"start":{"line":37,"column":4},"end":{"line":37,"column":27}},"16":{"start":{"line":41,"column":21},"end":{"line":41,"column":52}},"17":{"start":{"line":42,"column":4},"end":{"line":42,"column":23}},"18":{"start":{"line":46,"column":16},"end":{"line":46,"column":29}},"19":{"start":{"line":47,"column":4},"end":{"line":50,"column":5}},"20":{"start":{"line":48,"column":22},"end":{"line":48,"column":75}},"21":{"start":{"line":49,"column":6},"end":{"line":49,"column":40}},"22":{"start":{"line":51,"column":4},"end":{"line":51,"column":17}},"23":{"start":{"line":55,"column":16},"end":{"line":55,"column":29}},"24":{"start":{"line":56,"column":4},"end":{"line":59,"column":5}},"25":{"start":{"line":57,"column":22},"end":{"line":57,"column":79}},"26":{"start":{"line":58,"column":6},"end":{"line":58,"column":40}},"27":{"start":{"line":60,"column":4},"end":{"line":60,"column":17}},"28":{"start":{"line":64,"column":21},"end":{"line":64,"column":29}},"29":{"start":{"line":65,"column":19},"end":{"line":65,"column":71}},"30":{"start":{"line":66,"column":4},"end":{"line":66,"column":33}},"31":{"start":{"line":70,"column":20},"end":{"line":70,"column":113}},"32":{"start":{"line":71,"column":4},"end":{"line":71,"column":22}},"33":{"start":{"line":75,"column":20},"end":{"line":75,"column":62}},"34":{"start":{"line":76,"column":4},"end":{"line":76,"column":22}},"35":{"start":{"line":80,"column":19},"end":{"line":80,"column":78}},"36":{"start":{"line":81,"column":4},"end":{"line":81,"column":21}},"37":{"start":{"line":85,"column":26},"end":{"line":85,"column":34}},"38":{"start":{"line":86,"column":21},"end":{"line":86,"column":79}},"39":{"start":{"line":87,"column":4},"end":{"line":87,"column":35}},"40":{"start":{"line":91,"column":22},"end":{"line":91,"column":91}},"41":{"start":{"line":92,"column":4},"end":{"line":92,"column":24}},"42":{"start":{"line":96,"column":25},"end":{"line":96,"column":72}},"43":{"start":{"line":97,"column":4},"end":{"line":97,"column":27}}},"fnMap":{"0":{"name":"(anonymous_0)","decl":{"start":{"line":5,"column":2},"end":{"line":5,"column":3}},"loc":{"start":{"line":5,"column":27},"end":{"line":8,"column":3}},"line":5},"1":{"name":"(anonymous_1)","decl":{"start":{"line":10,"column":2},"end":{"line":10,"column":3}},"loc":{"start":{"line":10,"column":28},"end":{"line":14,"column":3}},"line":10},"2":{"name":"(anonymous_2)","decl":{"start":{"line":16,"column":2},"end":{"line":16,"column":3}},"loc":{"start":{"line":16,"column":35},"end":{"line":19,"column":3}},"line":16},"3":{"name":"(anonymous_3)","decl":{"start":{"line":21,"column":2},"end":{"line":21,"column":3}},"loc":{"start":{"line":21,"column":37},"end":{"line":24,"column":3}},"line":21},"4":{"name":"(anonymous_4)","decl":{"start":{"line":26,"column":2},"end":{"line":26,"column":3}},"loc":{"start":{"line":26,"column":34},"end":{"line":38,"column":3}},"line":26},"5":{"name":"(anonymous_5)","decl":{"start":{"line":40,"column":2},"end":{"line":40,"column":3}},"loc":{"start":{"line":40,"column":30},"end":{"line":43,"column":3}},"line":40},"6":{"name":"(anonymous_6)","decl":{"start":{"line":45,"column":2},"end":{"line":45,"column":3}},"loc":{"start":{"line":45,"column":34},"end":{"line":52,"column":3}},"line":45},"7":{"name":"(anonymous_7)","decl":{"start":{"line":54,"column":2},"end":{"line":54,"column":3}},"loc":{"start":{"line":54,"column":33},"end":{"line":61,"column":3}},"line":54},"8":{"name":"(anonymous_8)","decl":{"start":{"line":63,"column":2},"end":{"line":63,"column":3}},"loc":{"start":{"line":63,"column":33},"end":{"line":67,"column":3}},"line":63},"9":{"name":"(anonymous_9)","decl":{"start":{"line":69,"column":2},"end":{"line":69,"column":3}},"loc":{"start":{"line":69,"column":32},"end":{"line":72,"column":3}},"line":69},"10":{"name":"(anonymous_10)","decl":{"start":{"line":74,"column":2},"end":{"line":74,"column":3}},"loc":{"start":{"line":74,"column":29},"end":{"line":77,"column":3}},"line":74},"11":{"name":"(anonymous_11)","decl":{"start":{"line":79,"column":2},"end":{"line":79,"column":3}},"loc":{"start":{"line":79,"column":31},"end":{"line":82,"column":3}},"line":79},"12":{"name":"(anonymous_12)","decl":{"start":{"line":84,"column":2},"end":{"line":84,"column":3}},"loc":{"start":{"line":84,"column":34},"end":{"line":88,"column":3}},"line":84},"13":{"name":"(anonymous_13)","decl":{"start":{"line":90,"column":2},"end":{"line":90,"column":3}},"loc":{"start":{"line":90,"column":31},"end":{"line":93,"column":3}},"line":90},"14":{"name":"(anonymous_14)","decl":{"start":{"line":95,"column":2},"end":{"line":95,"column":3}},"loc":{"start":{"line":95,"column":34},"end":{"line":98,"column":3}},"line":95}},"branchMap":{"0":{"loc":{"start":{"line":28,"column":4},"end":{"line":31,"column":5}},"type":"if","locations":[{"start":{"line":28,"column":4},"end":{"line":31,"column":5}},{"start":{},"end":{}}],"line":28},"1":{"loc":{"start":{"line":47,"column":4},"end":{"line":50,"column":5}},"type":"if","locations":[{"start":{"line":47,"column":4},"end":{"line":50,"column":5}},{"start":{},"end":{}}],"line":47},"2":{"loc":{"start":{"line":56,"column":4},"end":{"line":59,"column":5}},"type":"if","locations":[{"start":{"line":56,"column":4},"end":{"line":59,"column":5}},{"start":{},"end":{}}],"line":56}},"s":{"0":13,"1":0,"2":0,"3":0,"4":0,"5":0,"6":0,"7":0,"8":0,"9":0,"10":0,"11":0,"12":0,"13":0,"14":0,"15":0,"16":0,"17":0,"18":0,"19":0,"20":0,"21":0,"22":0,"23":0,"24":0,"25":0,"26":0,"27":0,"28":0,"29":0,"30":0,"31":0,"32":0,"33":0,"34":0,"35":0,"36":0,"37":0,"38":0,"39":0,"40":0,"41":0,"42":0,"43":0},"f":{"0":0,"1":0,"2":0,"3":0,"4":0,"5":0,"6":0,"7":0,"8":0,"9":0,"10":0,"11":0,"12":0,"13":0,"14":0},"b":{"0":[0,0],"1":[0,0],"2":[0,0]},"inputSourceMap":null,"_coverageSchema":"1a1c01bbd47fc00a2c39e90264f33305004495a9","hash":"1cfea17ecf0735cd4a5be07a69b081f9f53f3fcb"}
,"C:\\GITHUB\\Dating-app\\backend\\src\\controllers\\interaction.controller.js": {"path":"C:\\GITHUB\\Dating-app\\backend\\src\\controllers\\interaction.controller.js","statementMap":{"0":{"start":{"line":3,"column":37},"end":{"line":29,"column":1}},"1":{"start":{"line":5,"column":33},"end":{"line":5,"column":41}},"2":{"start":{"line":6,"column":19},"end":{"line":6,"column":86}},"3":{"start":{"line":7,"column":4},"end":{"line":7,"column":21}},"4":{"start":{"line":11,"column":20},"end":{"line":11,"column":67}},"5":{"start":{"line":12,"column":4},"end":{"line":12,"column":22}},"6":{"start":{"line":16,"column":18},"end":{"line":16,"column":63}},"7":{"start":{"line":17,"column":4},"end":{"line":17,"column":20}},"8":{"start":{"line":21,"column":20},"end":{"line":21,"column":67}},"9":{"start":{"line":22,"column":4},"end":{"line":22,"column":22}},"10":{"start":{"line":26,"column":4},"end":{"line":26,"column":68}},"11":{"start":{"line":27,"column":4},"end":{"line":27,"column":59}}},"fnMap":{"0":{"name":"(anonymous_0)","decl":{"start":{"line":4,"column":2},"end":{"line":4,"column":3}},"loc":{"start":{"line":4,"column":24},"end":{"line":8,"column":3}},"line":4},"1":{"name":"(anonymous_1)","decl":{"start":{"line":10,"column":2},"end":{"line":10,"column":3}},"loc":{"start":{"line":10,"column":29},"end":{"line":13,"column":3}},"line":10},"2":{"name":"(anonymous_2)","decl":{"start":{"line":15,"column":2},"end":{"line":15,"column":3}},"loc":{"start":{"line":15,"column":27},"end":{"line":18,"column":3}},"line":15},"3":{"name":"(anonymous_3)","decl":{"start":{"line":20,"column":2},"end":{"line":20,"column":3}},"loc":{"start":{"line":20,"column":29},"end":{"line":23,"column":3}},"line":20},"4":{"name":"(anonymous_4)","decl":{"start":{"line":25,"column":2},"end":{"line":25,"column":3}},"loc":{"start":{"line":25,"column":30},"end":{"line":28,"column":3}},"line":25}},"branchMap":{},"s":{"0":13,"1":2,"2":2,"3":2,"4":0,"5":0,"6":0,"7":0,"8":0,"9":0,"10":0,"11":0},"f":{"0":2,"1":0,"2":0,"3":0,"4":0},"b":{},"inputSourceMap":null,"_coverageSchema":"1a1c01bbd47fc00a2c39e90264f33305004495a9","hash":"0a9a6f13fc81ebda32eb034274cf0b0aaac67205"}
,"C:\\GITHUB\\Dating-app\\backend\\src\\controllers\\moderation.controller.js": {"path":"C:\\GITHUB\\Dating-app\\backend\\src\\controllers\\moderation.controller.js","statementMap":{"0":{"start":{"line":4,"column":36},"end":{"line":28,"column":1}},"1":{"start":{"line":7,"column":18},"end":{"line":10,"column":6}},"2":{"start":{"line":11,"column":4},"end":{"line":11,"column":20}},"3":{"start":{"line":16,"column":30},"end":{"line":16,"column":38}},"4":{"start":{"line":18,"column":20},"end":{"line":18,"column":96}},"5":{"start":{"line":19,"column":4},"end":{"line":19,"column":22}},"6":{"start":{"line":24,"column":29},"end":{"line":24,"column":37}},"7":{"start":{"line":25,"column":19},"end":{"line":25,"column":96}},"8":{"start":{"line":26,"column":4},"end":{"line":26,"column":21}}},"fnMap":{"0":{"name":"(anonymous_0)","decl":{"start":{"line":6,"column":2},"end":{"line":6,"column":3}},"loc":{"start":{"line":6,"column":27},"end":{"line":12,"column":3}},"line":6},"1":{"name":"(anonymous_1)","decl":{"start":{"line":15,"column":2},"end":{"line":15,"column":3}},"loc":{"start":{"line":15,"column":30},"end":{"line":20,"column":3}},"line":15},"2":{"name":"(anonymous_2)","decl":{"start":{"line":23,"column":2},"end":{"line":23,"column":3}},"loc":{"start":{"line":23,"column":32},"end":{"line":27,"column":3}},"line":23}},"branchMap":{},"s":{"0":13,"1":0,"2":0,"3":0,"4":0,"5":0,"6":0,"7":0,"8":0},"f":{"0":0,"1":0,"2":0},"b":{},"inputSourceMap":null,"_coverageSchema":"1a1c01bbd47fc00a2c39e90264f33305004495a9","hash":"da628bf10e00b7ebdb2bfef3f79bd64e546598bc"}
,"C:\\GITHUB\\Dating-app\\backend\\src\\controllers\\ops.controller.js": {"path":"C:\\GITHUB\\Dating-app\\backend\\src\\controllers\\ops.controller.js","statementMap":{"0":{"start":{"line":4,"column":29},"end":{"line":25,"column":1}},"1":{"start":{"line":6,"column":17},"end":{"line":6,"column":53}},"2":{"start":{"line":7,"column":4},"end":{"line":7,"column":19}},"3":{"start":{"line":10,"column":19},"end":{"line":10,"column":58}},"4":{"start":{"line":11,"column":4},"end":{"line":11,"column":21}},"5":{"start":{"line":14,"column":18},"end":{"line":14,"column":52}},"6":{"start":{"line":15,"column":4},"end":{"line":15,"column":20}},"7":{"start":{"line":18,"column":22},"end":{"line":18,"column":58}},"8":{"start":{"line":19,"column":4},"end":{"line":19,"column":24}},"9":{"start":{"line":22,"column":21},"end":{"line":22,"column":80}},"10":{"start":{"line":23,"column":4},"end":{"line":23,"column":35}}},"fnMap":{"0":{"name":"(anonymous_0)","decl":{"start":{"line":5,"column":2},"end":{"line":5,"column":3}},"loc":{"start":{"line":5,"column":31},"end":{"line":8,"column":3}},"line":5},"1":{"name":"(anonymous_1)","decl":{"start":{"line":9,"column":2},"end":{"line":9,"column":3}},"loc":{"start":{"line":9,"column":28},"end":{"line":12,"column":3}},"line":9},"2":{"name":"(anonymous_2)","decl":{"start":{"line":13,"column":2},"end":{"line":13,"column":3}},"loc":{"start":{"line":13,"column":24},"end":{"line":16,"column":3}},"line":13},"3":{"name":"(anonymous_3)","decl":{"start":{"line":17,"column":2},"end":{"line":17,"column":3}},"loc":{"start":{"line":17,"column":31},"end":{"line":20,"column":3}},"line":17},"4":{"name":"(anonymous_4)","decl":{"start":{"line":21,"column":2},"end":{"line":21,"column":3}},"loc":{"start":{"line":21,"column":33},"end":{"line":24,"column":3}},"line":21}},"branchMap":{},"s":{"0":13,"1":0,"2":0,"3":0,"4":0,"5":0,"6":0,"7":0,"8":0,"9":0,"10":0},"f":{"0":0,"1":0,"2":0,"3":0,"4":0},"b":{},"inputSourceMap":null,"_coverageSchema":"1a1c01bbd47fc00a2c39e90264f33305004495a9","hash":"ddf4c9681faf0d7ebadbbe00db3baff235d1cdf0"}
,"C:\\GITHUB\\Dating-app\\backend\\src\\controllers\\photo.controller.js": {"path":"C:\\GITHUB\\Dating-app\\backend\\src\\controllers\\photo.controller.js","statementMap":{"0":{"start":{"line":4,"column":31},"end":{"line":58,"column":1}},"1":{"start":{"line":6,"column":4},"end":{"line":8,"column":5}},"2":{"start":{"line":7,"column":6},"end":{"line":7,"column":52}},"3":{"start":{"line":11,"column":23},"end":{"line":11,"column":64}},"4":{"start":{"line":12,"column":4},"end":{"line":14,"column":5}},"5":{"start":{"line":13,"column":6},"end":{"line":13,"column":84}},"6":{"start":{"line":16,"column":22},"end":{"line":16,"column":82}},"7":{"start":{"line":18,"column":18},"end":{"line":23,"column":5}},"8":{"start":{"line":25,"column":4},"end":{"line":25,"column":32}},"9":{"start":{"line":29,"column":19},"end":{"line":29,"column":59}},"10":{"start":{"line":30,"column":4},"end":{"line":30,"column":21}},"11":{"start":{"line":34,"column":4},"end":{"line":34,"column":62}},"12":{"start":{"line":35,"column":4},"end":{"line":35,"column":56}},"13":{"start":{"line":39,"column":24},"end":{"line":39,"column":32}},"14":{"start":{"line":40,"column":4},"end":{"line":40,"column":67}},"15":{"start":{"line":40,"column":18},"end":{"line":40,"column":67}},"16":{"start":{"line":42,"column":20},"end":{"line":42,"column":75}},"17":{"start":{"line":43,"column":4},"end":{"line":43,"column":67}},"18":{"start":{"line":47,"column":25},"end":{"line":47,"column":77}},"19":{"start":{"line":48,"column":4},"end":{"line":48,"column":84}},"20":{"start":{"line":52,"column":25},"end":{"line":52,"column":77}},"21":{"start":{"line":53,"column":4},"end":{"line":55,"column":5}},"22":{"start":{"line":54,"column":6},"end":{"line":54,"column":60}},"23":{"start":{"line":56,"column":4},"end":{"line":56,"column":83}}},"fnMap":{"0":{"name":"(anonymous_0)","decl":{"start":{"line":5,"column":2},"end":{"line":5,"column":3}},"loc":{"start":{"line":5,"column":30},"end":{"line":26,"column":3}},"line":5},"1":{"name":"(anonymous_1)","decl":{"start":{"line":28,"column":2},"end":{"line":28,"column":3}},"loc":{"start":{"line":28,"column":28},"end":{"line":31,"column":3}},"line":28},"2":{"name":"(anonymous_2)","decl":{"start":{"line":33,"column":2},"end":{"line":33,"column":3}},"loc":{"start":{"line":33,"column":30},"end":{"line":36,"column":3}},"line":33},"3":{"name":"(anonymous_3)","decl":{"start":{"line":38,"column":2},"end":{"line":38,"column":3}},"loc":{"start":{"line":38,"column":29},"end":{"line":44,"column":3}},"line":38},"4":{"name":"(anonymous_4)","decl":{"start":{"line":46,"column":2},"end":{"line":46,"column":3}},"loc":{"start":{"line":46,"column":34},"end":{"line":49,"column":3}},"line":46},"5":{"name":"(anonymous_5)","decl":{"start":{"line":51,"column":2},"end":{"line":51,"column":3}},"loc":{"start":{"line":51,"column":32},"end":{"line":57,"column":3}},"line":51}},"branchMap":{"0":{"loc":{"start":{"line":6,"column":4},"end":{"line":8,"column":5}},"type":"if","locations":[{"start":{"line":6,"column":4},"end":{"line":8,"column":5}},{"start":{},"end":{}}],"line":6},"1":{"loc":{"start":{"line":12,"column":4},"end":{"line":14,"column":5}},"type":"if","locations":[{"start":{"line":12,"column":4},"end":{"line":14,"column":5}},{"start":{},"end":{}}],"line":12},"2":{"loc":{"start":{"line":16,"column":22},"end":{"line":16,"column":82}},"type":"binary-expr","locations":[{"start":{"line":16,"column":22},"end":{"line":16,"column":51}},{"start":{"line":16,"column":55},"end":{"line":16,"column":82}}],"line":16},"3":{"loc":{"start":{"line":40,"column":4},"end":{"line":40,"column":67}},"type":"if","locations":[{"start":{"line":40,"column":4},"end":{"line":40,"column":67}},{"start":{},"end":{}}],"line":40},"4":{"loc":{"start":{"line":48,"column":13},"end":{"line":48,"column":82}},"type":"binary-expr","locations":[{"start":{"line":48,"column":13},"end":{"line":48,"column":25}},{"start":{"line":48,"column":29},"end":{"line":48,"column":82}}],"line":48},"5":{"loc":{"start":{"line":53,"column":4},"end":{"line":55,"column":5}},"type":"if","locations":[{"start":{"line":53,"column":4},"end":{"line":55,"column":5}},{"start":{},"end":{}}],"line":53}},"s":{"0":13,"1":0,"2":0,"3":0,"4":0,"5":0,"6":0,"7":0,"8":0,"9":0,"10":0,"11":0,"12":0,"13":0,"14":0,"15":0,"16":0,"17":0,"18":0,"19":0,"20":0,"21":0,"22":0,"23":0},"f":{"0":0,"1":0,"2":0,"3":0,"4":0,"5":0},"b":{"0":[0,0],"1":[0,0],"2":[0,0],"3":[0,0],"4":[0,0],"5":[0,0]},"inputSourceMap":null,"_coverageSchema":"1a1c01bbd47fc00a2c39e90264f33305004495a9","hash":"d9cd7c4ec559546cfaa82a6c42104936f04e413b"}
,"C:\\GITHUB\\Dating-app\\backend\\src\\controllers\\profile.controller.js": {"path":"C:\\GITHUB\\Dating-app\\backend\\src\\controllers\\profile.controller.js","statementMap":{"0":{"start":{"line":3,"column":33},"end":{"line":76,"column":1}},"1":{"start":{"line":6,"column":33},"end":{"line":6,"column":41}},"2":{"start":{"line":7,"column":4},"end":{"line":7,"column":78}},"3":{"start":{"line":8,"column":4},"end":{"line":8,"column":55}},"4":{"start":{"line":12,"column":19},"end":{"line":12,"column":71}},"5":{"start":{"line":13,"column":4},"end":{"line":13,"column":21}},"6":{"start":{"line":18,"column":20},"end":{"line":18,"column":71}},"7":{"start":{"line":19,"column":4},"end":{"line":19,"column":22}},"8":{"start":{"line":23,"column":20},"end":{"line":23,"column":76}},"9":{"start":{"line":24,"column":4},"end":{"line":24,"column":34}},"10":{"start":{"line":28,"column":20},"end":{"line":28,"column":76}},"11":{"start":{"line":29,"column":4},"end":{"line":29,"column":62}},"12":{"start":{"line":30,"column":4},"end":{"line":30,"column":22}},"13":{"start":{"line":35,"column":17},"end":{"line":35,"column":64}},"14":{"start":{"line":36,"column":4},"end":{"line":36,"column":19}},"15":{"start":{"line":40,"column":17},"end":{"line":40,"column":77}},"16":{"start":{"line":41,"column":4},"end":{"line":41,"column":19}},"17":{"start":{"line":46,"column":21},"end":{"line":46,"column":65}},"18":{"start":{"line":47,"column":4},"end":{"line":47,"column":23}},"19":{"start":{"line":51,"column":21},"end":{"line":51,"column":78}},"20":{"start":{"line":52,"column":4},"end":{"line":52,"column":23}},"21":{"start":{"line":57,"column":36},"end":{"line":57,"column":44}},"22":{"start":{"line":58,"column":20},"end":{"line":58,"column":88}},"23":{"start":{"line":59,"column":4},"end":{"line":59,"column":55}},"24":{"start":{"line":64,"column":4},"end":{"line":64,"column":55}},"25":{"start":{"line":65,"column":4},"end":{"line":65,"column":49}},"26":{"start":{"line":69,"column":4},"end":{"line":69,"column":55}},"27":{"start":{"line":70,"column":4},"end":{"line":70,"column":45}},"28":{"start":{"line":74,"column":4},"end":{"line":74,"column":81}}},"fnMap":{"0":{"name":"(anonymous_0)","decl":{"start":{"line":5,"column":2},"end":{"line":5,"column":3}},"loc":{"start":{"line":5,"column":35},"end":{"line":9,"column":3}},"line":5},"1":{"name":"(anonymous_1)","decl":{"start":{"line":11,"column":2},"end":{"line":11,"column":3}},"loc":{"start":{"line":11,"column":32},"end":{"line":14,"column":3}},"line":11},"2":{"name":"(anonymous_2)","decl":{"start":{"line":17,"column":2},"end":{"line":17,"column":3}},"loc":{"start":{"line":17,"column":31},"end":{"line":20,"column":3}},"line":17},"3":{"name":"(anonymous_3)","decl":{"start":{"line":22,"column":2},"end":{"line":22,"column":3}},"loc":{"start":{"line":22,"column":32},"end":{"line":25,"column":3}},"line":22},"4":{"name":"(anonymous_4)","decl":{"start":{"line":27,"column":2},"end":{"line":27,"column":3}},"loc":{"start":{"line":27,"column":32},"end":{"line":31,"column":3}},"line":27},"5":{"name":"(anonymous_5)","decl":{"start":{"line":34,"column":2},"end":{"line":34,"column":3}},"loc":{"start":{"line":34,"column":33},"end":{"line":37,"column":3}},"line":34},"6":{"name":"(anonymous_6)","decl":{"start":{"line":39,"column":2},"end":{"line":39,"column":3}},"loc":{"start":{"line":39,"column":36},"end":{"line":42,"column":3}},"line":39},"7":{"name":"(anonymous_7)","decl":{"start":{"line":45,"column":2},"end":{"line":45,"column":3}},"loc":{"start":{"line":45,"column":30},"end":{"line":48,"column":3}},"line":45},"8":{"name":"(anonymous_8)","decl":{"start":{"line":50,"column":2},"end":{"line":50,"column":3}},"loc":{"start":{"line":50,"column":33},"end":{"line":53,"column":3}},"line":50},"9":{"name":"(anonymous_9)","decl":{"start":{"line":56,"column":2},"end":{"line":56,"column":3}},"loc":{"start":{"line":56,"column":33},"end":{"line":60,"column":3}},"line":56},"10":{"name":"(anonymous_10)","decl":{"start":{"line":63,"column":2},"end":{"line":63,"column":3}},"loc":{"start":{"line":63,"column":36},"end":{"line":66,"column":3}},"line":63},"11":{"name":"(anonymous_11)","decl":{"start":{"line":68,"column":2},"end":{"line":68,"column":3}},"loc":{"start":{"line":68,"column":32},"end":{"line":71,"column":3}},"line":68},"12":{"name":"(anonymous_12)","decl":{"start":{"line":73,"column":2},"end":{"line":73,"column":3}},"loc":{"start":{"line":73,"column":57},"end":{"line":75,"column":3}},"line":73}},"branchMap":{},"s":{"0":13,"1":0,"2":0,"3":0,"4":0,"5":0,"6":0,"7":0,"8":0,"9":0,"10":0,"11":0,"12":0,"13":0,"14":0,"15":0,"16":0,"17":0,"18":0,"19":0,"20":0,"21":0,"22":0,"23":0,"24":0,"25":0,"26":0,"27":0,"28":0},"f":{"0":0,"1":0,"2":0,"3":0,"4":0,"5":0,"6":0,"7":0,"8":0,"9":0,"10":0,"11":0,"12":0},"b":{},"inputSourceMap":null,"_coverageSchema":"1a1c01bbd47fc00a2c39e90264f33305004495a9","hash":"d5ace47309fa92e4efbb8ca1fb7253406707bce7"}
,"C:\\GITHUB\\Dating-app\\backend\\src\\controllers\\realtime.controller.js": {"path":"C:\\GITHUB\\Dating-app\\backend\\src\\controllers\\realtime.controller.js","statementMap":{"0":{"start":{"line":6,"column":34},"end":{"line":63,"column":1}},"1":{"start":{"line":9,"column":18},"end":{"line":9,"column":76}},"2":{"start":{"line":10,"column":4},"end":{"line":10,"column":20}},"3":{"start":{"line":15,"column":17},"end":{"line":15,"column":85}},"4":{"start":{"line":16,"column":4},"end":{"line":16,"column":19}},"5":{"start":{"line":21,"column":31},"end":{"line":21,"column":41}},"6":{"start":{"line":24,"column":4},"end":{"line":24,"column":74}},"7":{"start":{"line":26,"column":21},"end":{"line":31,"column":6}},"8":{"start":{"line":33,"column":4},"end":{"line":33,"column":33}},"9":{"start":{"line":38,"column":46},"end":{"line":38,"column":54}},"10":{"start":{"line":41,"column":19},"end":{"line":46,"column":6}},"11":{"start":{"line":48,"column":4},"end":{"line":48,"column":21}},"12":{"start":{"line":53,"column":27},"end":{"line":53,"column":35}},"13":{"start":{"line":56,"column":4},"end":{"line":59,"column":7}},"14":{"start":{"line":61,"column":4},"end":{"line":61,"column":32}}},"fnMap":{"0":{"name":"(anonymous_0)","decl":{"start":{"line":8,"column":2},"end":{"line":8,"column":3}},"loc":{"start":{"line":8,"column":35},"end":{"line":11,"column":3}},"line":8},"1":{"name":"(anonymous_1)","decl":{"start":{"line":14,"column":2},"end":{"line":14,"column":3}},"loc":{"start":{"line":14,"column":34},"end":{"line":17,"column":3}},"line":14},"2":{"name":"(anonymous_2)","decl":{"start":{"line":20,"column":2},"end":{"line":20,"column":3}},"loc":{"start":{"line":20,"column":30},"end":{"line":34,"column":3}},"line":20},"3":{"name":"(anonymous_3)","decl":{"start":{"line":37,"column":2},"end":{"line":37,"column":3}},"loc":{"start":{"line":37,"column":30},"end":{"line":49,"column":3}},"line":37},"4":{"name":"(anonymous_4)","decl":{"start":{"line":52,"column":2},"end":{"line":52,"column":3}},"loc":{"start":{"line":52,"column":27},"end":{"line":62,"column":3}},"line":52}},"branchMap":{},"s":{"0":13,"1":0,"2":0,"3":0,"4":0,"5":0,"6":0,"7":0,"8":0,"9":0,"10":0,"11":0,"12":0,"13":0,"14":0},"f":{"0":0,"1":0,"2":0,"3":0,"4":0},"b":{},"inputSourceMap":null,"_coverageSchema":"1a1c01bbd47fc00a2c39e90264f33305004495a9","hash":"b99ffa7cc75944e0fcb946a63f407b989e0b7d13"}
,"C:\\GITHUB\\Dating-app\\backend\\src\\controllers\\trust.controller.js": {"path":"C:\\GITHUB\\Dating-app\\backend\\src\\controllers\\trust.controller.js","statementMap":{"0":{"start":{"line":6,"column":31},"end":{"line":66,"column":1}},"1":{"start":{"line":9,"column":93},"end":{"line":9,"column":101}},"2":{"start":{"line":10,"column":19},"end":{"line":12,"column":5}},"3":{"start":{"line":13,"column":4},"end":{"line":13,"column":33}},"4":{"start":{"line":18,"column":20},"end":{"line":18,"column":61}},"5":{"start":{"line":19,"column":4},"end":{"line":19,"column":22}},"6":{"start":{"line":24,"column":26},"end":{"line":24,"column":34}},"7":{"start":{"line":25,"column":4},"end":{"line":25,"column":56}},"8":{"start":{"line":26,"column":4},"end":{"line":26,"column":32}},"9":{"start":{"line":31,"column":4},"end":{"line":31,"column":62}},"10":{"start":{"line":32,"column":4},"end":{"line":32,"column":32}},"11":{"start":{"line":37,"column":24},"end":{"line":37,"column":32}},"12":{"start":{"line":38,"column":4},"end":{"line":38,"column":53}},"13":{"start":{"line":39,"column":4},"end":{"line":39,"column":32}},"14":{"start":{"line":44,"column":4},"end":{"line":44,"column":61}},"15":{"start":{"line":45,"column":4},"end":{"line":45,"column":32}},"16":{"start":{"line":50,"column":16},"end":{"line":50,"column":64}},"17":{"start":{"line":51,"column":4},"end":{"line":51,"column":18}},"18":{"start":{"line":56,"column":17},"end":{"line":56,"column":61}},"19":{"start":{"line":57,"column":4},"end":{"line":57,"column":19}},"20":{"start":{"line":62,"column":52},"end":{"line":62,"column":60}},"21":{"start":{"line":63,"column":19},"end":{"line":63,"column":108}},"22":{"start":{"line":64,"column":4},"end":{"line":64,"column":33}}},"fnMap":{"0":{"name":"(anonymous_0)","decl":{"start":{"line":8,"column":2},"end":{"line":8,"column":3}},"loc":{"start":{"line":8,"column":25},"end":{"line":14,"column":3}},"line":8},"1":{"name":"(anonymous_1)","decl":{"start":{"line":17,"column":2},"end":{"line":17,"column":3}},"loc":{"start":{"line":17,"column":29},"end":{"line":20,"column":3}},"line":17},"2":{"name":"(anonymous_2)","decl":{"start":{"line":23,"column":2},"end":{"line":23,"column":3}},"loc":{"start":{"line":23,"column":24},"end":{"line":27,"column":3}},"line":23},"3":{"name":"(anonymous_3)","decl":{"start":{"line":30,"column":2},"end":{"line":30,"column":3}},"loc":{"start":{"line":30,"column":26},"end":{"line":33,"column":3}},"line":30},"4":{"name":"(anonymous_4)","decl":{"start":{"line":36,"column":2},"end":{"line":36,"column":3}},"loc":{"start":{"line":36,"column":23},"end":{"line":40,"column":3}},"line":36},"5":{"name":"(anonymous_5)","decl":{"start":{"line":43,"column":2},"end":{"line":43,"column":3}},"loc":{"start":{"line":43,"column":25},"end":{"line":46,"column":3}},"line":43},"6":{"name":"(anonymous_6)","decl":{"start":{"line":49,"column":2},"end":{"line":49,"column":3}},"loc":{"start":{"line":49,"column":32},"end":{"line":52,"column":3}},"line":49},"7":{"name":"(anonymous_7)","decl":{"start":{"line":55,"column":2},"end":{"line":55,"column":3}},"loc":{"start":{"line":55,"column":26},"end":{"line":58,"column":3}},"line":55},"8":{"name":"(anonymous_8)","decl":{"start":{"line":61,"column":2},"end":{"line":61,"column":3}},"loc":{"start":{"line":61,"column":25},"end":{"line":65,"column":3}},"line":61}},"branchMap":{},"s":{"0":13,"1":0,"2":0,"3":0,"4":0,"5":0,"6":0,"7":0,"8":0,"9":0,"10":0,"11":0,"12":0,"13":0,"14":0,"15":0,"16":0,"17":0,"18":0,"19":0,"20":0,"21":0,"22":0},"f":{"0":0,"1":0,"2":0,"3":0,"4":0,"5":0,"6":0,"7":0,"8":0},"b":{},"inputSourceMap":null,"_coverageSchema":"1a1c01bbd47fc00a2c39e90264f33305004495a9","hash":"b3044df6f91ceb3aa5ea29a732f2c49332cbc8c5"}
,"C:\\GITHUB\\Dating-app\\backend\\src\\middleware\\auth.middleware.js": {"path":"C:\\GITHUB\\Dating-app\\backend\\src\\middleware\\auth.middleware.js","statementMap":{"0":{"start":{"line":5,"column":21},"end":{"line":5,"column":49}},"1":{"start":{"line":6,"column":16},"end":{"line":6,"column":54}},"2":{"start":{"line":8,"column":2},"end":{"line":10,"column":3}},"3":{"start":{"line":9,"column":4},"end":{"line":9,"column":78}},"4":{"start":{"line":12,"column":2},"end":{"line":19,"column":3}},"5":{"start":{"line":13,"column":17},"end":{"line":13,"column":52}},"6":{"start":{"line":14,"column":4},"end":{"line":14,"column":29}},"7":{"start":{"line":15,"column":4},"end":{"line":15,"column":29}},"8":{"start":{"line":16,"column":4},"end":{"line":16,"column":11}},"9":{"start":{"line":18,"column":4},"end":{"line":18,"column":14}}},"fnMap":{"0":{"name":"authenticateToken","decl":{"start":{"line":4,"column":16},"end":{"line":4,"column":33}},"loc":{"start":{"line":4,"column":50},"end":{"line":20,"column":1}},"line":4}},"branchMap":{"0":{"loc":{"start":{"line":6,"column":16},"end":{"line":6,"column":54}},"type":"binary-expr","locations":[{"start":{"line":6,"column":16},"end":{"line":6,"column":26}},{"start":{"line":6,"column":30},"end":{"line":6,"column":54}}],"line":6},"1":{"loc":{"start":{"line":8,"column":2},"end":{"line":10,"column":3}},"type":"if","locations":[{"start":{"line":8,"column":2},"end":{"line":10,"column":3}},{"start":{},"end":{}}],"line":8}},"s":{"0":45,"1":45,"2":45,"3":40,"4":5,"5":5,"6":5,"7":5,"8":5,"9":0},"f":{"0":45},"b":{"0":[45,5],"1":[40,5]},"inputSourceMap":null,"_coverageSchema":"1a1c01bbd47fc00a2c39e90264f33305004495a9","hash":"9f00d7ffadcab85986d301a7029742a7a8bced07"}
,"C:\\GITHUB\\Dating-app\\backend\\src\\middleware\\errorHandler.js": {"path":"C:\\GITHUB\\Dating-app\\backend\\src\\middleware\\errorHandler.js","statementMap":{"0":{"start":{"line":4,"column":28},"end":{"line":35,"column":1}},"1":{"start":{"line":5,"column":2},"end":{"line":5,"column":41}},"2":{"start":{"line":6,"column":2},"end":{"line":6,"column":37}},"3":{"start":{"line":8,"column":2},"end":{"line":17,"column":3}},"4":{"start":{"line":9,"column":4},"end":{"line":9,"column":65}},"5":{"start":{"line":10,"column":4},"end":{"line":16,"column":7}},"6":{"start":{"line":20,"column":2},"end":{"line":27,"column":3}},"7":{"start":{"line":21,"column":4},"end":{"line":21,"column":54}},"8":{"start":{"line":22,"column":4},"end":{"line":26,"column":7}},"9":{"start":{"line":30,"column":2},"end":{"line":30,"column":44}},"10":{"start":{"line":31,"column":2},"end":{"line":34,"column":5}}},"fnMap":{"0":{"name":"(anonymous_0)","decl":{"start":{"line":4,"column":28},"end":{"line":4,"column":29}},"loc":{"start":{"line":4,"column":53},"end":{"line":35,"column":1}},"line":4}},"branchMap":{"0":{"loc":{"start":{"line":5,"column":19},"end":{"line":5,"column":40}},"type":"binary-expr","locations":[{"start":{"line":5,"column":19},"end":{"line":5,"column":33}},{"start":{"line":5,"column":37},"end":{"line":5,"column":40}}],"line":5},"1":{"loc":{"start":{"line":6,"column":15},"end":{"line":6,"column":36}},"type":"binary-expr","locations":[{"start":{"line":6,"column":15},"end":{"line":6,"column":25}},{"start":{"line":6,"column":29},"end":{"line":6,"column":36}}],"line":6},"2":{"loc":{"start":{"line":8,"column":2},"end":{"line":17,"column":3}},"type":"if","locations":[{"start":{"line":8,"column":2},"end":{"line":17,"column":3}},{"start":{},"end":{}}],"line":8},"3":{"loc":{"start":{"line":15,"column":15},"end":{"line":15,"column":39}},"type":"binary-expr","locations":[{"start":{"line":15,"column":15},"end":{"line":15,"column":26}},{"start":{"line":15,"column":30},"end":{"line":15,"column":39}}],"line":15},"4":{"loc":{"start":{"line":20,"column":2},"end":{"line":27,"column":3}},"type":"if","locations":[{"start":{"line":20,"column":2},"end":{"line":27,"column":3}},{"start":{},"end":{}}],"line":20},"5":{"loc":{"start":{"line":25,"column":15},"end":{"line":25,"column":39}},"type":"binary-expr","locations":[{"start":{"line":25,"column":15},"end":{"line":25,"column":26}},{"start":{"line":25,"column":30},"end":{"line":25,"column":39}}],"line":25}},"s":{"0":13,"1":42,"2":42,"3":42,"4":0,"5":0,"6":42,"7":42,"8":42,"9":0,"10":0},"f":{"0":42},"b":{"0":[42,0],"1":[42,0],"2":[0,42],"3":[0,0],"4":[42,0],"5":[42,40]},"inputSourceMap":null,"_coverageSchema":"1a1c01bbd47fc00a2c39e90264f33305004495a9","hash":"8a2c2237b172109f256bad95f6bd4f8180687309"}
,"C:\\GITHUB\\Dating-app\\backend\\src\\middleware\\rateLimit.js": {"path":"C:\\GITHUB\\Dating-app\\backend\\src\\middleware\\rateLimit.js","statementMap":{"0":{"start":{"line":3,"column":31},"end":{"line":9,"column":2}}},"fnMap":{},"branchMap":{},"s":{"0":13},"f":{},"b":{},"inputSourceMap":null,"_coverageSchema":"1a1c01bbd47fc00a2c39e90264f33305004495a9","hash":"5dadce143637082127fedd8ab71bbd46442394d6"}
,"C:\\GITHUB\\Dating-app\\backend\\src\\middleware\\role.middleware.js": {"path":"C:\\GITHUB\\Dating-app\\backend\\src\\middleware\\role.middleware.js","statementMap":{"0":{"start":{"line":4,"column":27},"end":{"line":25,"column":1}},"1":{"start":{"line":5,"column":2},"end":{"line":24,"column":4}},"2":{"start":{"line":6,"column":4},"end":{"line":23,"column":5}},"3":{"start":{"line":7,"column":19},"end":{"line":10,"column":8}},"4":{"start":{"line":12,"column":6},"end":{"line":14,"column":7}},"5":{"start":{"line":13,"column":8},"end":{"line":13,"column":55}},"6":{"start":{"line":16,"column":6},"end":{"line":18,"column":7}},"7":{"start":{"line":17,"column":8},"end":{"line":17,"column":79}},"8":{"start":{"line":20,"column":6},"end":{"line":20,"column":13}},"9":{"start":{"line":22,"column":6},"end":{"line":22,"column":16}}},"fnMap":{"0":{"name":"(anonymous_0)","decl":{"start":{"line":4,"column":27},"end":{"line":4,"column":28}},"loc":{"start":{"line":4,"column":38},"end":{"line":25,"column":1}},"line":4},"1":{"name":"(anonymous_1)","decl":{"start":{"line":5,"column":9},"end":{"line":5,"column":10}},"loc":{"start":{"line":5,"column":35},"end":{"line":24,"column":3}},"line":5}},"branchMap":{"0":{"loc":{"start":{"line":12,"column":6},"end":{"line":14,"column":7}},"type":"if","locations":[{"start":{"line":12,"column":6},"end":{"line":14,"column":7}},{"start":{},"end":{}}],"line":12},"1":{"loc":{"start":{"line":16,"column":6},"end":{"line":18,"column":7}},"type":"if","locations":[{"start":{"line":16,"column":6},"end":{"line":18,"column":7}},{"start":{},"end":{}}],"line":16}},"s":{"0":13,"1":13,"2":0,"3":0,"4":0,"5":0,"6":0,"7":0,"8":0,"9":0},"f":{"0":13,"1":0},"b":{"0":[0,0],"1":[0,0]},"inputSourceMap":null,"_coverageSchema":"1a1c01bbd47fc00a2c39e90264f33305004495a9","hash":"d45c59db4a30464c31eec4da258b4529545d8a37"}
,"C:\\GITHUB\\Dating-app\\backend\\src\\middleware\\validate.js": {"path":"C:\\GITHUB\\Dating-app\\backend\\src\\middleware\\validate.js","statementMap":{"0":{"start":{"line":4,"column":24},"end":{"line":15,"column":1}},"1":{"start":{"line":4,"column":36},"end":{"line":15,"column":1}},"2":{"start":{"line":5,"column":2},"end":{"line":14,"column":3}},"3":{"start":{"line":6,"column":4},"end":{"line":6,"column":38}},"4":{"start":{"line":7,"column":4},"end":{"line":7,"column":11}},"5":{"start":{"line":9,"column":4},"end":{"line":13,"column":5}},"6":{"start":{"line":10,"column":6},"end":{"line":10,"column":65}},"7":{"start":{"line":12,"column":6},"end":{"line":12,"column":16}}},"fnMap":{"0":{"name":"(anonymous_0)","decl":{"start":{"line":4,"column":24},"end":{"line":4,"column":25}},"loc":{"start":{"line":4,"column":36},"end":{"line":15,"column":1}},"line":4},"1":{"name":"(anonymous_1)","decl":{"start":{"line":4,"column":36},"end":{"line":4,"column":37}},"loc":{"start":{"line":4,"column":56},"end":{"line":15,"column":1}},"line":4}},"branchMap":{"0":{"loc":{"start":{"line":9,"column":4},"end":{"line":13,"column":5}},"type":"if","locations":[{"start":{"line":9,"column":4},"end":{"line":13,"column":5}},{"start":{"line":11,"column":11},"end":{"line":13,"column":5}}],"line":9}},"s":{"0":13,"1":65,"2":2,"3":2,"4":0,"5":2,"6":2,"7":0},"f":{"0":65,"1":2},"b":{"0":[2,0]},"inputSourceMap":null,"_coverageSchema":"1a1c01bbd47fc00a2c39e90264f33305004495a9","hash":"498947fe5aeafa4b9e68fbf99fb3740851e50599"}
,"C:\\GITHUB\\Dating-app\\backend\\src\\services\\StorageService.js": {"path":"C:\\GITHUB\\Dating-app\\backend\\src\\services\\StorageService.js","statementMap":{"0":{"start":{"line":6,"column":21},"end":{"line":6,"column":56}},"1":{"start":{"line":9,"column":4},"end":{"line":14,"column":5}},"2":{"start":{"line":10,"column":6},"end":{"line":10,"column":58}},"3":{"start":{"line":11,"column":6},"end":{"line":11,"column":68}},"4":{"start":{"line":13,"column":6},"end":{"line":13,"column":72}},"5":{"start":{"line":18,"column":4},"end":{"line":18,"column":26}},"6":{"start":{"line":18,"column":19},"end":{"line":18,"column":26}},"7":{"start":{"line":19,"column":4},"end":{"line":27,"column":5}},"8":{"start":{"line":20,"column":23},"end":{"line":20,"column":58}},"9":{"start":{"line":21,"column":6},"end":{"line":21,"column":32}},"10":{"start":{"line":22,"column":6},"end":{"line":22,"column":47}},"11":{"start":{"line":24,"column":6},"end":{"line":26,"column":7}},"12":{"start":{"line":25,"column":8},"end":{"line":25,"column":74}}},"fnMap":{"0":{"name":"(anonymous_0)","decl":{"start":{"line":8,"column":2},"end":{"line":8,"column":3}},"loc":{"start":{"line":8,"column":22},"end":{"line":15,"column":3}},"line":8},"1":{"name":"(anonymous_1)","decl":{"start":{"line":17,"column":2},"end":{"line":17,"column":3}},"loc":{"start":{"line":17,"column":36},"end":{"line":28,"column":3}},"line":17}},"branchMap":{"0":{"loc":{"start":{"line":18,"column":4},"end":{"line":18,"column":26}},"type":"if","locations":[{"start":{"line":18,"column":4},"end":{"line":18,"column":26}},{"start":{},"end":{}}],"line":18},"1":{"loc":{"start":{"line":24,"column":6},"end":{"line":26,"column":7}},"type":"if","locations":[{"start":{"line":24,"column":6},"end":{"line":26,"column":7}},{"start":{},"end":{}}],"line":24}},"s":{"0":0,"1":0,"2":0,"3":0,"4":0,"5":0,"6":0,"7":0,"8":0,"9":0,"10":0,"11":0,"12":0},"f":{"0":0,"1":0},"b":{"0":[0,0],"1":[0,0]},"inputSourceMap":null}
,"C:\\GITHUB\\Dating-app\\backend\\src\\services\\ai.service.js": {"path":"C:\\GITHUB\\Dating-app\\backend\\src\\services\\ai.service.js","statementMap":{"0":{"start":{"line":11,"column":25},"end":{"line":11,"column":50}},"1":{"start":{"line":13,"column":4},"end":{"line":18,"column":5}},"2":{"start":{"line":14,"column":6},"end":{"line":14,"column":43}},"3":{"start":{"line":17,"column":6},"end":{"line":17,"column":43}},"4":{"start":{"line":20,"column":4},"end":{"line":20,"column":86}},"5":{"start":{"line":24,"column":4},"end":{"line":30,"column":5}},"6":{"start":{"line":25,"column":21},"end":{"line":25,"column":67}},"7":{"start":{"line":26,"column":6},"end":{"line":26,"column":69}},"8":{"start":{"line":28,"column":6},"end":{"line":28,"column":61}},"9":{"start":{"line":29,"column":6},"end":{"line":29,"column":16}},"10":{"start":{"line":34,"column":4},"end":{"line":49,"column":5}},"11":{"start":{"line":35,"column":29},"end":{"line":39,"column":46}},"12":{"start":{"line":43,"column":19},"end":{"line":43,"column":90}},"13":{"start":{"line":44,"column":6},"end":{"line":44,"column":18}},"14":{"start":{"line":46,"column":6},"end":{"line":46,"column":71}},"15":{"start":{"line":48,"column":6},"end":{"line":48,"column":70}},"16":{"start":{"line":53,"column":16},"end":{"line":53,"column":19}},"17":{"start":{"line":54,"column":27},"end":{"line":54,"column":29}},"18":{"start":{"line":55,"column":17},"end":{"line":55,"column":27}},"19":{"start":{"line":57,"column":4},"end":{"line":61,"column":5}},"20":{"start":{"line":58,"column":6},"end":{"line":58,"column":18}},"21":{"start":{"line":59,"column":6},"end":{"line":59,"column":101}},"22":{"start":{"line":60,"column":6},"end":{"line":60,"column":26}},"23":{"start":{"line":63,"column":4},"end":{"line":67,"column":5}},"24":{"start":{"line":64,"column":6},"end":{"line":64,"column":18}},"25":{"start":{"line":65,"column":6},"end":{"line":65,"column":49}},"26":{"start":{"line":66,"column":6},"end":{"line":66,"column":31}},"27":{"start":{"line":69,"column":4},"end":{"line":73,"column":5}},"28":{"start":{"line":70,"column":6},"end":{"line":70,"column":19}},"29":{"start":{"line":71,"column":6},"end":{"line":71,"column":51}},"30":{"start":{"line":72,"column":6},"end":{"line":72,"column":26}},"31":{"start":{"line":75,"column":4},"end":{"line":79,"column":5}},"32":{"start":{"line":76,"column":6},"end":{"line":76,"column":19}},"33":{"start":{"line":77,"column":6},"end":{"line":77,"column":47}},"34":{"start":{"line":78,"column":6},"end":{"line":78,"column":26}},"35":{"start":{"line":81,"column":4},"end":{"line":84,"column":5}},"36":{"start":{"line":82,"column":6},"end":{"line":82,"column":18}},"37":{"start":{"line":83,"column":6},"end":{"line":83,"column":48}},"38":{"start":{"line":86,"column":4},"end":{"line":90,"column":5}},"39":{"start":{"line":87,"column":6},"end":{"line":87,"column":18}},"40":{"start":{"line":88,"column":6},"end":{"line":88,"column":54}},"41":{"start":{"line":89,"column":6},"end":{"line":89,"column":26}},"42":{"start":{"line":92,"column":4},"end":{"line":95,"column":5}},"43":{"start":{"line":93,"column":6},"end":{"line":93,"column":18}},"44":{"start":{"line":94,"column":6},"end":{"line":94,"column":47}},"45":{"start":{"line":97,"column":4},"end":{"line":101,"column":6}},"46":{"start":{"line":105,"column":25},"end":{"line":105,"column":40}}},"fnMap":{"0":{"name":"(anonymous_0)","decl":{"start":{"line":9,"column":2},"end":{"line":9,"column":3}},"loc":{"start":{"line":9,"column":16},"end":{"line":21,"column":3}},"line":9},"1":{"name":"(anonymous_1)","decl":{"start":{"line":23,"column":2},"end":{"line":23,"column":3}},"loc":{"start":{"line":23,"column":35},"end":{"line":31,"column":3}},"line":23},"2":{"name":"(anonymous_2)","decl":{"start":{"line":33,"column":2},"end":{"line":33,"column":3}},"loc":{"start":{"line":33,"column":39},"end":{"line":50,"column":3}},"line":33},"3":{"name":"(anonymous_3)","decl":{"start":{"line":52,"column":2},"end":{"line":52,"column":3}},"loc":{"start":{"line":52,"column":43},"end":{"line":102,"column":3}},"line":52}},"branchMap":{"0":{"loc":{"start":{"line":11,"column":25},"end":{"line":11,"column":50}},"type":"binary-expr","locations":[{"start":{"line":11,"column":25},"end":{"line":11,"column":40}},{"start":{"line":11,"column":44},"end":{"line":11,"column":50}}],"line":11},"1":{"loc":{"start":{"line":13,"column":4},"end":{"line":18,"column":5}},"type":"if","locations":[{"start":{"line":13,"column":4},"end":{"line":18,"column":5}},{"start":{"line":15,"column":11},"end":{"line":18,"column":5}}],"line":13},"2":{"loc":{"start":{"line":57,"column":4},"end":{"line":61,"column":5}},"type":"if","locations":[{"start":{"line":57,"column":4},"end":{"line":61,"column":5}},{"start":{},"end":{}}],"line":57},"3":{"loc":{"start":{"line":59,"column":26},"end":{"line":59,"column":99}},"type":"cond-expr","locations":[{"start":{"line":59,"column":53},"end":{"line":59,"column":71}},{"start":{"line":59,"column":74},"end":{"line":59,"column":99}}],"line":59},"4":{"loc":{"start":{"line":63,"column":4},"end":{"line":67,"column":5}},"type":"if","locations":[{"start":{"line":63,"column":4},"end":{"line":67,"column":5}},{"start":{},"end":{}}],"line":63},"5":{"loc":{"start":{"line":69,"column":4},"end":{"line":73,"column":5}},"type":"if","locations":[{"start":{"line":69,"column":4},"end":{"line":73,"column":5}},{"start":{},"end":{}}],"line":69},"6":{"loc":{"start":{"line":75,"column":4},"end":{"line":79,"column":5}},"type":"if","locations":[{"start":{"line":75,"column":4},"end":{"line":79,"column":5}},{"start":{},"end":{}}],"line":75},"7":{"loc":{"start":{"line":81,"column":4},"end":{"line":84,"column":5}},"type":"if","locations":[{"start":{"line":81,"column":4},"end":{"line":84,"column":5}},{"start":{},"end":{}}],"line":81},"8":{"loc":{"start":{"line":86,"column":4},"end":{"line":90,"column":5}},"type":"if","locations":[{"start":{"line":86,"column":4},"end":{"line":90,"column":5}},{"start":{},"end":{}}],"line":86},"9":{"loc":{"start":{"line":92,"column":4},"end":{"line":95,"column":5}},"type":"if","locations":[{"start":{"line":92,"column":4},"end":{"line":95,"column":5}},{"start":{},"end":{}}],"line":92},"10":{"loc":{"start":{"line":92,"column":8},"end":{"line":92,"column":61}},"type":"binary-expr","locations":[{"start":{"line":92,"column":8},"end":{"line":92,"column":31}},{"start":{"line":92,"column":35},"end":{"line":92,"column":61}}],"line":92}},"s":{"0":0,"1":0,"2":0,"3":0,"4":0,"5":0,"6":0,"7":0,"8":0,"9":0,"10":0,"11":0,"12":0,"13":0,"14":0,"15":0,"16":0,"17":0,"18":0,"19":0,"20":0,"21":0,"22":0,"23":0,"24":0,"25":0,"26":0,"27":0,"28":0,"29":0,"30":0,"31":0,"32":0,"33":0,"34":0,"35":0,"36":0,"37":0,"38":0,"39":0,"40":0,"41":0,"42":0,"43":0,"44":0,"45":0,"46":0},"f":{"0":0,"1":0,"2":0,"3":0},"b":{"0":[0,0],"1":[0,0],"2":[0,0],"3":[0,0],"4":[0,0],"5":[0,0],"6":[0,0],"7":[0,0],"8":[0,0],"9":[0,0],"10":[0,0]},"inputSourceMap":null}
,"C:\\GITHUB\\Dating-app\\backend\\src\\services\\auth.service.js": {"path":"C:\\GITHUB\\Dating-app\\backend\\src\\services\\auth.service.js","statementMap":{"0":{"start":{"line":9,"column":17},"end":{"line":9,"column":41}},"1":{"start":{"line":10,"column":25},"end":{"line":10,"column":58}},"2":{"start":{"line":11,"column":20},"end":{"line":11,"column":74}},"3":{"start":{"line":12,"column":22},"end":{"line":12,"column":59}},"4":{"start":{"line":15,"column":17},"end":{"line":52,"column":6}},"5":{"start":{"line":16,"column":27},"end":{"line":18,"column":8}},"6":{"start":{"line":20,"column":6},"end":{"line":22,"column":7}},"7":{"start":{"line":21,"column":8},"end":{"line":21,"column":96}},"8":{"start":{"line":25,"column":6},"end":{"line":34,"column":7}},"9":{"start":{"line":26,"column":8},"end":{"line":29,"column":11}},"10":{"start":{"line":31,"column":8},"end":{"line":33,"column":11}},"11":{"start":{"line":36,"column":6},"end":{"line":40,"column":9}},"12":{"start":{"line":42,"column":6},"end":{"line":49,"column":9}},"13":{"start":{"line":51,"column":6},"end":{"line":51,"column":20}},"14":{"start":{"line":55,"column":4},"end":{"line":57,"column":7}},"15":{"start":{"line":56,"column":6},"end":{"line":56,"column":52}},"16":{"start":{"line":59,"column":4},"end":{"line":59,"column":16}},"17":{"start":{"line":63,"column":22},"end":{"line":65,"column":6}},"18":{"start":{"line":67,"column":4},"end":{"line":69,"column":5}},"19":{"start":{"line":68,"column":6},"end":{"line":68,"column":63}},"20":{"start":{"line":71,"column":17},"end":{"line":74,"column":6}},"21":{"start":{"line":76,"column":4},"end":{"line":76,"column":61}},"22":{"start":{"line":78,"column":4},"end":{"line":78,"column":69}},"23":{"start":{"line":79,"column":4},"end":{"line":79,"column":93}},"24":{"start":{"line":81,"column":24},"end":{"line":81,"column":60}},"25":{"start":{"line":82,"column":25},"end":{"line":82,"column":82}},"26":{"start":{"line":84,"column":4},"end":{"line":84,"column":47}},"27":{"start":{"line":88,"column":17},"end":{"line":92,"column":6}},"28":{"start":{"line":94,"column":4},"end":{"line":97,"column":5}},"29":{"start":{"line":95,"column":6},"end":{"line":95,"column":84}},"30":{"start":{"line":96,"column":6},"end":{"line":96,"column":70}},"31":{"start":{"line":99,"column":4},"end":{"line":102,"column":5}},"32":{"start":{"line":100,"column":6},"end":{"line":100,"column":84}},"33":{"start":{"line":101,"column":6},"end":{"line":101,"column":94}},"34":{"start":{"line":104,"column":26},"end":{"line":104,"column":75}},"35":{"start":{"line":105,"column":4},"end":{"line":118,"column":5}},"36":{"start":{"line":106,"column":29},"end":{"line":106,"column":57}},"37":{"start":{"line":107,"column":23},"end":{"line":107,"column":62}},"38":{"start":{"line":109,"column":6},"end":{"line":113,"column":7}},"39":{"start":{"line":110,"column":8},"end":{"line":110,"column":37}},"40":{"start":{"line":111,"column":8},"end":{"line":111,"column":72}},"41":{"start":{"line":112,"column":8},"end":{"line":112,"column":122}},"42":{"start":{"line":115,"column":6},"end":{"line":115,"column":77}},"43":{"start":{"line":116,"column":6},"end":{"line":116,"column":86}},"44":{"start":{"line":117,"column":6},"end":{"line":117,"column":70}},"45":{"start":{"line":120,"column":4},"end":{"line":123,"column":5}},"46":{"start":{"line":121,"column":6},"end":{"line":121,"column":86}},"47":{"start":{"line":122,"column":6},"end":{"line":122,"column":83}},"48":{"start":{"line":126,"column":4},"end":{"line":129,"column":7}},"49":{"start":{"line":131,"column":4},"end":{"line":131,"column":63}},"50":{"start":{"line":132,"column":4},"end":{"line":132,"column":73}},"51":{"start":{"line":134,"column":24},"end":{"line":134,"column":60}},"52":{"start":{"line":135,"column":25},"end":{"line":135,"column":82}},"53":{"start":{"line":137,"column":4},"end":{"line":137,"column":47}},"54":{"start":{"line":141,"column":17},"end":{"line":141,"column":67}},"55":{"start":{"line":142,"column":4},"end":{"line":145,"column":5}},"56":{"start":{"line":144,"column":6},"end":{"line":144,"column":13}},"57":{"start":{"line":147,"column":20},"end":{"line":147,"column":74}},"58":{"start":{"line":148,"column":22},"end":{"line":148,"column":59}},"59":{"start":{"line":150,"column":4},"end":{"line":154,"column":7}},"60":{"start":{"line":156,"column":4},"end":{"line":156,"column":70}},"61":{"start":{"line":157,"column":4},"end":{"line":157,"column":104}},"62":{"start":{"line":161,"column":22},"end":{"line":163,"column":6}},"63":{"start":{"line":165,"column":4},"end":{"line":167,"column":5}},"64":{"start":{"line":166,"column":6},"end":{"line":166,"column":70}},"65":{"start":{"line":169,"column":17},"end":{"line":169,"column":41}},"66":{"start":{"line":170,"column":25},"end":{"line":170,"column":61}},"67":{"start":{"line":172,"column":17},"end":{"line":175,"column":6}},"68":{"start":{"line":177,"column":4},"end":{"line":177,"column":61}},"69":{"start":{"line":180,"column":4},"end":{"line":180,"column":50}},"70":{"start":{"line":182,"column":4},"end":{"line":182,"column":55}},"71":{"start":{"line":183,"column":4},"end":{"line":183,"column":105}},"72":{"start":{"line":187,"column":4},"end":{"line":189,"column":7}},"73":{"start":{"line":193,"column":4},"end":{"line":195,"column":7}},"74":{"start":{"line":199,"column":27},"end":{"line":199,"column":44}}},"fnMap":{"0":{"name":"(anonymous_0)","decl":{"start":{"line":8,"column":2},"end":{"line":8,"column":3}},"loc":{"start":{"line":8,"column":60},"end":{"line":60,"column":3}},"line":8},"1":{"name":"(anonymous_1)","decl":{"start":{"line":15,"column":43},"end":{"line":15,"column":44}},"loc":{"start":{"line":15,"column":57},"end":{"line":52,"column":5}},"line":15},"2":{"name":"(anonymous_2)","decl":{"start":{"line":55,"column":74},"end":{"line":55,"column":75}},"loc":{"start":{"line":55,"column":79},"end":{"line":57,"column":5}},"line":55},"3":{"name":"(anonymous_3)","decl":{"start":{"line":62,"column":2},"end":{"line":62,"column":3}},"loc":{"start":{"line":62,"column":46},"end":{"line":85,"column":3}},"line":62},"4":{"name":"(anonymous_4)","decl":{"start":{"line":87,"column":2},"end":{"line":87,"column":3}},"loc":{"start":{"line":87,"column":51},"end":{"line":138,"column":3}},"line":87},"5":{"name":"(anonymous_5)","decl":{"start":{"line":140,"column":2},"end":{"line":140,"column":3}},"loc":{"start":{"line":140,"column":47},"end":{"line":158,"column":3}},"line":140},"6":{"name":"(anonymous_6)","decl":{"start":{"line":160,"column":2},"end":{"line":160,"column":3}},"loc":{"start":{"line":160,"column":63},"end":{"line":184,"column":3}},"line":160},"7":{"name":"(anonymous_7)","decl":{"start":{"line":186,"column":2},"end":{"line":186,"column":3}},"loc":{"start":{"line":186,"column":77},"end":{"line":190,"column":3}},"line":186},"8":{"name":"(anonymous_8)","decl":{"start":{"line":192,"column":2},"end":{"line":192,"column":3}},"loc":{"start":{"line":192,"column":53},"end":{"line":196,"column":3}},"line":192}},"branchMap":{"0":{"loc":{"start":{"line":20,"column":6},"end":{"line":22,"column":7}},"type":"if","locations":[{"start":{"line":20,"column":6},"end":{"line":22,"column":7}},{"start":{},"end":{}}],"line":20},"1":{"loc":{"start":{"line":20,"column":10},"end":{"line":20,"column":52}},"type":"binary-expr","locations":[{"start":{"line":20,"column":10},"end":{"line":20,"column":22}},{"start":{"line":20,"column":26},"end":{"line":20,"column":52}}],"line":20},"2":{"loc":{"start":{"line":25,"column":6},"end":{"line":34,"column":7}},"type":"if","locations":[{"start":{"line":25,"column":6},"end":{"line":34,"column":7}},{"start":{"line":30,"column":13},"end":{"line":34,"column":7}}],"line":25},"3":{"loc":{"start":{"line":46,"column":21},"end":{"line":46,"column":43}},"type":"binary-expr","locations":[{"start":{"line":46,"column":21},"end":{"line":46,"column":30}},{"start":{"line":46,"column":34},"end":{"line":46,"column":43}}],"line":46},"4":{"loc":{"start":{"line":67,"column":4},"end":{"line":69,"column":5}},"type":"if","locations":[{"start":{"line":67,"column":4},"end":{"line":69,"column":5}},{"start":{},"end":{}}],"line":67},"5":{"loc":{"start":{"line":67,"column":8},"end":{"line":67,"column":81}},"type":"binary-expr","locations":[{"start":{"line":67,"column":8},"end":{"line":67,"column":18}},{"start":{"line":67,"column":22},"end":{"line":67,"column":45}},{"start":{"line":67,"column":49},"end":{"line":67,"column":81}}],"line":67},"6":{"loc":{"start":{"line":78,"column":47},"end":{"line":78,"column":67}},"type":"binary-expr","locations":[{"start":{"line":78,"column":47},"end":{"line":78,"column":57}},{"start":{"line":78,"column":61},"end":{"line":78,"column":67}}],"line":78},"7":{"loc":{"start":{"line":94,"column":4},"end":{"line":97,"column":5}},"type":"if","locations":[{"start":{"line":94,"column":4},"end":{"line":97,"column":5}},{"start":{},"end":{}}],"line":94},"8":{"loc":{"start":{"line":99,"column":4},"end":{"line":102,"column":5}},"type":"if","locations":[{"start":{"line":99,"column":4},"end":{"line":102,"column":5}},{"start":{},"end":{}}],"line":99},"9":{"loc":{"start":{"line":99,"column":8},"end":{"line":99,"column":87}},"type":"binary-expr","locations":[{"start":{"line":99,"column":8},"end":{"line":99,"column":32}},{"start":{"line":99,"column":36},"end":{"line":99,"column":53}},{"start":{"line":99,"column":57},"end":{"line":99,"column":87}}],"line":99},"10":{"loc":{"start":{"line":105,"column":4},"end":{"line":118,"column":5}},"type":"if","locations":[{"start":{"line":105,"column":4},"end":{"line":118,"column":5}},{"start":{},"end":{}}],"line":105},"11":{"loc":{"start":{"line":109,"column":6},"end":{"line":113,"column":7}},"type":"if","locations":[{"start":{"line":109,"column":6},"end":{"line":113,"column":7}},{"start":{},"end":{}}],"line":109},"12":{"loc":{"start":{"line":120,"column":4},"end":{"line":123,"column":5}},"type":"if","locations":[{"start":{"line":120,"column":4},"end":{"line":123,"column":5}},{"start":{},"end":{}}],"line":120},"13":{"loc":{"start":{"line":142,"column":4},"end":{"line":145,"column":5}},"type":"if","locations":[{"start":{"line":142,"column":4},"end":{"line":145,"column":5}},{"start":{},"end":{}}],"line":142},"14":{"loc":{"start":{"line":165,"column":4},"end":{"line":167,"column":5}},"type":"if","locations":[{"start":{"line":165,"column":4},"end":{"line":167,"column":5}},{"start":{},"end":{}}],"line":165},"15":{"loc":{"start":{"line":165,"column":8},"end":{"line":165,"column":81}},"type":"binary-expr","locations":[{"start":{"line":165,"column":8},"end":{"line":165,"column":18}},{"start":{"line":165,"column":22},"end":{"line":165,"column":45}},{"start":{"line":165,"column":49},"end":{"line":165,"column":81}}],"line":165},"16":{"loc":{"start":{"line":186,"column":62},"end":{"line":186,"column":75}},"type":"default-arg","locations":[{"start":{"line":186,"column":71},"end":{"line":186,"column":75}}],"line":186}},"s":{"0":0,"1":0,"2":0,"3":0,"4":0,"5":0,"6":0,"7":0,"8":0,"9":0,"10":0,"11":0,"12":0,"13":0,"14":0,"15":0,"16":0,"17":0,"18":0,"19":0,"20":0,"21":0,"22":0,"23":0,"24":0,"25":0,"26":0,"27":0,"28":0,"29":0,"30":0,"31":0,"32":0,"33":0,"34":0,"35":0,"36":0,"37":0,"38":0,"39":0,"40":0,"41":0,"42":0,"43":0,"44":0,"45":0,"46":0,"47":0,"48":0,"49":0,"50":0,"51":0,"52":0,"53":0,"54":0,"55":0,"56":0,"57":0,"58":0,"59":0,"60":0,"61":0,"62":0,"63":0,"64":0,"65":0,"66":0,"67":0,"68":0,"69":0,"70":0,"71":0,"72":0,"73":0,"74":13},"f":{"0":0,"1":0,"2":0,"3":0,"4":0,"5":0,"6":0,"7":0,"8":0},"b":{"0":[0,0],"1":[0,0],"2":[0,0],"3":[0,0],"4":[0,0],"5":[0,0,0],"6":[0,0],"7":[0,0],"8":[0,0],"9":[0,0,0],"10":[0,0],"11":[0,0],"12":[0,0],"13":[0,0],"14":[0,0],"15":[0,0,0],"16":[0]},"inputSourceMap":null,"_coverageSchema":"1a1c01bbd47fc00a2c39e90264f33305004495a9","hash":"7b601703a45da30c86c12c0a83ab635f9b24b289"}
,"C:\\GITHUB\\Dating-app\\backend\\src\\services\\email.service.js": {"path":"C:\\GITHUB\\Dating-app\\backend\\src\\services\\email.service.js","statementMap":{"0":{"start":{"line":7,"column":4},"end":{"line":15,"column":7}},"1":{"start":{"line":16,"column":4},"end":{"line":16,"column":54}},"2":{"start":{"line":20,"column":4},"end":{"line":23,"column":5}},"3":{"start":{"line":21,"column":6},"end":{"line":21,"column":66}},"4":{"start":{"line":22,"column":6},"end":{"line":22,"column":13}},"5":{"start":{"line":24,"column":4},"end":{"line":34,"column":5}},"6":{"start":{"line":25,"column":6},"end":{"line":30,"column":9}},"7":{"start":{"line":31,"column":6},"end":{"line":31,"column":63}},"8":{"start":{"line":33,"column":6},"end":{"line":33,"column":68}},"9":{"start":{"line":38,"column":17},"end":{"line":41,"column":5}},"10":{"start":{"line":42,"column":4},"end":{"line":42,"column":56}},"11":{"start":{"line":46,"column":18},"end":{"line":46,"column":94}},"12":{"start":{"line":47,"column":17},"end":{"line":51,"column":5}},"13":{"start":{"line":52,"column":4},"end":{"line":52,"column":42}},"14":{"start":{"line":56,"column":17},"end":{"line":59,"column":5}},"15":{"start":{"line":60,"column":4},"end":{"line":60,"column":70}},"16":{"start":{"line":64,"column":17},"end":{"line":67,"column":5}},"17":{"start":{"line":68,"column":4},"end":{"line":68,"column":68}},"18":{"start":{"line":72,"column":28},"end":{"line":72,"column":46}}},"fnMap":{"0":{"name":"(anonymous_0)","decl":{"start":{"line":6,"column":2},"end":{"line":6,"column":3}},"loc":{"start":{"line":6,"column":16},"end":{"line":17,"column":3}},"line":6},"1":{"name":"(anonymous_1)","decl":{"start":{"line":19,"column":2},"end":{"line":19,"column":3}},"loc":{"start":{"line":19,"column":36},"end":{"line":35,"column":3}},"line":19},"2":{"name":"(anonymous_2)","decl":{"start":{"line":37,"column":2},"end":{"line":37,"column":3}},"loc":{"start":{"line":37,"column":35},"end":{"line":43,"column":3}},"line":37},"3":{"name":"(anonymous_3)","decl":{"start":{"line":45,"column":2},"end":{"line":45,"column":3}},"loc":{"start":{"line":45,"column":54},"end":{"line":53,"column":3}},"line":45},"4":{"name":"(anonymous_4)","decl":{"start":{"line":55,"column":2},"end":{"line":55,"column":3}},"loc":{"start":{"line":55,"column":37},"end":{"line":61,"column":3}},"line":55},"5":{"name":"(anonymous_5)","decl":{"start":{"line":63,"column":2},"end":{"line":63,"column":3}},"loc":{"start":{"line":63,"column":35},"end":{"line":69,"column":3}},"line":63}},"branchMap":{"0":{"loc":{"start":{"line":20,"column":4},"end":{"line":23,"column":5}},"type":"if","locations":[{"start":{"line":20,"column":4},"end":{"line":23,"column":5}},{"start":{},"end":{}}],"line":20},"1":{"loc":{"start":{"line":45,"column":31},"end":{"line":45,"column":52}},"type":"default-arg","locations":[{"start":{"line":45,"column":38},"end":{"line":45,"column":52}}],"line":45},"2":{"loc":{"start":{"line":46,"column":18},"end":{"line":46,"column":94}},"type":"cond-expr","locations":[{"start":{"line":46,"column":46},"end":{"line":46,"column":67}},{"start":{"line":46,"column":70},"end":{"line":46,"column":94}}],"line":46}},"s":{"0":13,"1":13,"2":0,"3":0,"4":0,"5":0,"6":0,"7":0,"8":0,"9":0,"10":0,"11":0,"12":0,"13":0,"14":0,"15":0,"16":0,"17":0,"18":13},"f":{"0":13,"1":0,"2":0,"3":0,"4":0,"5":0},"b":{"0":[0,0],"1":[0],"2":[0,0]},"inputSourceMap":null,"_coverageSchema":"1a1c01bbd47fc00a2c39e90264f33305004495a9","hash":"bb3623bbe7bb9caa06a82c8826e37d24b0066f8c"}
[...]
,"C:\\GITHUB\\Dating-app\\backend\\src\\services\\trust\\SafetyEngine.js": {"path":"C:\\GITHUB\\Dating-app\\backend\\src\\services\\trust\\SafetyEngine.js","statementMap":{"0":{"start":{"line":9,"column":4},"end":{"line":9,"column":43}},"1":{"start":{"line":14,"column":21},"end":{"line":14,"column":75}},"2":{"start":{"line":15,"column":25},"end":{"line":15,"column":53}},"3":{"start":{"line":16,"column":23},"end":{"line":16,"column":73}},"4":{"start":{"line":16,"column":45},"end":{"line":16,"column":72}},"5":{"start":{"line":19,"column":19},"end":{"line":19,"column":68}},"6":{"start":{"line":21,"column":4},"end":{"line":25,"column":6}},"7":{"start":{"line":29,"column":4},"end":{"line":29,"column":63}},"8":{"start":{"line":33,"column":4},"end":{"line":33,"column":67}},"9":{"start":{"line":35,"column":4},"end":{"line":37,"column":6}},"10":{"start":{"line":41,"column":28},"end":{"line":41,"column":46}}},"fnMap":{"0":{"name":"(anonymous_0)","decl":{"start":{"line":8,"column":2},"end":{"line":8,"column":3}},"loc":{"start":{"line":8,"column":16},"end":{"line":10,"column":3}},"line":8},"1":{"name":"(anonymous_1)","decl":{"start":{"line":12,"column":2},"end":{"line":12,"column":3}},"loc":{"start":{"line":12,"column":36},"end":{"line":26,"column":3}},"line":12},"2":{"name":"(anonymous_2)","decl":{"start":{"line":16,"column":37},"end":{"line":16,"column":38}},"loc":{"start":{"line":16,"column":45},"end":{"line":16,"column":72}},"line":16},"3":{"name":"(anonymous_3)","decl":{"start":{"line":28,"column":2},"end":{"line":28,"column":3}},"loc":{"start":{"line":28,"column":94},"end":{"line":38,"column":3}},"line":28}},"branchMap":{"0":{"loc":{"start":{"line":22,"column":14},"end":{"line":22,"column":52}},"type":"binary-expr","locations":[{"start":{"line":22,"column":14},"end":{"line":22,"column":25}},{"start":{"line":22,"column":29},"end":{"line":22,"column":52}}],"line":22},"1":{"loc":{"start":{"line":23,"column":13},"end":{"line":23,"column":54}},"type":"cond-expr","locations":[{"start":{"line":23,"column":26},"end":{"line":23,"column":49}},{"start":{"line":23,"column":52},"end":{"line":23,"column":54}}],"line":23}},"s":{"0":0,"1":0,"2":0,"3":0,"4":0,"5":0,"6":0,"7":0,"8":0,"9":0,"10":0},"f":{"0":0,"1":0,"2":0,"3":0},"b":{"0":[0,0],"1":[0,0]},"inputSourceMap":null}
,"C:\\GITHUB\\Dating-app\\backend\\src\\services\\trust\\TrustService.js": {"path":"C:\\GITHUB\\Dating-app\\backend\\src\\services\\trust\\TrustService.js","statementMap":{"0":{"start":{"line":7,"column":18},"end":{"line":11,"column":6}},"1":{"start":{"line":13,"column":4},"end":{"line":13,"column":79}},"2":{"start":{"line":14,"column":4},"end":{"line":14,"column":17}},"3":{"start":{"line":18,"column":4},"end":{"line":20,"column":7}},"4":{"start":{"line":21,"column":4},"end":{"line":21,"column":81}},"5":{"start":{"line":25,"column":17},"end":{"line":29,"column":6}},"6":{"start":{"line":31,"column":4},"end":{"line":31,"column":73}},"7":{"start":{"line":32,"column":4},"end":{"line":32,"column":16}},"8":{"start":{"line":36,"column":4},"end":{"line":38,"column":7}},"9":{"start":{"line":39,"column":4},"end":{"line":39,"column":75}},"10":{"start":{"line":43,"column":19},"end":{"line":53,"column":6}},"11":{"start":{"line":56,"column":4},"end":{"line":56,"column":72}},"12":{"start":{"line":57,"column":4},"end":{"line":57,"column":67}},"13":{"start":{"line":59,"column":4},"end":{"line":59,"column":92}},"14":{"start":{"line":60,"column":4},"end":{"line":60,"column":18}},"15":{"start":{"line":64,"column":4},"end":{"line":67,"column":7}},"16":{"start":{"line":71,"column":28},"end":{"line":71,"column":46}}},"fnMap":{"0":{"name":"(anonymous_0)","decl":{"start":{"line":6,"column":2},"end":{"line":6,"column":3}},"loc":{"start":{"line":6,"column":40},"end":{"line":15,"column":3}},"line":6},"1":{"name":"(anonymous_1)","decl":{"start":{"line":13,"column":69},"end":{"line":13,"column":70}},"loc":{"start":{"line":13,"column":75},"end":{"line":13,"column":77}},"line":13},"2":{"name":"(anonymous_2)","decl":{"start":{"line":17,"column":2},"end":{"line":17,"column":3}},"loc":{"start":{"line":17,"column":42},"end":{"line":22,"column":3}},"line":17},"3":{"name":"(anonymous_3)","decl":{"start":{"line":21,"column":71},"end":{"line":21,"column":72}},"loc":{"start":{"line":21,"column":77},"end":{"line":21,"column":79}},"line":21},"4":{"name":"(anonymous_4)","decl":{"start":{"line":24,"column":2},"end":{"line":24,"column":3}},"loc":{"start":{"line":24,"column":35},"end":{"line":33,"column":3}},"line":24},"5":{"name":"(anonymous_5)","decl":{"start":{"line":31,"column":63},"end":{"line":31,"column":64}},"loc":{"start":{"line":31,"column":69},"end":{"line":31,"column":71}},"line":31},"6":{"name":"(anonymous_6)","decl":{"start":{"line":35,"column":2},"end":{"line":35,"column":3}},"loc":{"start":{"line":35,"column":37},"end":{"line":40,"column":3}},"line":35},"7":{"name":"(anonymous_7)","decl":{"start":{"line":39,"column":65},"end":{"line":39,"column":66}},"loc":{"start":{"line":39,"column":71},"end":{"line":39,"column":73}},"line":39},"8":{"name":"(anonymous_8)","decl":{"start":{"line":42,"column":2},"end":{"line":42,"column":3}},"loc":{"start":{"line":42,"column":116},"end":{"line":61,"column":3}},"line":42},"9":{"name":"(anonymous_9)","decl":{"start":{"line":59,"column":82},"end":{"line":59,"column":83}},"loc":{"start":{"line":59,"column":88},"end":{"line":59,"column":90}},"line":59},"10":{"name":"(anonymous_10)","decl":{"start":{"line":63,"column":2},"end":{"line":63,"column":3}},"loc":{"start":{"line":63,"column":31},"end":{"line":68,"column":3}},"line":63}},"branchMap":{"0":{"loc":{"start":{"line":42,"column":97},"end":{"line":42,"column":114}},"type":"default-arg","locations":[{"start":{"line":42,"column":112},"end":{"line":42,"column":114}}],"line":42}},"s":{"0":0,"1":0,"2":0,"3":0,"4":0,"5":0,"6":0,"7":0,"8":0,"9":0,"10":0,"11":0,"12":0,"13":0,"14":0,"15":0,"16":13},"f":{"0":0,"1":0,"2":0,"3":0,"4":0,"5":0,"6":0,"7":0,"8":0,"9":0,"10":0},"b":{"0":[0]},"inputSourceMap":null,"_coverageSchema":"1a1c01bbd47fc00a2c39e90264f33305004495a9","hash":"3c34d80b07d9a4ebd3815270d12ff9a25494d32a"}
,"C:\\GITHUB\\Dating-app\\backend\\src\\utils\\asyncHandler.js": {"path":"C:\\GITHUB\\Dating-app\\backend\\src\\utils\\asyncHandler.js","statementMap":{"0":{"start":{"line":1,"column":28},"end":{"line":3,"column":1}},"1":{"start":{"line":1,"column":36},"end":{"line":3,"column":1}},"2":{"start":{"line":2,"column":2},"end":{"line":2,"column":50}}},"fnMap":{"0":{"name":"(anonymous_0)","decl":{"start":{"line":1,"column":28},"end":{"line":1,"column":29}},"loc":{"start":{"line":1,"column":36},"end":{"line":3,"column":1}},"line":1},"1":{"name":"(anonymous_1)","decl":{"start":{"line":1,"column":36},"end":{"line":1,"column":37}},"loc":{"start":{"line":1,"column":56},"end":{"line":3,"column":1}},"line":1}},"branchMap":{},"s":{"0":13,"1":1196,"2":4},"f":{"0":1196,"1":4},"b":{},"inputSourceMap":null,"_coverageSchema":"1a1c01bbd47fc00a2c39e90264f33305004495a9","hash":"b47125c731a7d9269446f3f9c128597e1a5836df"}
,"C:\\GITHUB\\Dating-app\\backend\\src\\utils\\cache.js": {"path":"C:\\GITHUB\\Dating-app\\backend\\src\\utils\\cache.js","statementMap":{"0":{"start":{"line":4,"column":27},"end":{"line":33,"column":1}},"1":{"start":{"line":6,"column":4},"end":{"line":6,"column":42}},"2":{"start":{"line":6,"column":30},"end":{"line":6,"column":42}},"3":{"start":{"line":7,"column":4},"end":{"line":13,"column":5}},"4":{"start":{"line":8,"column":19},"end":{"line":8,"column":45}},"5":{"start":{"line":9,"column":6},"end":{"line":9,"column":44}},"6":{"start":{"line":11,"column":6},"end":{"line":11,"column":54}},"7":{"start":{"line":12,"column":6},"end":{"line":12,"column":18}},"8":{"start":{"line":17,"column":4},"end":{"line":17,"column":37}},"9":{"start":{"line":17,"column":30},"end":{"line":17,"column":37}},"10":{"start":{"line":18,"column":4},"end":{"line":22,"column":5}},"11":{"start":{"line":19,"column":6},"end":{"line":19,"column":66}},"12":{"start":{"line":21,"column":6},"end":{"line":21,"column":54}},"13":{"start":{"line":26,"column":4},"end":{"line":26,"column":37}},"14":{"start":{"line":26,"column":30},"end":{"line":26,"column":37}},"15":{"start":{"line":27,"column":4},"end":{"line":31,"column":5}},"16":{"start":{"line":28,"column":6},"end":{"line":28,"column":33}},"17":{"start":{"line":30,"column":6},"end":{"line":30,"column":54}}},"fnMap":{"0":{"name":"(anonymous_0)","decl":{"start":{"line":5,"column":2},"end":{"line":5,"column":3}},"loc":{"start":{"line":5,"column":17},"end":{"line":14,"column":3}},"line":5},"1":{"name":"(anonymous_1)","decl":{"start":{"line":16,"column":2},"end":{"line":16,"column":3}},"loc":{"start":{"line":16,"column":39},"end":{"line":23,"column":3}},"line":16},"2":{"name":"(anonymous_2)","decl":{"start":{"line":25,"column":2},"end":{"line":25,"column":3}},"loc":{"start":{"line":25,"column":17},"end":{"line":32,"column":3}},"line":25}},"branchMap":{"0":{"loc":{"start":{"line":6,"column":4},"end":{"line":6,"column":42}},"type":"if","locations":[{"start":{"line":6,"column":4},"end":{"line":6,"column":42}},{"start":{},"end":{}}],"line":6},"1":{"loc":{"start":{"line":9,"column":13},"end":{"line":9,"column":43}},"type":"cond-expr","locations":[{"start":{"line":9,"column":20},"end":{"line":9,"column":36}},{"start":{"line":9,"column":39},"end":{"line":9,"column":43}}],"line":9},"2":{"loc":{"start":{"line":16,"column":24},"end":{"line":16,"column":37}},"type":"default-arg","locations":[{"start":{"line":16,"column":33},"end":{"line":16,"column":37}}],"line":16},"3":{"loc":{"start":{"line":17,"column":4},"end":{"line":17,"column":37}},"type":"if","locations":[{"start":{"line":17,"column":4},"end":{"line":17,"column":37}},{"start":{},"end":{}}],"line":17},"4":{"loc":{"start":{"line":26,"column":4},"end":{"line":26,"column":37}},"type":"if","locations":[{"start":{"line":26,"column":4},"end":{"line":26,"column":37}},{"start":{},"end":{}}],"line":26}},"s":{"0":0,"1":0,"2":0,"3":0,"4":0,"5":0,"6":0,"7":0,"8":0,"9":0,"10":0,"11":0,"12":0,"13":0,"14":0,"15":0,"16":0,"17":0},"f":{"0":0,"1":0,"2":0},"b":{"0":[0,0],"1":[0,0],"2":[0],"3":[0,0],"4":[0,0]},"inputSourceMap":null}
,"C:\\GITHUB\\Dating-app\\backend\\src\\utils\\constants.js": {"path":"C:\\GITHUB\\Dating-app\\backend\\src\\utils\\constants.js","statementMap":{"0":{"start":{"line":1,"column":34},"end":{"line":1,"column":40}},"1":{"start":{"line":2,"column":28},"end":{"line":2,"column":30}}},"fnMap":{},"branchMap":{},"s":{"0":13,"1":13},"f":{},"b":{},"inputSourceMap":null,"_coverageSchema":"1a1c01bbd47fc00a2c39e90264f33305004495a9","hash":"a6abcd81d78ecd53ade378196cd73b7aeb7d36ac"}
,"C:\\GITHUB\\Dating-app\\backend\\src\\utils\\distance.js": {"path":"C:\\GITHUB\\Dating-app\\backend\\src\\utils\\distance.js","statementMap":{"0":{"start":{"line":3,"column":38},"end":{"line":12,"column":1}},"1":{"start":{"line":4,"column":15},"end":{"line":4,"column":44}},"2":{"start":{"line":5,"column":15},"end":{"line":5,"column":44}},"3":{"start":{"line":7,"column":4},"end":{"line":9,"column":43}},"4":{"start":{"line":10,"column":12},"end":{"line":10,"column":58}},"5":{"start":{"line":11,"column":2},"end":{"line":11,"column":32}}},"fnMap":{"0":{"name":"(anonymous_0)","decl":{"start":{"line":3,"column":38},"end":{"line":3,"column":39}},"loc":{"start":{"line":3,"column":66},"end":{"line":12,"column":1}},"line":3}},"branchMap":{},"s":{"0":13,"1":1,"2":1,"3":1,"4":1,"5":1},"f":{"0":1},"b":{},"inputSourceMap":null,"_coverageSchema":"1a1c01bbd47fc00a2c39e90264f33305004495a9","hash":"1e8fb3a1b0ab25c2572b25db659e2022ace9a481"}
,"C:\\GITHUB\\Dating-app\\backend\\src\\utils\\errors.js": {"path":"C:\\GITHUB\\Dating-app\\backend\\src\\utils\\errors.js","statementMap":{"0":{"start":{"line":3,"column":4},"end":{"line":3,"column":19}},"1":{"start":{"line":4,"column":4},"end":{"line":4,"column":33}},"2":{"start":{"line":5,"column":4},"end":{"line":5,"column":69}},"3":{"start":{"line":6,"column":4},"end":{"line":6,"column":30}},"4":{"start":{"line":7,"column":4},"end":{"line":7,"column":52}},"5":{"start":{"line":13,"column":4},"end":{"line":13,"column":24}},"6":{"start":{"line":14,"column":4},"end":{"line":14,"column":27}},"7":{"start":{"line":20,"column":4},"end":{"line":20,"column":24}},"8":{"start":{"line":26,"column":4},"end":{"line":26,"column":24}},"9":{"start":{"line":32,"column":4},"end":{"line":32,"column":24}},"10":{"start":{"line":38,"column":4},"end":{"line":38,"column":24}},"11":{"start":{"line":44,"column":4},"end":{"line":44,"column":24}},"12":{"start":{"line":50,"column":4},"end":{"line":50,"column":24}},"13":{"start":{"line":56,"column":4},"end":{"line":56,"column":24}}},"fnMap":{"0":{"name":"(anonymous_0)","decl":{"start":{"line":2,"column":2},"end":{"line":2,"column":3}},"loc":{"start":{"line":2,"column":35},"end":{"line":8,"column":3}},"line":2},"1":{"name":"(anonymous_1)","decl":{"start":{"line":12,"column":2},"end":{"line":12,"column":3}},"loc":{"start":{"line":12,"column":39},"end":{"line":15,"column":3}},"line":12},"2":{"name":"(anonymous_2)","decl":{"start":{"line":19,"column":2},"end":{"line":19,"column":3}},"loc":{"start":{"line":19,"column":23},"end":{"line":21,"column":3}},"line":19},"3":{"name":"(anonymous_3)","decl":{"start":{"line":25,"column":2},"end":{"line":25,"column":3}},"loc":{"start":{"line":25,"column":23},"end":{"line":27,"column":3}},"line":25},"4":{"name":"(anonymous_4)","decl":{"start":{"line":31,"column":2},"end":{"line":31,"column":3}},"loc":{"start":{"line":31,"column":23},"end":{"line":33,"column":3}},"line":31},"5":{"name":"(anonymous_5)","decl":{"start":{"line":37,"column":2},"end":{"line":37,"column":3}},"loc":{"start":{"line":37,"column":23},"end":{"line":39,"column":3}},"line":37},"6":{"name":"(anonymous_6)","decl":{"start":{"line":43,"column":2},"end":{"line":43,"column":3}},"loc":{"start":{"line":43,"column":23},"end":{"line":45,"column":3}},"line":43},"7":{"name":"(anonymous_7)","decl":{"start":{"line":49,"column":2},"end":{"line":49,"column":3}},"loc":{"start":{"line":49,"column":23},"end":{"line":51,"column":3}},"line":49},"8":{"name":"(anonymous_8)","decl":{"start":{"line":55,"column":2},"end":{"line":55,"column":3}},"loc":{"start":{"line":55,"column":23},"end":{"line":57,"column":3}},"line":55}},"branchMap":{"0":{"loc":{"start":{"line":5,"column":18},"end":{"line":5,"column":68}},"type":"cond-expr","locations":[{"start":{"line":5,"column":52},"end":{"line":5,"column":58}},{"start":{"line":5,"column":61},"end":{"line":5,"column":68}}],"line":5},"1":{"loc":{"start":{"line":12,"column":23},"end":{"line":12,"column":37}},"type":"default-arg","locations":[{"start":{"line":12,"column":33},"end":{"line":12,"column":37}}],"line":12}},"s":{"0":42,"1":42,"2":42,"3":42,"4":42,"5":2,"6":2,"7":40,"8":0,"9":0,"10":0,"11":0,"12":0,"13":0},"f":{"0":42,"1":2,"2":40,"3":0,"4":0,"5":0,"6":0,"7":0,"8":0},"b":{"0":[42,0],"1":[0]},"inputSourceMap":null,"_coverageSchema":"1a1c01bbd47fc00a2c39e90264f33305004495a9","hash":"a0f510da0ac03929226a6bd1024cd3c9e9b9e7be"}
,"C:\\GITHUB\\Dating-app\\backend\\src\\utils\\logger.js": {"path":"C:\\GITHUB\\Dating-app\\backend\\src\\utils\\logger.js","statementMap":{"0":{"start":{"line":4,"column":0},"end":{"line":4,"column":16}},"1":{"start":{"line":6,"column":57},"end":{"line":6,"column":71}},"2":{"start":{"line":8,"column":18},"end":{"line":10,"column":2}},"3":{"start":{"line":9,"column":2},"end":{"line":9,"column":56}},"4":{"start":{"line":12,"column":15},"end":{"line":27,"column":2}}},"fnMap":{"0":{"name":"(anonymous_0)","decl":{"start":{"line":8,"column":25},"end":{"line":8,"column":26}},"loc":{"start":{"line":8,"column":67},"end":{"line":10,"column":1}},"line":8}},"branchMap":{"0":{"loc":{"start":{"line":9,"column":37},"end":{"line":9,"column":53}},"type":"binary-expr","locations":[{"start":{"line":9,"column":37},"end":{"line":9,"column":42}},{"start":{"line":9,"column":46},"end":{"line":9,"column":53}}],"line":9},"1":{"loc":{"start":{"line":13,"column":9},"end":{"line":13,"column":66}},"type":"cond-expr","locations":[{"start":{"line":13,"column":50},"end":{"line":13,"column":57}},{"start":{"line":13,"column":60},"end":{"line":13,"column":66}}],"line":13}},"s":{"0":13,"1":13,"2":13,"3":1058,"4":13},"f":{"0":1058},"b":{"0":[1058,1058],"1":[0,13]},"inputSourceMap":null,"_coverageSchema":"1a1c01bbd47fc00a2c39e90264f33305004495a9","hash":"1cbe96e4ba8d53dcdfe8f7d1cc3034cf7a35f2f1"}
,"C:\\GITHUB\\Dating-app\\backend\\src\\utils\\response.js": {"path":"C:\\GITHUB\\Dating-app\\backend\\src\\utils\\response.js","statementMap":{"0":{"start":{"line":1,"column":31},"end":{"line":7,"column":1}},"1":{"start":{"line":2,"column":2},"end":{"line":6,"column":5}},"2":{"start":{"line":9,"column":29},"end":{"line":15,"column":1}},"3":{"start":{"line":10,"column":2},"end":{"line":14,"column":5}},"4":{"start":{"line":17,"column":32},"end":{"line":27,"column":1}},"5":{"start":{"line":18,"column":2},"end":{"line":26,"column":4}}},"fnMap":{"0":{"name":"(anonymous_0)","decl":{"start":{"line":1,"column":31},"end":{"line":1,"column":32}},"loc":{"start":{"line":1,"column":79},"end":{"line":7,"column":1}},"line":1},"1":{"name":"(anonymous_1)","decl":{"start":{"line":9,"column":29},"end":{"line":9,"column":30}},"loc":{"start":{"line":9,"column":75},"end":{"line":15,"column":1}},"line":9},"2":{"name":"(anonymous_2)","decl":{"start":{"line":17,"column":32},"end":{"line":17,"column":33}},"loc":{"start":{"line":17,"column":62},"end":{"line":27,"column":1}},"line":17}},"branchMap":{"0":{"loc":{"start":{"line":1,"column":55},"end":{"line":1,"column":74}},"type":"default-arg","locations":[{"start":{"line":1,"column":65},"end":{"line":1,"column":74}}],"line":1},"1":{"loc":{"start":{"line":9,"column":56},"end":{"line":9,"column":70}},"type":"default-arg","locations":[{"start":{"line":9,"column":66},"end":{"line":9,"column":70}}],"line":9}},"s":{"0":13,"1":0,"2":13,"3":0,"4":13,"5":0},"f":{"0":0,"1":0,"2":0},"b":{"0":[0],"1":[0]},"inputSourceMap":null,"_coverageSchema":"1a1c01bbd47fc00a2c39e90264f33305004495a9","hash":"990081fd2c76fb6bc960ad9599ea11eead01c9f3"}
}
