TN:
SF:src\controllers\auth.controller.js
FN:8,(anonymous_0)
FN:15,(anonymous_1)
FN:31,(anonymous_2)
FN:45,(anonymous_3)
FN:65,(anonymous_4)
FN:71,(anonymous_5)
FN:77,(anonymous_6)
FN:86,(anonymous_7)
FN:93,(anonymous_8)
FN:108,(anonymous_9)
FNF:10
FNH:0
FNDA:0,(anonymous_0)
FNDA:0,(anonymous_1)
FNDA:0,(anonymous_2)
FNDA:0,(anonymous_3)
FNDA:0,(anonymous_4)
FNDA:0,(anonymous_5)
FNDA:0,(anonymous_6)
FNDA:0,(anonymous_7)
FNDA:0,(anonymous_8)
FNDA:0,(anonymous_9)
DA:9,0
DA:10,0
DA:12,0
DA:16,0
DA:17,0
DA:20,0
DA:28,0
DA:32,0
DA:33,0
DA:35,0
DA:42,0
DA:46,0
DA:47,0
DA:49,0
DA:50,0
DA:53,0
DA:55,0
DA:62,0
DA:66,0
DA:67,0
DA:68,0
DA:72,0
DA:73,0
DA:74,0
DA:78,0
DA:79,0
DA:80,0
DA:82,0
DA:83,0
DA:87,0
DA:88,0
DA:89,0
DA:90,0
DA:94,0
DA:103,0
DA:104,0
DA:107,0
DA:108,0
DA:111,0
DA:117,7
LF:40
LH:1
BRDA:9,0,0,0
BRDA:9,0,1,0
BRDA:16,1,0,0
BRDA:16,1,1,0
BRDA:32,2,0,0
BRDA:32,2,1,0
BRDA:46,3,0,0
BRDA:46,3,1,0
BRDA:47,4,0,0
BRDA:47,4,1,0
BRDA:49,5,0,0
BRDA:49,5,1,0
BRDA:66,6,0,0
BRDA:66,6,1,0
BRDA:72,7,0,0
BRDA:72,7,1,0
BRDA:78,8,0,0
BRDA:78,8,1,0
BRDA:79,9,0,0
BRDA:79,9,1,0
BRDA:103,10,0,0
BRDA:103,10,1,0
BRDA:107,11,0,0
BRDA:107,11,1,0
BRDA:107,12,0,0
BRDA:107,12,1,0
BRDA:108,13,0,0
BRDA:108,13,1,0
BRDA:108,14,0,0
BRDA:108,14,1,0
BRF:30
BRH:0
end_of_record
TN:
SF:src\controllers\discovery.controller.js
FN:5,(anonymous_0)
FN:11,(anonymous_1)
FN:16,(anonymous_2)
FN:21,(anonymous_3)
FNF:4
FNH:0
FNDA:0,(anonymous_0)
FNDA:0,(anonymous_1)
FNDA:0,(anonymous_2)
FNDA:0,(anonymous_3)
DA:4,7
DA:6,0
DA:7,0
DA:8,0
DA:12,0
DA:13,0
DA:17,0
DA:18,0
DA:22,0
DA:23,0
DA:24,0
LF:11
LH:1
BRDA:6,0,0,0
BRDA:6,0,1,0
BRF:2
BRH:0
end_of_record
TN:
SF:src\controllers\interaction.controller.js
FN:4,(anonymous_0)
FN:10,(anonymous_1)
FN:15,(anonymous_2)
FN:20,(anonymous_3)
FN:25,(anonymous_4)
FNF:5
FNH:0
FNDA:0,(anonymous_0)
FNDA:0,(anonymous_1)
FNDA:0,(anonymous_2)
FNDA:0,(anonymous_3)
FNDA:0,(anonymous_4)
DA:3,7
DA:5,0
DA:6,0
DA:7,0
DA:11,0
DA:12,0
DA:16,0
DA:17,0
DA:21,0
DA:22,0
DA:26,0
DA:27,0
LF:12
LH:1
BRF:0
BRH:0
end_of_record
TN:
SF:src\controllers\photo.controller.js
FN:5,(anonymous_0)
FN:28,(anonymous_1)
FN:33,(anonymous_2)
FN:38,(anonymous_3)
FN:46,(anonymous_4)
FN:51,(anonymous_5)
FNF:6
FNH:0
FNDA:0,(anonymous_0)
FNDA:0,(anonymous_1)
FNDA:0,(anonymous_2)
FNDA:0,(anonymous_3)
FNDA:0,(anonymous_4)
FNDA:0,(anonymous_5)
DA:4,7
DA:6,0
DA:7,0
DA:11,0
DA:12,0
DA:13,0
DA:16,0
DA:18,0
DA:25,0
DA:29,0
DA:30,0
DA:34,0
DA:35,0
DA:39,0
DA:40,0
DA:42,0
DA:43,0
DA:47,0
DA:48,0
DA:52,0
DA:53,0
DA:54,0
DA:56,0
LF:23
LH:1
BRDA:6,0,0,0
BRDA:6,0,1,0
BRDA:12,1,0,0
BRDA:12,1,1,0
BRDA:16,2,0,0
BRDA:16,2,1,0
BRDA:40,3,0,0
BRDA:40,3,1,0
BRDA:48,4,0,0
BRDA:48,4,1,0
BRDA:53,5,0,0
BRDA:53,5,1,0
BRF:12
BRH:0
end_of_record
TN:
SF:src\controllers\profile.controller.js
FN:5,(anonymous_0)
FN:11,(anonymous_1)
FN:17,(anonymous_2)
FN:22,(anonymous_3)
FN:27,(anonymous_4)
FN:34,(anonymous_5)
FN:39,(anonymous_6)
FN:45,(anonymous_7)
FN:50,(anonymous_8)
FN:56,(anonymous_9)
FN:63,(anonymous_10)
FN:68,(anonymous_11)
FN:73,(anonymous_12)
FNF:13
FNH:0
FNDA:0,(anonymous_0)
FNDA:0,(anonymous_1)
FNDA:0,(anonymous_2)
FNDA:0,(anonymous_3)
FNDA:0,(anonymous_4)
FNDA:0,(anonymous_5)
FNDA:0,(anonymous_6)
FNDA:0,(anonymous_7)
FNDA:0,(anonymous_8)
FNDA:0,(anonymous_9)
FNDA:0,(anonymous_10)
FNDA:0,(anonymous_11)
FNDA:0,(anonymous_12)
DA:3,7
DA:6,0
DA:7,0
DA:8,0
DA:12,0
DA:13,0
DA:18,0
DA:19,0
DA:23,0
DA:24,0
DA:28,0
DA:29,0
DA:30,0
DA:35,0
DA:36,0
DA:40,0
DA:41,0
DA:46,0
DA:47,0
DA:51,0
DA:52,0
DA:57,0
DA:58,0
DA:59,0
DA:64,0
DA:65,0
DA:69,0
DA:70,0
DA:74,0
LF:29
LH:1
BRF:0
BRH:0
end_of_record
TN:
SF:src\controllers\realtime.controller.js
FN:8,(anonymous_0)
FN:14,(anonymous_1)
FN:20,(anonymous_2)
FN:37,(anonymous_3)
FN:52,(anonymous_4)
FNF:5
FNH:0
FNDA:0,(anonymous_0)
FNDA:0,(anonymous_1)
FNDA:0,(anonymous_2)
FNDA:0,(anonymous_3)
FNDA:0,(anonymous_4)
DA:6,7
DA:9,0
DA:10,0
DA:15,0
DA:16,0
DA:21,0
DA:24,0
DA:26,0
DA:33,0
DA:38,0
DA:41,0
DA:48,0
DA:53,0
DA:56,0
DA:61,0
LF:15
LH:1
BRF:0
BRH:0
end_of_record
TN:
SF:src\middleware\auth.middleware.js
FN:4,authenticateToken
FNF:1
FNH:1
FNDA:21,authenticateToken
DA:5,21
DA:6,21
DA:8,21
DA:9,21
DA:12,0
DA:13,0
DA:14,0
DA:15,0
DA:16,0
DA:18,0
LF:10
LH:4
BRDA:6,0,0,21
BRDA:6,0,1,0
BRDA:8,1,0,21
BRDA:8,1,1,0
BRF:4
BRH:2
end_of_record
TN:
SF:src\middleware\errorHandler.js
FN:4,(anonymous_0)
FNF:1
FNH:1
FNDA:23,(anonymous_0)
DA:4,7
DA:5,23
DA:6,23
DA:8,23
DA:9,0
DA:10,0
DA:20,23
DA:21,23
DA:22,23
DA:30,0
DA:31,0
LF:11
LH:7
BRDA:5,0,0,23
BRDA:5,0,1,0
BRDA:6,1,0,23
BRDA:6,1,1,0
BRDA:8,2,0,0
BRDA:8,2,1,23
BRDA:15,3,0,0
BRDA:15,3,1,0
BRDA:20,4,0,23
BRDA:20,4,1,0
BRDA:25,5,0,23
BRDA:25,5,1,21
BRF:12
BRH:6
end_of_record
TN:
SF:src\middleware\rateLimit.js
FNF:0
FNH:0
DA:3,7
LF:1
LH:1
BRF:0
BRH:0
end_of_record
TN:
SF:src\middleware\role.middleware.js
FN:4,(anonymous_0)
FN:5,(anonymous_1)
FNF:2
FNH:0
FNDA:0,(anonymous_0)
FNDA:0,(anonymous_1)
DA:4,0
DA:5,0
DA:6,0
DA:7,0
DA:12,0
DA:13,0
DA:16,0
DA:17,0
DA:20,0
DA:22,0
LF:10
LH:0
BRDA:12,0,0,0
BRDA:12,0,1,0
BRDA:16,1,0,0
BRDA:16,1,1,0
BRF:4
BRH:0
end_of_record
TN:
SF:src\middleware\validate.js
FN:4,(anonymous_0)
FN:4,(anonymous_1)
FNF:2
FNH:2
FNDA:35,(anonymous_0)
FNDA:2,(anonymous_1)
DA:4,35
DA:5,2
DA:6,2
DA:7,0
DA:9,2
DA:10,2
DA:12,0
LF:7
LH:5
BRDA:9,0,0,2
BRDA:9,0,1,0
BRF:2
BRH:1
end_of_record
TN:
SF:src\services\StorageService.js
FN:8,(anonymous_0)
FN:17,(anonymous_1)
FNF:2
FNH:0
FNDA:0,(anonymous_0)
FNDA:0,(anonymous_1)
DA:6,0
DA:9,0
DA:10,0
DA:11,0
DA:13,0
DA:18,0
DA:19,0
DA:20,0
DA:21,0
DA:22,0
DA:24,0
DA:25,0
LF:12
LH:0
BRDA:18,0,0,0
BRDA:18,0,1,0
BRDA:24,1,0,0
BRDA:24,1,1,0
BRF:4
BRH:0
end_of_record
TN:
SF:src\services\ai.service.js
FN:9,(anonymous_0)
FN:23,(anonymous_1)
FN:33,(anonymous_2)
FN:52,(anonymous_3)
FNF:4
FNH:0
FNDA:0,(anonymous_0)
FNDA:0,(anonymous_1)
FNDA:0,(anonymous_2)
FNDA:0,(anonymous_3)
DA:11,0
DA:13,0
DA:14,0
DA:17,0
DA:20,0
DA:24,0
DA:25,0
DA:26,0
DA:28,0
DA:29,0
DA:34,0
DA:35,0
DA:43,0
DA:44,0
DA:46,0
DA:48,0
DA:53,0
DA:54,0
DA:55,0
DA:57,0
DA:58,0
DA:59,0
DA:60,0
DA:63,0
DA:64,0
DA:65,0
DA:66,0
DA:69,0
DA:70,0
DA:71,0
DA:72,0
DA:75,0
DA:76,0
DA:77,0
DA:78,0
DA:81,0
DA:82,0
DA:83,0
DA:86,0
DA:87,0
DA:88,0
DA:89,0
DA:92,0
DA:93,0
DA:94,0
DA:97,0
DA:105,0
LF:47
LH:0
BRDA:11,0,0,0
BRDA:11,0,1,0
BRDA:13,1,0,0
BRDA:13,1,1,0
BRDA:57,2,0,0
BRDA:57,2,1,0
BRDA:59,3,0,0
BRDA:59,3,1,0
BRDA:63,4,0,0
BRDA:63,4,1,0
BRDA:69,5,0,0
BRDA:69,5,1,0
BRDA:75,6,0,0
BRDA:75,6,1,0
BRDA:81,7,0,0
BRDA:81,7,1,0
BRDA:86,8,0,0
BRDA:86,8,1,0
BRDA:92,9,0,0
BRDA:92,9,1,0
BRDA:92,10,0,0
BRDA:92,10,1,0
BRF:22
BRH:0
end_of_record
TN:
SF:src\services\auth.service.js
FN:8,(anonymous_0)
FN:52,(anonymous_1)
FN:77,(anonymous_2)
FN:130,(anonymous_3)
FN:150,(anonymous_4)
FN:176,(anonymous_5)
FN:182,(anonymous_6)
FNF:7
FNH:0
FNDA:0,(anonymous_0)
FNDA:0,(anonymous_1)
FNDA:0,(anonymous_2)
FNDA:0,(anonymous_3)
FNDA:0,(anonymous_4)
FNDA:0,(anonymous_5)
FNDA:0,(anonymous_6)
DA:9,0
DA:15,0
DA:16,0
DA:17,0
DA:21,0
DA:22,0
DA:25,0
DA:26,0
DA:31,0
DA:36,0
DA:37,0
DA:39,0
DA:45,0
DA:47,0
DA:49,0
DA:53,0
DA:57,0
DA:58,0
DA:61,0
DA:66,0
DA:68,0
DA:69,0
DA:71,0
DA:72,0
DA:74,0
DA:78,0
DA:84,0
DA:85,0
DA:86,0
DA:89,0
DA:90,0
DA:91,0
DA:94,0
DA:95,0
DA:96,0
DA:97,0
DA:99,0
DA:100,0
DA:101,0
DA:102,0
DA:105,0
DA:106,0
DA:107,0
DA:110,0
DA:111,0
DA:112,0
DA:116,0
DA:121,0
DA:122,0
DA:124,0
DA:125,0
DA:127,0
DA:131,0
DA:132,0
DA:134,0
DA:137,0
DA:138,0
DA:140,0
DA:146,0
DA:147,0
DA:151,0
DA:155,0
DA:156,0
DA:159,0
DA:160,0
DA:162,0
DA:167,0
DA:170,0
DA:172,0
DA:173,0
DA:177,0
DA:183,0
DA:189,7
LF:73
LH:1
BRDA:15,0,0,0
BRDA:15,0,1,0
BRDA:16,1,0,0
BRDA:16,1,1,0
BRDA:25,2,0,0
BRDA:25,2,1,0
BRDA:57,3,0,0
BRDA:57,3,1,0
BRDA:57,4,0,0
BRDA:57,4,1,0
BRDA:57,4,2,0
BRDA:68,5,0,0
BRDA:68,5,1,0
BRDA:84,6,0,0
BRDA:84,6,1,0
BRDA:89,7,0,0
BRDA:89,7,1,0
BRDA:89,8,0,0
BRDA:89,8,1,0
BRDA:89,8,2,0
BRDA:95,9,0,0
BRDA:95,9,1,0
BRDA:99,10,0,0
BRDA:99,10,1,0
BRDA:110,11,0,0
BRDA:110,11,1,0
BRDA:132,12,0,0
BRDA:132,12,1,0
BRDA:155,13,0,0
BRDA:155,13,1,0
BRDA:155,14,0,0
BRDA:155,14,1,0
BRDA:155,14,2,0
BRDA:176,15,0,0
BRF:34
BRH:0
end_of_record
TN:
SF:src\services\email.service.js
FN:6,(anonymous_0)
FN:19,(anonymous_1)
FN:37,(anonymous_2)
FN:45,(anonymous_3)
FN:55,(anonymous_4)
FN:63,(anonymous_5)
FNF:6
FNH:1
FNDA:7,(anonymous_0)
FNDA:0,(anonymous_1)
FNDA:0,(anonymous_2)
FNDA:0,(anonymous_3)
FNDA:0,(anonymous_4)
FNDA:0,(anonymous_5)
DA:7,7
DA:16,7
DA:20,0
DA:21,0
DA:22,0
DA:24,0
DA:25,0
DA:31,0
DA:33,0
DA:38,0
DA:42,0
DA:46,0
DA:47,0
DA:52,0
DA:56,0
DA:60,0
DA:64,0
DA:68,0
DA:72,7
LF:19
LH:3
BRDA:20,0,0,0
BRDA:20,0,1,0
BRDA:45,1,0,0
BRDA:46,2,0,0
BRDA:46,2,1,0
BRF:5
BRH:0
end_of_record
TN:
SF:src\services\interaction.service.js
FN:6,(anonymous_0)
FN:10,(anonymous_1)
FN:18,(anonymous_2)
FN:29,(anonymous_3)
FN:40,(anonymous_4)
FNF:5
FNH:0
FNDA:0,(anonymous_0)
FNDA:0,(anonymous_1)
FNDA:0,(anonymous_2)
FNDA:0,(anonymous_3)
FNDA:0,(anonymous_4)
DA:5,7
DA:7,0
DA:11,0
DA:20,0
DA:21,0
DA:22,0
DA:26,0
DA:30,0
DA:41,0
DA:42,0
DA:44,0
DA:45,0
DA:49,0
DA:52,0
DA:53,0
DA:58,0
LF:16
LH:1
BRDA:42,0,0,0
BRDA:42,0,1,0
BRDA:44,1,0,0
BRDA:44,1,1,0
BRDA:44,2,0,0
BRDA:44,2,1,0
BRF:6
BRH:0
end_of_record
TN:
SF:src\services\jwt.service.js
FN:8,(anonymous_0)
FN:15,(anonymous_1)
FN:23,(anonymous_2)
FN:40,(anonymous_3)
FN:48,(anonymous_4)
FN:88,(anonymous_5)
FN:95,(anonymous_6)
FNF:7
FNH:1
FNDA:7,(anonymous_0)
FNDA:0,(anonymous_1)
FNDA:0,(anonymous_2)
FNDA:0,(anonymous_3)
FNDA:0,(anonymous_4)
FNDA:0,(anonymous_5)
FNDA:0,(anonymous_6)
DA:9,7
DA:10,7
DA:11,7
DA:12,7
DA:16,0
DA:24,0
DA:25,0
DA:27,0
DA:37,0
DA:41,0
DA:42,0
DA:44,0
DA:49,0
DA:54,0
DA:55,0
DA:58,0
DA:60,0
DA:64,0
DA:67,0
DA:68,0
DA:72,0
DA:78,0
DA:79,0
DA:81,0
DA:89,0
DA:96,0
DA:103,7
LF:27
LH:5
BRDA:10,0,0,7
BRDA:10,0,1,0
BRDA:23,1,0,0
BRDA:48,2,0,0
BRDA:54,3,0,0
BRDA:54,3,1,0
BRDA:58,4,0,0
BRDA:58,4,1,0
BRDA:67,5,0,0
BRDA:67,5,1,0
BRF:10
BRH:1
end_of_record
TN:
SF:src\services\photo.service.js
FN:12,(anonymous_0)
FN:28,(anonymous_1)
FN:40,(anonymous_2)
FN:110,(anonymous_3)
FN:121,(anonymous_4)
FN:156,(anonymous_5)
FN:185,(anonymous_6)
FNF:7
FNH:0
FNDA:0,(anonymous_0)
FNDA:0,(anonymous_1)
FNDA:0,(anonymous_2)
FNDA:0,(anonymous_3)
FNDA:0,(anonymous_4)
FNDA:0,(anonymous_5)
FNDA:0,(anonymous_6)
DA:10,7
DA:13,0
DA:14,0
DA:20,0
DA:22,0
DA:23,0
DA:29,0
DA:41,0
DA:42,0
DA:45,0
DA:46,0
DA:49,0
DA:50,0
DA:53,0
DA:57,0
DA:58,0
DA:64,0
DA:67,0
DA:69,0
DA:83,0
DA:84,0
DA:89,0
DA:95,0
DA:98,0
DA:103,0
DA:107,0
DA:111,0
DA:112,0
DA:114,0
DA:122,0
DA:123,0
DA:125,0
DA:129,0
DA:132,0
DA:133,0
DA:137,0
DA:140,0
DA:141,0
DA:146,0
DA:147,0
DA:151,0
DA:157,0
DA:158,0
DA:160,0
DA:164,0
DA:167,0
DA:173,0
DA:182,0
DA:186,0
DA:187,0
DA:189,0
DA:194,0
LF:52
LH:1
BRDA:40,0,0,0
BRDA:42,1,0,0
BRDA:42,1,1,0
BRDA:57,2,0,0
BRDA:57,2,1,0
BRDA:67,3,0,0
BRDA:67,3,1,0
BRDA:83,4,0,0
BRDA:83,4,1,0
BRDA:112,5,0,0
BRDA:112,5,1,0
BRDA:123,6,0,0
BRDA:123,6,1,0
BRDA:129,7,0,0
BRDA:129,7,1,0
BRDA:132,8,0,0
BRDA:132,8,1,0
BRDA:140,9,0,0
BRDA:140,9,1,0
BRDA:146,10,0,0
BRDA:146,10,1,0
BRDA:158,11,0,0
BRDA:158,11,1,0
BRDA:164,12,0,0
BRDA:164,12,1,0
BRDA:187,13,0,0
BRDA:187,13,1,0
BRDA:194,14,0,0
BRDA:194,14,1,0
BRF:29
BRH:0
end_of_record
TN:
SF:src\services\profile.service.js
FN:8,(anonymous_0)
FN:18,(anonymous_1)
FN:28,(anonymous_2)
FN:40,(anonymous_3)
FN:61,(anonymous_4)
FN:78,(anonymous_5)
FN:95,(anonymous_6)
FN:106,(anonymous_7)
FN:128,(anonymous_8)
FN:138,(anonymous_9)
FN:159,(anonymous_10)
FN:170,(anonymous_11)
FN:181,(anonymous_12)
FN:192,(anonymous_13)
FN:227,(anonymous_14)
FNF:15
FNH:0
FNDA:0,(anonymous_0)
FNDA:0,(anonymous_1)
FNDA:0,(anonymous_2)
FNDA:0,(anonymous_3)
FNDA:0,(anonymous_4)
FNDA:0,(anonymous_5)
FNDA:0,(anonymous_6)
FNDA:0,(anonymous_7)
FNDA:0,(anonymous_8)
FNDA:0,(anonymous_9)
FNDA:0,(anonymous_10)
FNDA:0,(anonymous_11)
FNDA:0,(anonymous_12)
FNDA:0,(anonymous_13)
FNDA:0,(anonymous_14)
DA:6,7
DA:9,0
DA:19,0
DA:23,0
DA:24,0
DA:29,0
DA:36,0
DA:37,0
DA:41,0
DA:42,0
DA:43,0
DA:47,0
DA:54,0
DA:58,0
DA:62,0
DA:63,0
DA:65,0
DA:70,0
DA:74,0
DA:79,0
DA:80,0
DA:82,0
DA:87,0
DA:91,0
DA:96,0
DA:97,0
DA:99,0
DA:103,0
DA:107,0
DA:108,0
DA:109,0
DA:112,0
DA:115,0
DA:120,0
DA:124,0
DA:129,0
DA:130,0
DA:131,0
DA:135,0
DA:139,0
DA:140,0
DA:141,0
DA:146,0
DA:151,0
DA:155,0
DA:160,0
DA:165,0
DA:171,0
DA:176,0
DA:182,0
DA:187,0
DA:193,0
DA:194,0
DA:196,0
DA:202,0
DA:203,0
DA:204,0
DA:205,0
DA:206,0
DA:207,0
DA:208,0
DA:213,0
DA:214,0
DA:216,0
DA:217,0
DA:219,0
DA:224,0
DA:228,0
DA:233,0
DA:235,0
DA:244,0
DA:246,0
DA:247,0
DA:248,0
DA:256,0
LF:75
LH:1
BRDA:8,0,0,0
BRDA:23,1,0,0
BRDA:23,1,1,0
BRDA:36,2,0,0
BRDA:36,2,1,0
BRDA:42,3,0,0
BRDA:42,3,1,0
BRDA:63,4,0,0
BRDA:63,4,1,0
BRDA:80,5,0,0
BRDA:80,5,1,0
BRDA:97,6,0,0
BRDA:97,6,1,0
BRDA:108,7,0,0
BRDA:108,7,1,0
BRDA:130,8,0,0
BRDA:130,8,1,0
BRDA:140,9,0,0
BRDA:140,9,1,0
BRDA:194,10,0,0
BRDA:194,10,1,0
BRDA:204,11,0,0
BRDA:204,11,1,0
BRDA:204,12,0,0
BRDA:204,12,1,0
BRDA:204,12,2,0
BRDA:205,13,0,0
BRDA:205,13,1,0
BRDA:205,14,0,0
BRDA:205,14,1,0
BRDA:207,15,0,0
BRDA:207,15,1,0
BRDA:214,16,0,0
BRDA:214,16,1,0
BRDA:233,17,0,0
BRDA:233,17,1,0
BRDA:244,18,0,0
BRDA:244,18,1,0
BRDA:247,19,0,0
BRDA:247,19,1,0
BRDA:247,20,0,0
BRDA:247,20,1,0
BRDA:247,20,2,0
BRDA:247,20,3,0
BRDA:247,20,4,0
BRF:45
BRH:0
end_of_record
TN:
SF:src\services\storage.service.js
FN:8,(anonymous_0)
FN:16,(anonymous_1)
FN:20,(anonymous_2)
FN:28,(anonymous_3)
FN:52,(anonymous_4)
FNF:5
FNH:2
FNDA:7,(anonymous_0)
FNDA:0,(anonymous_1)
FNDA:7,(anonymous_2)
FNDA:0,(anonymous_3)
FNDA:0,(anonymous_4)
DA:9,7
DA:11,7
DA:12,0
DA:13,0
DA:15,7
DA:16,7
DA:21,7
DA:22,7
DA:24,0
DA:29,0
DA:30,0
DA:37,0
DA:39,0
DA:43,0
DA:45,0
DA:46,0
DA:48,0
DA:53,0
DA:55,0
DA:56,0
DA:60,0
DA:62,0
DA:63,0
DA:64,0
DA:66,0
DA:72,7
LF:26
LH:7
BRDA:9,0,0,7
BRDA:9,0,1,7
BRDA:11,1,0,0
BRDA:11,1,1,7
BRDA:13,2,0,0
BRDA:13,2,1,0
BRDA:29,3,0,0
BRDA:29,3,1,0
BRDA:37,4,0,0
BRDA:37,4,1,0
BRDA:53,5,0,0
BRDA:53,5,1,0
BRDA:55,6,0,0
BRDA:55,6,1,0
BRDA:60,7,0,0
BRDA:60,7,1,0
BRF:16
BRH:3
end_of_record
TN:
SF:src\services\ai\AIProvider.js
FN:6,(anonymous_0)
FN:15,(anonymous_1)
FNF:2
FNH:0
FNDA:0,(anonymous_0)
FNDA:0,(anonymous_1)
DA:7,0
DA:16,0
LF:2
LH:0
BRF:0
BRH:0
end_of_record
TN:
SF:src\services\ai\providers\MockAIProvider.js
FN:5,(anonymous_0)
FN:9,(anonymous_1)
FN:13,(anonymous_2)
FNF:3
FNH:0
FNDA:0,(anonymous_0)
FNDA:0,(anonymous_1)
FNDA:0,(anonymous_2)
DA:6,0
DA:10,0
DA:13,0
DA:15,0
DA:17,0
DA:31,0
LF:6
LH:0
BRDA:22,0,0,0
BRDA:22,0,1,0
BRF:2
BRH:0
end_of_record
TN:
SF:src\services\discovery\candidateGenerator.js
FN:12,(anonymous_0)
FNF:1
FNH:0
FNDA:0,(anonymous_0)
DA:4,7
DA:13,0
DA:15,0
DA:26,0
LF:4
LH:1
BRDA:12,0,0,0
BRF:1
BRH:0
end_of_record
TN:
SF:src\services\discovery\discovery.service.js
FN:12,(anonymous_0)
FN:22,(anonymous_1)
FN:42,(anonymous_2)
FN:47,(anonymous_3)
FN:63,(anonymous_4)
FNF:5
FNH:0
FNDA:0,(anonymous_0)
FNDA:0,(anonymous_1)
FNDA:0,(anonymous_2)
FNDA:0,(anonymous_3)
FNDA:0,(anonymous_4)
DA:8,7
DA:13,0
DA:16,0
DA:17,0
DA:19,0
DA:20,0
DA:22,0
DA:23,0
DA:27,0
DA:28,0
DA:29,0
DA:32,0
DA:35,0
DA:36,0
DA:39,0
DA:42,0
DA:44,0
DA:48,0
DA:49,0
DA:59,0
DA:64,0
DA:67,0
DA:68,0
DA:70,0
LF:24
LH:1
BRDA:12,0,0,0
BRDA:19,1,0,0
BRDA:19,1,1,0
BRDA:28,2,0,0
BRDA:28,2,1,0
BRDA:28,3,0,0
BRDA:28,3,1,0
BRDA:47,4,0,0
BRDA:47,5,0,0
BRF:9
BRH:0
end_of_record
TN:
SF:src\services\discovery\eligibilityEngine.js
FN:10,(anonymous_0)
FN:30,(anonymous_1)
FN:31,(anonymous_2)
FNF:3
FNH:0
FNDA:0,(anonymous_0)
FNDA:0,(anonymous_1)
FNDA:0,(anonymous_2)
DA:3,7
DA:11,0
DA:17,0
DA:22,0
DA:30,0
DA:31,0
DA:33,0
DA:36,0
DA:41,0
DA:49,0
DA:60,0
DA:61,0
DA:62,0
DA:64,0
DA:75,0
LF:15
LH:1
BRDA:31,0,0,0
BRDA:31,0,1,0
BRDA:36,1,0,0
BRDA:36,1,1,0
BRDA:60,2,0,0
BRDA:60,2,1,0
BRF:6
BRH:0
end_of_record
TN:
SF:src\services\discovery\rankingEngine.js
FN:4,(anonymous_0)
FN:10,(anonymous_1)
FN:26,(anonymous_2)
FN:32,(anonymous_3)
FN:38,(anonymous_4)
FN:42,(anonymous_5)
FN:44,(anonymous_6)
FN:54,(anonymous_7)
FN:67,(anonymous_8)
FN:78,(anonymous_9)
FNF:10
FNH:1
FNDA:0,(anonymous_0)
FNDA:0,(anonymous_1)
FNDA:0,(anonymous_2)
FNDA:0,(anonymous_3)
FNDA:0,(anonymous_4)
FNDA:0,(anonymous_5)
FNDA:0,(anonymous_6)
FNDA:0,(anonymous_7)
FNDA:7,(anonymous_8)
FNDA:0,(anonymous_9)
DA:5,0
DA:11,0
DA:13,0
DA:14,0
DA:20,0
DA:21,0
DA:27,0
DA:33,0
DA:39,0
DA:40,0
DA:42,0
DA:43,0
DA:44,0
DA:45,0
DA:48,0
DA:49,0
DA:56,0
DA:57,0
DA:58,0
DA:61,0
DA:62,0
DA:68,7
DA:69,7
DA:79,0
DA:80,0
DA:82,0
DA:83,0
DA:84,0
DA:85,0
DA:86,0
DA:91,0
LF:31
LH:2
BRDA:11,0,0,0
BRDA:11,0,1,0
BRDA:11,1,0,0
BRDA:11,1,1,0
BRDA:13,2,0,0
BRDA:13,2,1,0
BRDA:20,3,0,0
BRDA:20,3,1,0
BRDA:27,4,0,0
BRDA:27,4,1,0
BRDA:27,4,2,0
BRDA:33,5,0,0
BRDA:33,5,1,0
BRDA:39,6,0,0
BRDA:39,6,1,0
BRDA:39,7,0,0
BRDA:39,7,1,0
BRDA:40,8,0,0
BRDA:40,8,1,0
BRDA:40,9,0,0
BRDA:40,9,1,0
BRDA:45,10,0,0
BRDA:45,10,1,0
BRDA:56,11,0,0
BRDA:56,11,1,0
BRDA:57,12,0,0
BRDA:57,12,1,0
BRDA:61,13,0,0
BRDA:61,13,1,0
BRDA:83,14,0,0
BRDA:83,14,1,0
BRDA:91,15,0,0
BRDA:91,15,1,0
BRF:33
BRH:0
end_of_record
TN:
SF:src\services\discovery\recommendationEngine.js
FN:7,(anonymous_0)
FN:11,(anonymous_1)
FN:17,(anonymous_2)
FN:32,(anonymous_3)
FNF:4
FNH:1
FNDA:7,(anonymous_0)
FNDA:0,(anonymous_1)
FNDA:0,(anonymous_2)
FNDA:0,(anonymous_3)
DA:8,7
DA:14,0
DA:17,0
DA:18,0
DA:19,0
DA:24,0
DA:32,0
DA:35,0
DA:39,7
LF:9
LH:2
BRDA:11,0,0,0
BRF:1
BRH:0
end_of_record
TN:
SF:src\services\interaction\AnalyticsService.js
FN:5,(anonymous_0)
FN:11,(anonymous_1)
FNF:2
FNH:0
FNDA:0,(anonymous_0)
FNDA:0,(anonymous_1)
DA:8,0
DA:13,0
DA:17,0
LF:3
LH:0
BRF:0
BRH:0
end_of_record
TN:
SF:src\services\interaction\MatchEngine.js
FN:12,(anonymous_0)
FN:39,(anonymous_1)
FN:50,(anonymous_2)
FNF:3
FNH:0
FNDA:0,(anonymous_0)
FNDA:0,(anonymous_1)
FNDA:0,(anonymous_2)
DA:13,0
DA:16,0
DA:20,0
DA:21,0
DA:23,0
DA:26,0
DA:33,0
DA:36,0
DA:39,0
DA:42,0
DA:43,0
DA:44,0
DA:45,0
DA:52,0
DA:62,0
LF:15
LH:0
BRDA:20,0,0,0
BRDA:20,0,1,0
BRDA:43,1,0,0
BRDA:43,1,1,0
BRF:4
BRH:0
end_of_record
TN:
SF:src\services\interaction\SwipeEngine.js
FN:8,(anonymous_0)
FN:16,(anonymous_1)
FN:74,(anonymous_2)
FNF:3
FNH:1
FNDA:7,(anonymous_0)
FNDA:0,(anonymous_1)
FNDA:0,(anonymous_2)
DA:9,7
DA:17,0
DA:18,0
DA:22,0
DA:27,0
DA:28,0
DA:32,0
DA:34,0
DA:36,0
DA:39,0
DA:43,0
DA:52,0
DA:53,0
DA:55,0
DA:56,0
DA:60,0
DA:65,0
DA:74,0
DA:76,0
DA:80,7
LF:20
LH:2
BRDA:17,0,0,0
BRDA:17,0,1,0
BRDA:27,1,0,0
BRDA:27,1,1,0
BRDA:27,2,0,0
BRDA:27,2,1,0
BRDA:34,3,0,0
BRDA:34,3,1,0
BRDA:55,4,0,0
BRDA:55,4,1,0
BRDA:55,5,0,0
BRDA:55,5,1,0
BRDA:56,6,0,0
BRDA:56,6,1,0
BRF:14
BRH:0
end_of_record
TN:
SF:src\services\interaction\relationship.service.js
FN:8,(anonymous_0)
FNF:1
FNH:0
FNDA:0,(anonymous_0)
DA:3,7
DA:9,0
DA:11,0
LF:3
LH:1
BRF:0
BRH:0
end_of_record
TN:
SF:src\services\interaction\rules\SwipeRulesEngine.js
FN:10,(anonymous_0)
FN:19,(anonymous_1)
FN:31,(anonymous_2)
FN:46,(anonymous_3)
FN:66,(anonymous_4)
FN:75,(anonymous_5)
FNF:6
FNH:1
FNDA:0,(anonymous_0)
FNDA:0,(anonymous_1)
FNDA:0,(anonymous_2)
FNDA:0,(anonymous_3)
FNDA:7,(anonymous_4)
FNDA:0,(anonymous_5)
DA:11,0
DA:20,0
DA:21,0
DA:23,0
DA:32,0
DA:35,0
DA:36,0
DA:38,0
DA:47,0
DA:55,0
DA:56,0
DA:58,0
DA:67,7
DA:68,7
DA:76,0
DA:77,0
DA:78,0
DA:79,0
DA:82,0
LF:19
LH:2
BRDA:20,0,0,0
BRDA:20,0,1,0
BRDA:20,1,0,0
BRDA:20,1,1,0
BRDA:35,2,0,0
BRDA:35,2,1,0
BRDA:55,3,0,0
BRDA:55,3,1,0
BRDA:78,4,0,0
BRDA:78,4,1,0
BRF:10
BRH:0
end_of_record
TN:
SF:src\services\realtime\DeliveryEngine.js
FN:12,(anonymous_0)
FNF:1
FNH:0
FNDA:0,(anonymous_0)
DA:14,0
DA:15,0
DA:18,0
DA:19,0
DA:29,0
DA:32,0
DA:34,0
DA:38,7
LF:8
LH:1
BRDA:15,0,0,0
BRDA:15,0,1,0
BRDA:24,1,0,0
BRDA:24,1,1,0
BRF:4
BRH:0
end_of_record
TN:
SF:src\services\realtime\PresenceEngine.js
FN:8,(anonymous_0)
FN:26,(anonymous_1)
FN:44,(anonymous_2)
FN:53,(anonymous_3)
FNF:4
FNH:0
FNDA:0,(anonymous_0)
FNDA:0,(anonymous_1)
FNDA:0,(anonymous_2)
FNDA:0,(anonymous_3)
DA:9,0
DA:12,0
DA:15,0
DA:20,0
DA:27,0
DA:29,0
DA:30,0
DA:32,0
DA:33,0
DA:37,0
DA:45,0
DA:46,0
DA:47,0
DA:54,0
DA:55,0
DA:59,7
LF:16
LH:1
BRDA:9,0,0,0
BRDA:9,0,1,0
BRDA:27,1,0,0
BRDA:27,1,1,0
BRDA:32,2,0,0
BRDA:32,2,1,0
BRDA:45,3,0,0
BRDA:45,3,1,0
BRDA:47,4,0,0
BRDA:47,4,1,0
BRDA:47,5,0,0
BRDA:47,5,1,0
BRDA:54,6,0,0
BRDA:54,6,1,0
BRF:14
BRH:0
end_of_record
TN:
SF:src\services\realtime\conversation.service.js
FN:8,(anonymous_0)
FN:24,(anonymous_1)
FN:30,(anonymous_2)
FN:40,(anonymous_3)
FN:49,(anonymous_4)
FNF:5
FNH:0
FNDA:0,(anonymous_0)
FNDA:0,(anonymous_1)
FNDA:0,(anonymous_2)
FNDA:0,(anonymous_3)
FNDA:0,(anonymous_4)
DA:4,7
DA:9,0
DA:24,0
DA:31,0
DA:38,0
DA:40,0
DA:41,0
DA:43,0
DA:50,0
LF:9
LH:1
BRDA:38,0,0,0
BRDA:38,0,1,0
BRDA:41,1,0,0
BRDA:41,1,1,0
BRF:4
BRH:0
end_of_record
TN:
SF:src\utils\asyncHandler.js
FN:1,(anonymous_0)
FN:1,(anonymous_1)
FNF:2
FNH:1
FNDA:357,(anonymous_0)
FNDA:0,(anonymous_1)
DA:1,357
DA:2,0
LF:2
LH:1
BRF:0
BRH:0
end_of_record
TN:
SF:src\utils\cache.js
FN:5,(anonymous_0)
FN:16,(anonymous_1)
FN:25,(anonymous_2)
FNF:3
FNH:0
FNDA:0,(anonymous_0)
FNDA:0,(anonymous_1)
FNDA:0,(anonymous_2)
DA:4,0
DA:6,0
DA:7,0
DA:8,0
DA:9,0
DA:11,0
DA:12,0
DA:17,0
DA:18,0
DA:19,0
DA:21,0
DA:26,0
DA:27,0
DA:28,0
DA:30,0
LF:15
LH:0
BRDA:6,0,0,0
BRDA:6,0,1,0
BRDA:9,1,0,0
BRDA:9,1,1,0
BRDA:16,2,0,0
BRDA:17,3,0,0
BRDA:17,3,1,0
BRDA:26,4,0,0
BRDA:26,4,1,0
BRF:9
BRH:0
end_of_record
TN:
SF:src\utils\constants.js
FNF:0
FNH:0
DA:1,7
DA:2,7
LF:2
LH:2
BRF:0
BRH:0
end_of_record
TN:
SF:src\utils\distance.js
FN:3,(anonymous_0)
FNF:1
FNH:0
FNDA:0,(anonymous_0)
DA:3,7
DA:4,0
DA:5,0
DA:7,0
DA:10,0
DA:11,0
LF:6
LH:1
BRF:0
BRH:0
end_of_record
TN:
SF:src\utils\errors.js
FN:2,(anonymous_0)
FN:12,(anonymous_1)
FN:19,(anonymous_2)
FN:25,(anonymous_3)
FN:31,(anonymous_4)
FN:37,(anonymous_5)
FN:43,(anonymous_6)
FN:49,(anonymous_7)
FN:55,(anonymous_8)
FNF:9
FNH:3
FNDA:23,(anonymous_0)
FNDA:2,(anonymous_1)
FNDA:21,(anonymous_2)
FNDA:0,(anonymous_3)
FNDA:0,(anonymous_4)
FNDA:0,(anonymous_5)
FNDA:0,(anonymous_6)
FNDA:0,(anonymous_7)
FNDA:0,(anonymous_8)
DA:3,23
DA:4,23
DA:5,23
DA:6,23
DA:7,23
DA:13,2
DA:14,2
DA:20,21
DA:26,0
DA:32,0
DA:38,0
DA:44,0
DA:50,0
DA:56,0
LF:14
LH:8
BRDA:5,0,0,23
BRDA:5,0,1,0
BRDA:12,1,0,0
BRF:3
BRH:1
end_of_record
TN:
SF:src\utils\logger.js
FN:8,(anonymous_0)
FNF:1
FNH:1
FNDA:324,(anonymous_0)
DA:4,7
DA:6,7
DA:8,7
DA:9,324
DA:12,7
LF:5
LH:5
BRDA:9,0,0,324
BRDA:9,0,1,324
BRDA:13,1,0,0
BRDA:13,1,1,7
BRF:4
BRH:3
end_of_record
TN:
SF:src\utils\response.js
FN:1,(anonymous_0)
FN:9,(anonymous_1)
FN:17,(anonymous_2)
FNF:3
FNH:0
FNDA:0,(anonymous_0)
FNDA:0,(anonymous_1)
FNDA:0,(anonymous_2)
DA:1,7
DA:2,0
DA:9,7
DA:10,0
DA:17,7
DA:18,0
LF:6
LH:3
BRDA:1,0,0,0
BRDA:9,1,0,0
BRF:2
BRH:0
end_of_record
