TN:
SF:src\controllers\ai.controller.js
FN:8,(anonymous_0)
FN:15,(anonymous_1)
FN:22,(anonymous_2)
FN:30,(anonymous_3)
FN:38,(anonymous_4)
FN:44,(anonymous_5)
FN:55,(anonymous_6)
FN:60,(anonymous_7)
FN:67,(anonymous_8)
FNF:9
FNH:1
FNDA:0,(anonymous_0)
FNDA:0,(anonymous_1)
FNDA:1,(anonymous_2)
FNDA:0,(anonymous_3)
FNDA:0,(anonymous_4)
FNDA:0,(anonymous_5)
FNDA:0,(anonymous_6)
FNDA:0,(anonymous_7)
FNDA:0,(anonymous_8)
DA:7,13
DA:9,0
DA:10,0
DA:11,0
DA:12,0
DA:16,0
DA:17,0
DA:18,0
DA:19,0
DA:23,1
DA:24,1
DA:25,1
DA:26,1
DA:27,1
DA:31,0
DA:32,0
DA:33,0
DA:34,0
DA:35,0
DA:39,0
DA:40,0
DA:41,0
DA:45,0
DA:46,0
DA:47,0
DA:48,0
DA:49,0
DA:51,0
DA:52,0
DA:56,0
DA:57,0
DA:61,0
DA:62,0
DA:63,0
DA:64,0
DA:68,0
DA:73,0
LF:37
LH:6
BRDA:10,0,0,0
BRDA:10,0,1,0
BRDA:17,1,0,0
BRDA:17,1,1,0
BRDA:24,2,0,0
BRDA:24,2,1,1
BRDA:25,3,0,0
BRDA:25,3,1,1
BRDA:33,4,0,0
BRDA:33,4,1,0
BRDA:47,5,0,0
BRDA:47,5,1,0
BRDA:48,6,0,0
BRDA:48,6,1,0
BRDA:62,7,0,0
BRDA:62,7,1,0
BRF:16
BRH:2
end_of_record
TN:
SF:src\controllers\auth.controller.js
FN:8,(anonymous_0)
FN:15,(anonymous_1)
FN:31,(anonymous_2)
FN:45,(anonymous_3)
FN:65,(anonymous_4)
FN:71,(anonymous_5)
FN:77,(anonymous_6)
FN:86,(anonymous_7)
FN:93,(anonymous_8)
FN:108,(anonymous_9)
FNF:10
FNH:0
FNDA:0,(anonymous_0)
FNDA:0,(anonymous_1)
FNDA:0,(anonymous_2)
FNDA:0,(anonymous_3)
FNDA:0,(anonymous_4)
FNDA:0,(anonymous_5)
FNDA:0,(anonymous_6)
FNDA:0,(anonymous_7)
FNDA:0,(anonymous_8)
FNDA:0,(anonymous_9)
DA:9,0
DA:10,0
DA:12,0
DA:16,0
DA:17,0
DA:20,0
DA:28,0
DA:32,0
DA:33,0
DA:35,0
DA:42,0
DA:46,0
DA:47,0
DA:49,0
DA:50,0
DA:53,0
DA:55,0
DA:62,0
DA:66,0
DA:67,0
DA:68,0
DA:72,0
DA:73,0
DA:74,0
DA:78,0
DA:79,0
DA:80,0
DA:82,0
DA:83,0
DA:87,0
DA:88,0
DA:89,0
DA:90,0
DA:94,0
DA:103,0
DA:104,0
DA:107,0
DA:108,0
DA:111,0
DA:117,13
LF:40
LH:1
BRDA:9,0,0,0
BRDA:9,0,1,0
BRDA:16,1,0,0
BRDA:16,1,1,0
BRDA:32,2,0,0
BRDA:32,2,1,0
BRDA:46,3,0,0
BRDA:46,3,1,0
BRDA:47,4,0,0
BRDA:47,4,1,0
BRDA:49,5,0,0
BRDA:49,5,1,0
BRDA:66,6,0,0
BRDA:66,6,1,0
BRDA:72,7,0,0
BRDA:72,7,1,0
BRDA:78,8,0,0
BRDA:78,8,1,0
BRDA:79,9,0,0
BRDA:79,9,1,0
BRDA:103,10,0,0
BRDA:103,10,1,0
BRDA:107,11,0,0
BRDA:107,11,1,0
BRDA:107,12,0,0
BRDA:107,12,1,0
BRDA:108,13,0,0
BRDA:108,13,1,0
BRDA:108,14,0,0
BRDA:108,14,1,0
BRF:30
BRH:0
end_of_record
TN:
SF:src\controllers\discovery.controller.js
FN:5,(anonymous_0)
FN:11,(anonymous_1)
FN:16,(anonymous_2)
FN:21,(anonymous_3)
FNF:4
FNH:1
FNDA:1,(anonymous_0)
FNDA:0,(anonymous_1)
FNDA:0,(anonymous_2)
FNDA:0,(anonymous_3)
DA:4,13
DA:6,1
DA:7,1
DA:8,1
DA:12,0
DA:13,0
DA:17,0
DA:18,0
DA:22,0
DA:23,0
DA:24,0
LF:11
LH:4
BRDA:6,0,0,1
BRDA:6,0,1,1
BRF:2
BRH:2
end_of_record
TN:
SF:src\controllers\growth.controller.js
FN:5,(anonymous_0)
FN:10,(anonymous_1)
FN:16,(anonymous_2)
FN:21,(anonymous_3)
FN:26,(anonymous_4)
FN:40,(anonymous_5)
FN:45,(anonymous_6)
FN:54,(anonymous_7)
FN:63,(anonymous_8)
FN:69,(anonymous_9)
FN:74,(anonymous_10)
FN:79,(anonymous_11)
FN:84,(anonymous_12)
FN:90,(anonymous_13)
FN:95,(anonymous_14)
FNF:15
FNH:0
FNDA:0,(anonymous_0)
FNDA:0,(anonymous_1)
FNDA:0,(anonymous_2)
FNDA:0,(anonymous_3)
FNDA:0,(anonymous_4)
FNDA:0,(anonymous_5)
FNDA:0,(anonymous_6)
FNDA:0,(anonymous_7)
FNDA:0,(anonymous_8)
FNDA:0,(anonymous_9)
FNDA:0,(anonymous_10)
FNDA:0,(anonymous_11)
FNDA:0,(anonymous_12)
FNDA:0,(anonymous_13)
FNDA:0,(anonymous_14)
DA:4,13
DA:6,0
DA:7,0
DA:11,0
DA:12,0
DA:13,0
DA:17,0
DA:18,0
DA:22,0
DA:23,0
DA:27,0
DA:28,0
DA:29,0
DA:30,0
DA:33,0
DA:37,0
DA:41,0
DA:42,0
DA:46,0
DA:47,0
DA:48,0
DA:49,0
DA:51,0
DA:55,0
DA:56,0
DA:57,0
DA:58,0
DA:60,0
DA:64,0
DA:65,0
DA:66,0
DA:70,0
DA:71,0
DA:75,0
DA:76,0
DA:80,0
DA:81,0
DA:85,0
DA:86,0
DA:87,0
DA:91,0
DA:92,0
DA:96,0
DA:97,0
LF:44
LH:1
BRDA:28,0,0,0
BRDA:28,0,1,0
BRDA:47,1,0,0
BRDA:47,1,1,0
BRDA:56,2,0,0
BRDA:56,2,1,0
BRF:6
BRH:0
end_of_record
TN:
SF:src\controllers\interaction.controller.js
FN:4,(anonymous_0)
FN:10,(anonymous_1)
FN:15,(anonymous_2)
FN:20,(anonymous_3)
FN:25,(anonymous_4)
FNF:5
FNH:1
FNDA:2,(anonymous_0)
FNDA:0,(anonymous_1)
FNDA:0,(anonymous_2)
FNDA:0,(anonymous_3)
FNDA:0,(anonymous_4)
DA:3,13
DA:5,2
DA:6,2
DA:7,2
DA:11,0
DA:12,0
DA:16,0
DA:17,0
DA:21,0
DA:22,0
DA:26,0
DA:27,0
LF:12
LH:4
BRF:0
BRH:0
end_of_record
TN:
SF:src\controllers\moderation.controller.js
FN:6,(anonymous_0)
FN:15,(anonymous_1)
FN:23,(anonymous_2)
FNF:3
FNH:0
FNDA:0,(anonymous_0)
FNDA:0,(anonymous_1)
FNDA:0,(anonymous_2)
DA:4,13
DA:7,0
DA:11,0
DA:16,0
DA:18,0
DA:19,0
DA:24,0
DA:25,0
DA:26,0
LF:9
LH:1
BRF:0
BRH:0
end_of_record
TN:
SF:src\controllers\ops.controller.js
FN:5,(anonymous_0)
FN:9,(anonymous_1)
FN:13,(anonymous_2)
FN:17,(anonymous_3)
FN:21,(anonymous_4)
FNF:5
FNH:0
FNDA:0,(anonymous_0)
FNDA:0,(anonymous_1)
FNDA:0,(anonymous_2)
FNDA:0,(anonymous_3)
FNDA:0,(anonymous_4)
DA:4,13
DA:6,0
DA:7,0
DA:10,0
DA:11,0
DA:14,0
DA:15,0
DA:18,0
DA:19,0
DA:22,0
DA:23,0
LF:11
LH:1
BRF:0
BRH:0
end_of_record
TN:
SF:src\controllers\photo.controller.js
FN:5,(anonymous_0)
FN:28,(anonymous_1)
FN:33,(anonymous_2)
FN:38,(anonymous_3)
FN:46,(anonymous_4)
FN:51,(anonymous_5)
FNF:6
FNH:0
FNDA:0,(anonymous_0)
FNDA:0,(anonymous_1)
FNDA:0,(anonymous_2)
FNDA:0,(anonymous_3)
FNDA:0,(anonymous_4)
FNDA:0,(anonymous_5)
DA:4,13
DA:6,0
DA:7,0
DA:11,0
DA:12,0
DA:13,0
DA:16,0
DA:18,0
DA:25,0
DA:29,0
DA:30,0
DA:34,0
DA:35,0
DA:39,0
DA:40,0
DA:42,0
DA:43,0
DA:47,0
DA:48,0
DA:52,0
DA:53,0
DA:54,0
DA:56,0
LF:23
LH:1
BRDA:6,0,0,0
BRDA:6,0,1,0
BRDA:12,1,0,0
BRDA:12,1,1,0
BRDA:16,2,0,0
BRDA:16,2,1,0
BRDA:40,3,0,0
BRDA:40,3,1,0
BRDA:48,4,0,0
BRDA:48,4,1,0
BRDA:53,5,0,0
BRDA:53,5,1,0
BRF:12
BRH:0
end_of_record
TN:
SF:src\controllers\profile.controller.js
FN:5,(anonymous_0)
FN:11,(anonymous_1)
FN:17,(anonymous_2)
FN:22,(anonymous_3)
FN:27,(anonymous_4)
FN:34,(anonymous_5)
FN:39,(anonymous_6)
FN:45,(anonymous_7)
FN:50,(anonymous_8)
FN:56,(anonymous_9)
FN:63,(anonymous_10)
FN:68,(anonymous_11)
FN:73,(anonymous_12)
FNF:13
FNH:0
FNDA:0,(anonymous_0)
FNDA:0,(anonymous_1)
FNDA:0,(anonymous_2)
FNDA:0,(anonymous_3)
FNDA:0,(anonymous_4)
FNDA:0,(anonymous_5)
FNDA:0,(anonymous_6)
FNDA:0,(anonymous_7)
FNDA:0,(anonymous_8)
FNDA:0,(anonymous_9)
FNDA:0,(anonymous_10)
FNDA:0,(anonymous_11)
FNDA:0,(anonymous_12)
DA:3,13
DA:6,0
DA:7,0
DA:8,0
DA:12,0
DA:13,0
DA:18,0
DA:19,0
DA:23,0
DA:24,0
DA:28,0
DA:29,0
DA:30,0
DA:35,0
DA:36,0
DA:40,0
DA:41,0
DA:46,0
DA:47,0
DA:51,0
DA:52,0
DA:57,0
DA:58,0
DA:59,0
DA:64,0
DA:65,0
DA:69,0
DA:70,0
DA:74,0
LF:29
LH:1
BRF:0
BRH:0
end_of_record
TN:
SF:src\controllers\realtime.controller.js
FN:8,(anonymous_0)
FN:14,(anonymous_1)
FN:20,(anonymous_2)
FN:37,(anonymous_3)
FN:52,(anonymous_4)
FNF:5
FNH:0
FNDA:0,(anonymous_0)
FNDA:0,(anonymous_1)
FNDA:0,(anonymous_2)
FNDA:0,(anonymous_3)
FNDA:0,(anonymous_4)
DA:6,13
DA:9,0
DA:10,0
DA:15,0
DA:16,0
DA:21,0
DA:24,0
DA:26,0
DA:33,0
DA:38,0
DA:41,0
DA:48,0
DA:53,0
DA:56,0
DA:61,0
LF:15
LH:1
BRF:0
BRH:0
end_of_record
TN:
SF:src\controllers\trust.controller.js
FN:8,(anonymous_0)
FN:17,(anonymous_1)
FN:23,(anonymous_2)
FN:30,(anonymous_3)
FN:36,(anonymous_4)
FN:43,(anonymous_5)
FN:49,(anonymous_6)
FN:55,(anonymous_7)
FN:61,(anonymous_8)
FNF:9
FNH:0
FNDA:0,(anonymous_0)
FNDA:0,(anonymous_1)
FNDA:0,(anonymous_2)
FNDA:0,(anonymous_3)
FNDA:0,(anonymous_4)
FNDA:0,(anonymous_5)
FNDA:0,(anonymous_6)
FNDA:0,(anonymous_7)
FNDA:0,(anonymous_8)
DA:6,13
DA:9,0
DA:10,0
DA:13,0
DA:18,0
DA:19,0
DA:24,0
DA:25,0
DA:26,0
DA:31,0
DA:32,0
DA:37,0
DA:38,0
DA:39,0
DA:44,0
DA:45,0
DA:50,0
DA:51,0
DA:56,0
DA:57,0
DA:62,0
DA:63,0
DA:64,0
LF:23
LH:1
BRF:0
BRH:0
end_of_record
TN:
SF:src\middleware\auth.middleware.js
FN:4,authenticateToken
FNF:1
FNH:1
FNDA:45,authenticateToken
DA:5,45
DA:6,45
DA:8,45
DA:9,40
DA:12,5
DA:13,5
DA:14,5
DA:15,5
DA:16,5
DA:18,0
LF:10
LH:9
BRDA:6,0,0,45
BRDA:6,0,1,5
BRDA:8,1,0,40
BRDA:8,1,1,5
BRF:4
BRH:4
end_of_record
TN:
SF:src\middleware\errorHandler.js
FN:4,(anonymous_0)
FNF:1
FNH:1
FNDA:42,(anonymous_0)
DA:4,13
DA:5,42
DA:6,42
DA:8,42
DA:9,0
DA:10,0
DA:20,42
DA:21,42
DA:22,42
DA:30,0
DA:31,0
LF:11
LH:7
BRDA:5,0,0,42
BRDA:5,0,1,0
BRDA:6,1,0,42
BRDA:6,1,1,0
BRDA:8,2,0,0
BRDA:8,2,1,42
BRDA:15,3,0,0
BRDA:15,3,1,0
BRDA:20,4,0,42
BRDA:20,4,1,0
BRDA:25,5,0,42
BRDA:25,5,1,40
BRF:12
BRH:6
end_of_record
TN:
SF:src\middleware\rateLimit.js
FNF:0
FNH:0
DA:3,13
LF:1
LH:1
BRF:0
BRH:0
end_of_record
TN:
SF:src\middleware\role.middleware.js
FN:4,(anonymous_0)
FN:5,(anonymous_1)
FNF:2
FNH:1
FNDA:13,(anonymous_0)
FNDA:0,(anonymous_1)
DA:4,13
DA:5,13
DA:6,0
DA:7,0
DA:12,0
DA:13,0
DA:16,0
DA:17,0
DA:20,0
DA:22,0
LF:10
LH:2
BRDA:12,0,0,0
BRDA:12,0,1,0
BRDA:16,1,0,0
BRDA:16,1,1,0
BRF:4
BRH:0
end_of_record
TN:
SF:src\middleware\validate.js
FN:4,(anonymous_0)
FN:4,(anonymous_1)
FNF:2
FNH:2
FNDA:65,(anonymous_0)
FNDA:2,(anonymous_1)
DA:4,65
DA:5,2
DA:6,2
DA:7,0
DA:9,2
DA:10,2
DA:12,0
LF:7
LH:5
BRDA:9,0,0,2
BRDA:9,0,1,0
BRF:2
BRH:1
end_of_record
TN:
SF:src\services\StorageService.js
FN:8,(anonymous_0)
FN:17,(anonymous_1)
FNF:2
FNH:0
FNDA:0,(anonymous_0)
FNDA:0,(anonymous_1)
DA:6,0
DA:9,0
DA:10,0
DA:11,0
DA:13,0
DA:18,0
DA:19,0
DA:20,0
DA:21,0
DA:22,0
DA:24,0
DA:25,0
LF:12
LH:0
BRDA:18,0,0,0
BRDA:18,0,1,0
BRDA:24,1,0,0
BRDA:24,1,1,0
BRF:4
BRH:0
end_of_record
TN:
SF:src\services\ai.service.js
FN:9,(anonymous_0)
FN:23,(anonymous_1)
FN:33,(anonymous_2)
FN:52,(anonymous_3)
FNF:4
FNH:0
FNDA:0,(anonymous_0)
FNDA:0,(anonymous_1)
FNDA:0,(anonymous_2)
FNDA:0,(anonymous_3)
DA:11,0
DA:13,0
DA:14,0
DA:17,0
DA:20,0
DA:24,0
DA:25,0
DA:26,0
DA:28,0
DA:29,0
DA:34,0
DA:35,0
DA:43,0
DA:44,0
DA:46,0
DA:48,0
DA:53,0
DA:54,0
DA:55,0
DA:57,0
DA:58,0
DA:59,0
DA:60,0
DA:63,0
DA:64,0
DA:65,0
DA:66,0
DA:69,0
DA:70,0
DA:71,0
DA:72,0
DA:75,0
DA:76,0
DA:77,0
DA:78,0
DA:81,0
DA:82,0
DA:83,0
DA:86,0
DA:87,0
DA:88,0
DA:89,0
DA:92,0
DA:93,0
DA:94,0
DA:97,0
DA:105,0
LF:47
LH:0
BRDA:11,0,0,0
BRDA:11,0,1,0
BRDA:13,1,0,0
BRDA:13,1,1,0
BRDA:57,2,0,0
BRDA:57,2,1,0
BRDA:59,3,0,0
BRDA:59,3,1,0
BRDA:63,4,0,0
BRDA:63,4,1,0
BRDA:69,5,0,0
BRDA:69,5,1,0
BRDA:75,6,0,0
BRDA:75,6,1,0
BRDA:81,7,0,0
BRDA:81,7,1,0
BRDA:86,8,0,0
BRDA:86,8,1,0
BRDA:92,9,0,0
BRDA:92,9,1,0
BRDA:92,10,0,0
BRDA:92,10,1,0
BRF:22
BRH:0
end_of_record
TN:
SF:src\services\auth.service.js
FN:8,(anonymous_0)
FN:15,(anonymous_1)
FN:55,(anonymous_2)
FN:62,(anonymous_3)
FN:87,(anonymous_4)
FN:140,(anonymous_5)
FN:160,(anonymous_6)
FN:186,(anonymous_7)
FN:192,(anonymous_8)
FNF:9
FNH:0
FNDA:0,(anonymous_0)
FNDA:0,(anonymous_1)
FNDA:0,(anonymous_2)
FNDA:0,(anonymous_3)
FNDA:0,(anonymous_4)
FNDA:0,(anonymous_5)
FNDA:0,(anonymous_6)
FNDA:0,(anonymous_7)
FNDA:0,(anonymous_8)
DA:9,0
DA:10,0
DA:11,0
DA:12,0
DA:15,0
DA:16,0
DA:20,0
DA:21,0
DA:25,0
DA:26,0
DA:31,0
DA:36,0
DA:42,0
DA:51,0
DA:55,0
DA:56,0
DA:59,0
DA:63,0
DA:67,0
DA:68,0
DA:71,0
DA:76,0
DA:78,0
DA:79,0
DA:81,0
DA:82,0
DA:84,0
DA:88,0
DA:94,0
DA:95,0
DA:96,0
DA:99,0
DA:100,0
DA:101,0
DA:104,0
DA:105,0
DA:106,0
DA:107,0
DA:109,0
DA:110,0
DA:111,0
DA:112,0
DA:115,0
DA:116,0
DA:117,0
DA:120,0
DA:121,0
DA:122,0
DA:126,0
DA:131,0
DA:132,0
DA:134,0
DA:135,0
DA:137,0
DA:141,0
DA:142,0
DA:144,0
DA:147,0
DA:148,0
DA:150,0
DA:156,0
DA:157,0
DA:161,0
DA:165,0
DA:166,0
DA:169,0
DA:170,0
DA:172,0
DA:177,0
DA:180,0
DA:182,0
DA:183,0
DA:187,0
DA:193,0
DA:199,13
LF:75
LH:1
BRDA:20,0,0,0
BRDA:20,0,1,0
BRDA:20,1,0,0
BRDA:20,1,1,0
BRDA:25,2,0,0
BRDA:25,2,1,0
BRDA:46,3,0,0
BRDA:46,3,1,0
BRDA:67,4,0,0
BRDA:67,4,1,0
BRDA:67,5,0,0
BRDA:67,5,1,0
BRDA:67,5,2,0
BRDA:78,6,0,0
BRDA:78,6,1,0
BRDA:94,7,0,0
BRDA:94,7,1,0
BRDA:99,8,0,0
BRDA:99,8,1,0
BRDA:99,9,0,0
BRDA:99,9,1,0
BRDA:99,9,2,0
BRDA:105,10,0,0
BRDA:105,10,1,0
BRDA:109,11,0,0
BRDA:109,11,1,0
BRDA:120,12,0,0
BRDA:120,12,1,0
BRDA:142,13,0,0
BRDA:142,13,1,0
BRDA:165,14,0,0
BRDA:165,14,1,0
BRDA:165,15,0,0
BRDA:165,15,1,0
BRDA:165,15,2,0
BRDA:186,16,0,0
BRF:36
BRH:0
end_of_record
TN:
SF:src\services\email.service.js
FN:6,(anonymous_0)
FN:19,(anonymous_1)
FN:37,(anonymous_2)
FN:45,(anonymous_3)
FN:55,(anonymous_4)
FN:63,(anonymous_5)
FNF:6
FNH:1
FNDA:13,(anonymous_0)
FNDA:0,(anonymous_1)
FNDA:0,(anonymous_2)
FNDA:0,(anonymous_3)
FNDA:0,(anonymous_4)
FNDA:0,(anonymous_5)
DA:7,13
DA:16,13
DA:20,0
DA:21,0
DA:22,0
DA:24,0
DA:25,0
DA:31,0
DA:33,0
DA:38,0
DA:42,0
DA:46,0
DA:47,0
DA:52,0
DA:56,0
DA:60,0
DA:64,0
DA:68,0
DA:72,13
LF:19
LH:3
BRDA:20,0,0,0
BRDA:20,0,1,0
BRDA:45,1,0,0
BRDA:46,2,0,0
BRDA:46,2,1,0
BRF:5
BRH:0
end_of_record
TN:
SF:src\services\interaction.service.js
FN:6,(anonymous_0)
FN:10,(anonymous_1)
FN:18,(anonymous_2)
FN:29,(anonymous_3)
FN:40,(anonymous_4)
FNF:5
FNH:1
FNDA:2,(anonymous_0)
FNDA:0,(anonymous_1)
FNDA:0,(anonymous_2)
FNDA:0,(anonymous_3)
FNDA:0,(anonymous_4)
DA:5,13
DA:7,2
DA:11,0
DA:20,0
DA:21,0
DA:22,0
DA:26,0
DA:30,0
DA:41,0
DA:42,0
DA:44,0
DA:45,0
DA:49,0
DA:52,0
DA:53,0
DA:58,0
LF:16
LH:2
BRDA:42,0,0,0
BRDA:42,0,1,0
BRDA:44,1,0,0
BRDA:44,1,1,0
BRDA:44,2,0,0
BRDA:44,2,1,0
BRF:6
BRH:0
end_of_record
TN:
SF:src\services\jwt.service.js
FN:8,(anonymous_0)
FN:15,(anonymous_1)
FN:23,(anonymous_2)
FN:40,(anonymous_3)
FN:48,(anonymous_4)
FN:88,(anonymous_5)
FN:95,(anonymous_6)
FNF:7
FNH:3
FNDA:13,(anonymous_0)
FNDA:2,(anonymous_1)
FNDA:0,(anonymous_2)
FNDA:5,(anonymous_3)
FNDA:0,(anonymous_4)
FNDA:0,(anonymous_5)
FNDA:0,(anonymous_6)
DA:9,13
DA:10,13
DA:11,13
DA:12,13
DA:16,2
DA:24,0
DA:25,0
DA:27,0
DA:37,0
DA:41,5
DA:42,5
DA:44,0
DA:49,0
DA:54,0
DA:55,0
DA:58,0
DA:60,0
DA:64,0
DA:67,0
DA:68,0
DA:72,0
DA:78,0
DA:79,0
DA:81,0
DA:89,0
DA:96,0
DA:103,13
LF:27
LH:8
BRDA:10,0,0,13
BRDA:10,0,1,0
BRDA:23,1,0,0
BRDA:48,2,0,0
BRDA:54,3,0,0
BRDA:54,3,1,0
BRDA:58,4,0,0
BRDA:58,4,1,0
BRDA:67,5,0,0
BRDA:67,5,1,0
BRF:10
BRH:1
end_of_record
TN:
SF:src\services\photo.service.js
FN:12,(anonymous_0)
FN:28,(anonymous_1)
FN:40,(anonymous_2)
FN:110,(anonymous_3)
FN:121,(anonymous_4)
FN:156,(anonymous_5)
FN:185,(anonymous_6)
FNF:7
FNH:0
FNDA:0,(anonymous_0)
FNDA:0,(anonymous_1)
FNDA:0,(anonymous_2)
FNDA:0,(anonymous_3)
FNDA:0,(anonymous_4)
FNDA:0,(anonymous_5)
FNDA:0,(anonymous_6)
DA:10,13
DA:13,0
DA:14,0
DA:20,0
DA:22,0
DA:23,0
DA:29,0
DA:41,0
DA:42,0
DA:45,0
DA:46,0
DA:49,0
DA:50,0
DA:53,0
DA:57,0
DA:58,0
DA:64,0
DA:67,0
DA:69,0
DA:83,0
DA:84,0
DA:89,0
DA:95,0
DA:98,0
DA:103,0
DA:107,0
DA:111,0
DA:112,0
DA:114,0
DA:122,0
DA:123,0
DA:125,0
DA:129,0
DA:132,0
DA:133,0
DA:137,0
DA:140,0
DA:141,0
DA:146,0
DA:147,0
DA:151,0
DA:157,0
DA:158,0
DA:160,0
DA:164,0
DA:167,0
DA:173,0
DA:182,0
DA:186,0
DA:187,0
DA:189,0
DA:194,0
LF:52
LH:1
BRDA:40,0,0,0
BRDA:42,1,0,0
BRDA:42,1,1,0
BRDA:57,2,0,0
BRDA:57,2,1,0
BRDA:67,3,0,0
BRDA:67,3,1,0
BRDA:83,4,0,0
BRDA:83,4,1,0
BRDA:112,5,0,0
BRDA:112,5,1,0
BRDA:123,6,0,0
BRDA:123,6,1,0
BRDA:129,7,0,0
BRDA:129,7,1,0
BRDA:132,8,0,0
BRDA:132,8,1,0
BRDA:140,9,0,0
BRDA:140,9,1,0
BRDA:146,10,0,0
BRDA:146,10,1,0
BRDA:158,11,0,0
BRDA:158,11,1,0
BRDA:164,12,0,0
BRDA:164,12,1,0
BRDA:187,13,0,0
BRDA:187,13,1,0
BRDA:194,14,0,0
BRDA:194,14,1,0
BRF:29
BRH:0
end_of_record
TN:
SF:src\services\profile.service.js
FN:8,(anonymous_0)
FN:18,(anonymous_1)
FN:28,(anonymous_2)
FN:40,(anonymous_3)
FN:61,(anonymous_4)
FN:78,(anonymous_5)
FN:95,(anonymous_6)
FN:106,(anonymous_7)
FN:128,(anonymous_8)
FN:138,(anonymous_9)
FN:159,(anonymous_10)
FN:170,(anonymous_11)
FN:181,(anonymous_12)
FN:192,(anonymous_13)
FN:227,(anonymous_14)
FNF:15
FNH:2
FNDA:0,(anonymous_0)
FNDA:0,(anonymous_1)
FNDA:1,(anonymous_2)
FNDA:0,(anonymous_3)
FNDA:0,(anonymous_4)
FNDA:0,(anonymous_5)
FNDA:1,(anonymous_6)
FNDA:0,(anonymous_7)
FNDA:0,(anonymous_8)
FNDA:0,(anonymous_9)
FNDA:0,(anonymous_10)
FNDA:0,(anonymous_11)
FNDA:0,(anonymous_12)
FNDA:0,(anonymous_13)
FNDA:0,(anonymous_14)
DA:6,13
DA:9,0
DA:19,0
DA:23,0
DA:24,0
DA:29,1
DA:36,1
DA:37,1
DA:41,0
DA:42,0
DA:43,0
DA:47,0
DA:54,0
DA:58,0
DA:62,0
DA:63,0
DA:65,0
DA:70,0
DA:74,0
DA:79,0
DA:80,0
DA:82,0
DA:87,0
DA:91,0
DA:96,1
DA:97,1
DA:99,1
DA:103,1
DA:107,0
DA:108,0
DA:109,0
DA:112,0
DA:115,0
DA:120,0
DA:124,0
DA:129,0
DA:130,0
DA:131,0
DA:135,0
DA:139,0
DA:140,0
DA:141,0
DA:146,0
DA:151,0
DA:155,0
DA:160,0
DA:165,0
DA:171,0
DA:176,0
DA:182,0
DA:187,0
DA:193,0
DA:194,0
DA:196,0
DA:202,0
DA:203,0
DA:204,0
DA:205,0
DA:206,0
DA:207,0
DA:208,0
DA:213,0
DA:214,0
DA:216,0
DA:217,0
DA:219,0
DA:224,0
DA:228,0
DA:233,0
DA:235,0
DA:244,0
DA:246,0
DA:247,0
DA:248,0
DA:256,0
LF:75
LH:8
BRDA:8,0,0,0
BRDA:23,1,0,0
BRDA:23,1,1,0
BRDA:36,2,0,0
BRDA:36,2,1,1
BRDA:42,3,0,0
BRDA:42,3,1,0
BRDA:63,4,0,0
BRDA:63,4,1,0
BRDA:80,5,0,0
BRDA:80,5,1,0
BRDA:97,6,0,1
BRDA:97,6,1,0
BRDA:108,7,0,0
BRDA:108,7,1,0
BRDA:130,8,0,0
BRDA:130,8,1,0
BRDA:140,9,0,0
BRDA:140,9,1,0
BRDA:194,10,0,0
BRDA:194,10,1,0
BRDA:204,11,0,0
BRDA:204,11,1,0
BRDA:204,12,0,0
BRDA:204,12,1,0
BRDA:204,12,2,0
BRDA:205,13,0,0
BRDA:205,13,1,0
BRDA:205,14,0,0
BRDA:205,14,1,0
BRDA:207,15,0,0
BRDA:207,15,1,0
BRDA:214,16,0,0
BRDA:214,16,1,0
BRDA:233,17,0,0
BRDA:233,17,1,0
BRDA:244,18,0,0
BRDA:244,18,1,0
BRDA:247,19,0,0
BRDA:247,19,1,0
BRDA:247,20,0,0
BRDA:247,20,1,0
BRDA:247,20,2,0
BRDA:247,20,3,0
BRDA:247,20,4,0
BRF:45
BRH:2
end_of_record
TN:
SF:src\services\storage.service.js
FN:8,(anonymous_0)
FN:16,(anonymous_1)
FN:20,(anonymous_2)
FN:28,(anonymous_3)
FN:52,(anonymous_4)
FNF:5
FNH:2
FNDA:13,(anonymous_0)
FNDA:0,(anonymous_1)
FNDA:13,(anonymous_2)
FNDA:0,(anonymous_3)
FNDA:0,(anonymous_4)
DA:9,13
DA:11,13
DA:12,0
DA:13,0
DA:15,13
DA:16,13
DA:21,13
DA:22,13
DA:24,0
DA:29,0
DA:30,0
DA:37,0
DA:39,0
DA:43,0
DA:45,0
DA:46,0
DA:48,0
DA:53,0
DA:55,0
DA:56,0
DA:60,0
DA:62,0
DA:63,0
DA:64,0
DA:66,0
DA:72,13
LF:26
LH:7
BRDA:9,0,0,13
BRDA:9,0,1,13
BRDA:11,1,0,0
BRDA:11,1,1,13
BRDA:13,2,0,0
BRDA:13,2,1,0
BRDA:29,3,0,0
BRDA:29,3,1,0
BRDA:37,4,0,0
BRDA:37,4,1,0
BRDA:53,5,0,0
BRDA:53,5,1,0
BRDA:55,6,0,0
BRDA:55,6,1,0
BRDA:60,7,0,0
BRDA:60,7,1,0
BRF:16
BRH:3
end_of_record
TN:
SF:src\services\ai\AIProvider.js
FN:6,(anonymous_0)
FN:15,(anonymous_1)
FNF:2
FNH:0
FNDA:0,(anonymous_0)
FNDA:0,(anonymous_1)
DA:7,0
DA:16,0
LF:2
LH:0
BRF:0
BRH:0
end_of_record
TN:
SF:src\services\ai\providers\MockAIProvider.js
FN:5,(anonymous_0)
FN:9,(anonymous_1)
FN:13,(anonymous_2)
FN:34,(anonymous_3)
FN:36,(anonymous_4)
FNF:5
FNH:0
FNDA:0,(anonymous_0)
FNDA:0,(anonymous_1)
FNDA:0,(anonymous_2)
FNDA:0,(anonymous_3)
FNDA:0,(anonymous_4)
DA:6,0
DA:10,0
DA:13,0
DA:15,0
DA:17,0
DA:31,0
DA:35,0
DA:36,0
DA:39,0
DA:41,0
LF:10
LH:0
BRDA:22,0,0,0
BRDA:22,0,1,0
BRDA:42,1,0,0
BRDA:42,1,1,0
BRDA:43,2,0,0
BRDA:43,2,1,0
BRF:6
BRH:0
end_of_record
TN:
SF:src\services\aios\AIGateway.js
FN:10,(anonymous_0)
FN:14,(anonymous_1)
FN:63,(anonymous_2)
FNF:3
FNH:2
FNDA:1,(anonymous_0)
FNDA:2,(anonymous_1)
FNDA:0,(anonymous_2)
DA:11,1
DA:12,1
DA:14,1
DA:15,2
DA:16,1
DA:17,1
DA:18,1
DA:20,1
DA:23,1
DA:24,1
DA:25,1
DA:26,0
DA:27,0
DA:28,0
DA:32,1
DA:34,1
DA:35,1
DA:36,0
DA:37,0
DA:40,1
DA:46,1
DA:51,1
DA:56,1
DA:57,1
DA:60,1
DA:64,0
DA:65,0
DA:69,0
DA:73,13
LF:29
LH:21
BRDA:10,0,0,1
BRDA:12,1,0,0
BRDA:12,1,1,1
BRDA:15,2,0,1
BRDA:15,2,1,1
BRDA:17,3,0,0
BRDA:17,3,1,1
BRDA:25,4,0,0
BRDA:25,4,1,1
BRDA:26,5,0,0
BRDA:26,5,1,0
BRDA:35,6,0,0
BRDA:35,6,1,1
BRDA:41,7,0,1
BRDA:41,7,1,0
BRDA:42,8,0,1
BRDA:42,8,1,0
BRDA:43,9,0,1
BRDA:43,9,1,0
BRDA:47,10,0,1
BRDA:47,10,1,1
BRDA:47,11,0,1
BRDA:47,11,1,0
BRDA:48,12,0,1
BRDA:48,12,1,0
BRDA:48,13,0,1
BRDA:48,13,1,0
BRDA:48,14,0,1
BRDA:48,14,1,0
BRDA:52,15,0,1
BRDA:52,15,1,1
BRDA:52,16,0,1
BRDA:52,16,1,0
BRDA:53,17,0,1
BRDA:53,17,1,0
BRDA:53,18,0,1
BRDA:53,18,1,0
BRDA:56,19,0,1
BRDA:56,19,1,0
BRDA:63,20,0,0
BRF:40
BRH:22
end_of_record
TN:
SF:src\services\aios\AIGovernanceEngine.js
FN:6,(anonymous_0)
FN:18,(anonymous_1)
FN:36,(anonymous_2)
FN:42,(anonymous_3)
FN:49,(anonymous_4)
FN:55,(anonymous_5)
FNF:6
FNH:5
FNDA:1,(anonymous_0)
FNDA:1,(anonymous_1)
FNDA:1,(anonymous_2)
FNDA:1,(anonymous_3)
FNDA:0,(anonymous_4)
FNDA:1,(anonymous_5)
DA:7,1
DA:8,1
DA:9,1
DA:10,1
DA:11,1
DA:12,0
DA:13,0
DA:15,1
DA:19,1
DA:25,1
DA:26,4
DA:27,0
DA:28,0
DA:31,1
DA:32,1
DA:33,1
DA:37,1
DA:38,1
DA:39,1
DA:43,1
DA:44,1
DA:50,0
DA:56,1
DA:62,13
LF:24
LH:19
BRDA:6,0,0,1
BRDA:6,1,0,1
BRDA:7,2,0,0
BRDA:7,2,1,1
BRDA:10,3,0,1
BRDA:10,3,1,0
BRDA:11,4,0,0
BRDA:11,4,1,1
BRDA:26,5,0,0
BRDA:26,5,1,4
BRDA:37,6,0,0
BRDA:37,6,1,1
BRDA:37,7,0,1
BRDA:37,7,1,1
BRDA:38,8,0,0
BRDA:38,8,1,1
BRDA:55,9,0,1
BRF:17
BRH:11
end_of_record
TN:
SF:src\services\aios\CompatibilityEngine.js
FN:8,(anonymous_0)
FN:21,(anonymous_1)
FN:63,(anonymous_2)
FNF:3
FNH:2
FNDA:1,(anonymous_0)
FNDA:2,(anonymous_1)
FNDA:0,(anonymous_2)
DA:9,1
DA:10,1
DA:11,1
DA:12,0
DA:15,1
DA:19,1
DA:21,2
DA:22,1
DA:23,1
DA:24,1
DA:26,1
DA:27,1
DA:28,1
DA:32,1
DA:33,0
DA:34,0
DA:35,0
DA:36,0
DA:40,1
DA:44,1
DA:45,1
DA:46,1
DA:50,1
DA:53,1
DA:59,1
DA:60,1
DA:63,1
DA:64,1
DA:68,13
LF:29
LH:24
BRDA:11,0,0,0
BRDA:11,0,1,1
BRDA:12,1,0,0
BRDA:12,1,1,0
BRDA:19,2,0,0
BRDA:19,2,1,1
BRDA:19,3,0,1
BRDA:19,3,1,1
BRDA:23,4,0,1
BRDA:23,4,1,0
BRDA:24,5,0,1
BRDA:24,5,1,0
BRDA:32,6,0,0
BRDA:32,6,1,1
BRDA:32,7,0,1
BRDA:32,7,1,0
BRDA:59,8,0,1
BRDA:59,8,1,0
BRF:18
BRH:9
end_of_record
TN:
SF:src\services\aios\ConversationIntelligence.js
FN:4,(anonymous_0)
FN:13,(anonymous_1)
FN:21,(anonymous_2)
FNF:3
FNH:0
FNDA:0,(anonymous_0)
FNDA:0,(anonymous_1)
FNDA:0,(anonymous_2)
DA:5,0
DA:6,0
DA:10,0
DA:14,0
DA:18,0
DA:22,0
DA:26,0
DA:27,0
DA:29,0
DA:34,13
LF:10
LH:1
BRDA:5,0,0,0
BRDA:5,0,1,0
BRDA:8,1,0,0
BRDA:8,1,1,0
BRF:4
BRH:0
end_of_record
TN:
SF:src\services\aios\CostManager.js
FN:2,(anonymous_0)
FN:12,(anonymous_1)
FNF:2
FNH:2
FNDA:13,(anonymous_0)
FNDA:1,(anonymous_1)
DA:3,13
DA:13,1
DA:14,1
DA:18,13
LF:4
LH:4
BRDA:13,0,0,1
BRDA:13,0,1,0
BRF:2
BRH:1
end_of_record
TN:
SF:src\services\aios\EmbeddingEngine.js
FN:7,(anonymous_0)
FN:15,(anonymous_1)
FN:19,(anonymous_2)
FN:25,(anonymous_3)
FNF:4
FNH:1
FNDA:0,(anonymous_0)
FNDA:0,(anonymous_1)
FNDA:2,(anonymous_2)
FNDA:0,(anonymous_3)
DA:8,0
DA:9,0
DA:10,0
DA:15,0
DA:16,0
DA:20,2
DA:26,0
DA:27,0
DA:28,0
DA:29,0
DA:30,0
DA:32,0
DA:36,13
LF:13
LH:2
BRF:0
BRH:0
end_of_record
TN:
SF:src\services\aios\ProfileIntelligence.js
FN:38,(anonymous_0)
FN:40,(anonymous_1)
FN:47,(anonymous_2)
FN:62,(anonymous_3)
FN:67,(anonymous_4)
FNF:5
FNH:0
FNDA:0,(anonymous_0)
FNDA:0,(anonymous_1)
FNDA:0,(anonymous_2)
FNDA:0,(anonymous_3)
FNDA:0,(anonymous_4)
DA:6,13
DA:39,0
DA:40,0
DA:45,0
DA:47,0
DA:49,0
DA:50,0
DA:51,0
DA:58,0
DA:63,0
DA:67,0
DA:68,0
DA:72,13
LF:13
LH:2
BRDA:40,0,0,0
BRDA:40,0,1,0
BRDA:41,1,0,0
BRDA:41,1,1,0
BRDA:42,2,0,0
BRDA:42,2,1,0
BRDA:52,3,0,0
BRDA:52,3,1,0
BRDA:65,4,0,0
BRDA:65,4,1,0
BRDA:65,5,0,0
BRDA:65,5,1,0
BRF:12
BRH:0
end_of_record
TN:
SF:src\services\aios\PromptEngine.js
FN:5,(anonymous_0)
FN:20,(anonymous_1)
FN:27,(anonymous_2)
FN:28,(anonymous_3)
FNF:4
FNH:0
FNDA:0,(anonymous_0)
FNDA:0,(anonymous_1)
FNDA:0,(anonymous_2)
FNDA:0,(anonymous_3)
DA:6,0
DA:7,0
DA:8,0
DA:10,0
DA:14,0
DA:15,0
DA:17,0
DA:21,0
DA:22,0
DA:23,0
DA:24,0
DA:28,0
DA:29,0
DA:34,13
LF:14
LH:1
BRDA:7,0,0,0
BRDA:7,0,1,0
BRDA:8,1,0,0
BRDA:8,1,1,0
BRDA:14,2,0,0
BRDA:14,2,1,0
BRDA:14,3,0,0
BRDA:14,3,1,0
BRDA:20,4,0,0
BRDA:22,5,0,0
BRDA:22,5,1,0
BRDA:23,6,0,0
BRDA:23,6,1,0
BRDA:29,7,0,0
BRDA:29,7,1,0
BRF:15
BRH:0
end_of_record
TN:
SF:src\services\aios\ProviderRouter.js
FN:6,(anonymous_0)
FN:13,(anonymous_1)
FN:17,(anonymous_2)
FN:21,(anonymous_3)
FNF:4
FNH:3
FNDA:13,(anonymous_0)
FNDA:1,(anonymous_1)
FNDA:0,(anonymous_2)
FNDA:1,(anonymous_3)
DA:7,13
DA:8,13
DA:9,13
DA:10,13
DA:14,1
DA:18,0
DA:22,1
DA:23,1
DA:24,1
DA:25,1
DA:27,0
DA:28,0
DA:29,0
DA:31,0
DA:36,13
LF:15
LH:10
BRDA:14,0,0,1
BRDA:14,0,1,0
BRDA:18,1,0,0
BRDA:18,1,1,0
BRDA:21,2,0,0
BRDA:22,3,0,1
BRDA:22,3,1,1
BRDA:28,4,0,0
BRDA:28,4,1,0
BRF:9
BRH:3
end_of_record
TN:
SF:src\services\aios\RelationshipMemoryEngine.js
FN:7,(anonymous_0)
FN:29,(anonymous_1)
FN:37,(anonymous_2)
FN:63,(anonymous_3)
FNF:4
FNH:0
FNDA:0,(anonymous_0)
FNDA:0,(anonymous_1)
FNDA:0,(anonymous_2)
FNDA:0,(anonymous_3)
DA:8,0
DA:9,0
DA:10,0
DA:11,0
DA:14,0
DA:15,0
DA:16,0
DA:17,0
DA:18,0
DA:23,0
DA:24,0
DA:26,0
DA:30,0
DA:35,0
DA:37,0
DA:38,0
DA:39,0
DA:40,0
DA:41,0
DA:45,0
DA:46,0
DA:47,0
DA:48,0
DA:49,0
DA:52,0
DA:57,0
DA:63,0
DA:64,0
DA:65,0
DA:67,0
DA:71,13
LF:31
LH:1
BRDA:10,0,0,0
BRDA:10,0,1,0
BRDA:11,1,0,0
BRDA:11,1,1,0
BRDA:15,2,0,0
BRDA:15,2,1,0
BRDA:17,3,0,0
BRDA:17,3,1,0
BRDA:23,4,0,0
BRDA:23,4,1,0
BRDA:35,5,0,0
BRDA:35,5,1,0
BRDA:47,6,0,0
BRDA:47,6,1,0
BRDA:48,7,0,0
BRDA:48,7,1,0
BRDA:64,8,0,0
BRDA:64,8,1,0
BRF:18
BRH:0
end_of_record
TN:
SF:src\services\aios\TaskPlanner.js
FN:5,(anonymous_0)
FN:9,(anonymous_1)
FNF:2
FNH:0
FNDA:0,(anonymous_0)
FNDA:0,(anonymous_1)
DA:8,0
DA:9,0
DA:19,13
LF:3
LH:1
BRDA:8,0,0,0
BRDA:8,0,1,0
BRDA:13,1,0,0
BRDA:13,1,1,0
BRDA:14,2,0,0
BRDA:14,2,1,0
BRF:6
BRH:0
end_of_record
TN:
SF:src\services\aios\VectorStore.js
FN:2,(anonymous_0)
FN:6,(anonymous_1)
FN:10,(anonymous_2)
FN:14,(anonymous_3)
FNF:4
FNH:0
FNDA:0,(anonymous_0)
FNDA:0,(anonymous_1)
FNDA:0,(anonymous_2)
FNDA:0,(anonymous_3)
DA:3,0
DA:7,0
DA:11,0
DA:15,0
LF:4
LH:0
BRDA:6,0,0,0
BRDA:10,1,0,0
BRF:2
BRH:0
end_of_record
TN:
SF:src\services\aios\WorkflowEngine.js
FN:6,(anonymous_0)
FN:10,(anonymous_1)
FN:14,(anonymous_2)
FNF:3
FNH:2
FNDA:13,(anonymous_0)
FNDA:13,(anonymous_1)
FNDA:0,(anonymous_2)
DA:7,13
DA:11,13
DA:15,0
DA:16,0
DA:18,0
DA:20,0
DA:21,0
DA:22,0
DA:24,0
DA:25,0
DA:28,0
DA:34,0
DA:42,0
DA:43,0
DA:46,0
DA:47,0
DA:55,13
LF:17
LH:3
BRDA:14,0,0,0
BRDA:16,1,0,0
BRDA:16,1,1,0
BRF:3
BRH:0
end_of_record
TN:
SF:src\services\aios\providers\EmbeddingProvider.js
FN:2,(anonymous_0)
FN:6,(anonymous_1)
FN:10,(anonymous_2)
FNF:3
FNH:1
FNDA:13,(anonymous_0)
FNDA:0,(anonymous_1)
FNDA:0,(anonymous_2)
DA:3,13
DA:7,0
DA:11,0
LF:3
LH:1
BRF:0
BRH:0
end_of_record
TN:
SF:src\services\aios\providers\LLMProvider.js
FN:2,(anonymous_0)
FN:6,(anonymous_1)
FN:10,(anonymous_2)
FNF:3
FNH:1
FNDA:13,(anonymous_0)
FNDA:0,(anonymous_1)
FNDA:0,(anonymous_2)
DA:3,13
DA:7,0
DA:11,0
LF:3
LH:1
BRDA:6,0,0,0
BRDA:10,1,0,0
BRF:2
BRH:0
end_of_record
TN:
SF:src\services\aios\providers\MockEmbeddingProvider.js
FN:4,(anonymous_0)
FN:8,(anonymous_1)
FN:9,(anonymous_2)
FN:16,(anonymous_3)
FN:17,(anonymous_4)
FNF:5
FNH:1
FNDA:13,(anonymous_0)
FNDA:0,(anonymous_1)
FNDA:0,(anonymous_2)
FNDA:0,(anonymous_3)
FNDA:0,(anonymous_4)
DA:5,13
DA:9,0
DA:10,0
DA:11,0
DA:13,0
DA:17,0
LF:6
LH:1
BRDA:10,0,0,0
BRDA:10,0,1,0
BRF:2
BRH:0
end_of_record
TN:
SF:src\services\aios\providers\MockLLMProvider.js
FN:5,(anonymous_0)
FN:9,(anonymous_1)
FN:11,(anonymous_2)
FNF:3
FNH:3
FNDA:13,(anonymous_0)
FNDA:1,(anonymous_1)
FNDA:1,(anonymous_2)
DA:6,13
DA:10,1
DA:11,1
DA:12,1
DA:13,1
LF:5
LH:5
BRDA:9,0,0,0
BRDA:12,1,0,1
BRDA:12,1,1,0
BRDA:16,2,0,1
BRDA:16,2,1,1
BRF:5
BRH:3
end_of_record
TN:
SF:src\services\aios\providers\ModerationProvider.js
FN:2,(anonymous_0)
FN:6,(anonymous_1)
FNF:2
FNH:0
FNDA:0,(anonymous_0)
FNDA:0,(anonymous_1)
DA:3,0
DA:7,0
LF:2
LH:0
BRF:0
BRH:0
end_of_record
TN:
SF:src\services\aios\providers\VisionProvider.js
FN:2,(anonymous_0)
FN:6,(anonymous_1)
FNF:2
FNH:0
FNDA:0,(anonymous_0)
FNDA:0,(anonymous_1)
DA:3,0
DA:7,0
LF:2
LH:0
BRDA:6,0,0,0
BRF:1
BRH:0
end_of_record
TN:
SF:src\services\billing\BillingProvider.js
FN:2,(anonymous_0)
FN:6,(anonymous_1)
FN:10,(anonymous_2)
FN:14,(anonymous_3)
FNF:4
FNH:1
FNDA:13,(anonymous_0)
FNDA:0,(anonymous_1)
FNDA:0,(anonymous_2)
FNDA:0,(anonymous_3)
DA:3,13
DA:7,0
DA:11,0
DA:15,0
LF:4
LH:1
BRF:0
BRH:0
end_of_record
TN:
SF:src\services\billing\MockBillingProvider.js
FN:5,(anonymous_0)
FN:9,(anonymous_1)
FN:17,(anonymous_2)
FN:24,(anonymous_3)
FNF:4
FNH:1
FNDA:13,(anonymous_0)
FNDA:0,(anonymous_1)
FNDA:0,(anonymous_2)
FNDA:0,(anonymous_3)
DA:6,13
DA:10,0
DA:18,0
DA:25,0
LF:4
LH:1
BRF:0
BRH:0
end_of_record
TN:
SF:src\services\discovery\candidateGenerator.js
FN:12,(anonymous_0)
FNF:1
FNH:1
FNDA:1,(anonymous_0)
DA:4,13
DA:13,1
DA:15,1
DA:26,1
LF:4
LH:4
BRDA:12,0,0,0
BRF:1
BRH:0
end_of_record
TN:
SF:src\services\discovery\discovery.service.js
FN:12,(anonymous_0)
FN:25,(anonymous_1)
FN:51,(anonymous_2)
FN:56,(anonymous_3)
FN:72,(anonymous_4)
FNF:5
FNH:2
FNDA:1,(anonymous_0)
FNDA:0,(anonymous_1)
FNDA:0,(anonymous_2)
FNDA:1,(anonymous_3)
FNDA:0,(anonymous_4)
DA:8,13
DA:13,1
DA:16,1
DA:17,1
DA:18,1
DA:20,1
DA:22,1
DA:23,0
DA:25,0
DA:26,0
DA:30,1
DA:32,1
DA:33,0
DA:35,1
DA:36,0
DA:39,1
DA:42,1
DA:43,1
DA:46,1
DA:47,1
DA:51,1
DA:53,1
DA:57,1
DA:58,1
DA:68,0
DA:73,0
DA:76,0
DA:77,0
DA:79,0
LF:29
LH:19
BRDA:12,0,0,0
BRDA:17,1,0,1
BRDA:17,1,1,0
BRDA:22,2,0,0
BRDA:22,2,1,1
BRDA:32,3,0,0
BRDA:32,3,1,1
BRDA:35,4,0,0
BRDA:35,4,1,1
BRDA:35,5,0,1
BRDA:35,5,1,1
BRDA:46,6,0,1
BRDA:46,6,1,0
BRDA:56,7,0,0
BRDA:56,8,0,0
BRF:15
BRH:7
end_of_record
TN:
SF:src\services\discovery\eligibilityEngine.js
FN:10,(anonymous_0)
FN:30,(anonymous_1)
FN:31,(anonymous_2)
FNF:3
FNH:1
FNDA:1,(anonymous_0)
FNDA:0,(anonymous_1)
FNDA:0,(anonymous_2)
DA:3,13
DA:11,1
DA:17,1
DA:22,1
DA:30,1
DA:31,1
DA:33,1
DA:36,1
DA:41,1
DA:49,1
DA:60,1
DA:61,1
DA:62,1
DA:64,1
DA:75,1
LF:15
LH:15
BRDA:31,0,0,0
BRDA:31,0,1,0
BRDA:36,1,0,1
BRDA:36,1,1,0
BRDA:60,2,0,1
BRDA:60,2,1,0
BRF:6
BRH:2
end_of_record
TN:
SF:src\services\discovery\rankingEngine.js
FN:4,(anonymous_0)
FN:10,(anonymous_1)
FN:26,(anonymous_2)
FN:32,(anonymous_3)
FN:38,(anonymous_4)
FN:42,(anonymous_5)
FN:44,(anonymous_6)
FN:54,(anonymous_7)
FN:67,(anonymous_8)
FN:78,(anonymous_9)
FNF:10
FNH:9
FNDA:0,(anonymous_0)
FNDA:1,(anonymous_1)
FNDA:1,(anonymous_2)
FNDA:1,(anonymous_3)
FNDA:1,(anonymous_4)
FNDA:2,(anonymous_5)
FNDA:2,(anonymous_6)
FNDA:1,(anonymous_7)
FNDA:13,(anonymous_8)
FNDA:1,(anonymous_9)
DA:5,0
DA:11,1
DA:13,0
DA:14,0
DA:20,0
DA:21,0
DA:27,1
DA:33,1
DA:39,1
DA:40,1
DA:42,2
DA:43,1
DA:44,1
DA:45,2
DA:48,1
DA:49,1
DA:56,1
DA:57,1
DA:58,1
DA:61,1
DA:62,1
DA:68,13
DA:69,13
DA:79,1
DA:80,1
DA:82,1
DA:83,8
DA:84,5
DA:85,5
DA:86,5
DA:91,1
LF:31
LH:26
BRDA:11,0,0,1
BRDA:11,0,1,0
BRDA:11,1,0,1
BRDA:11,1,1,0
BRDA:13,2,0,0
BRDA:13,2,1,0
BRDA:20,3,0,0
BRDA:20,3,1,0
BRDA:27,4,0,1
BRDA:27,4,1,1
BRDA:27,4,2,1
BRDA:33,5,0,1
BRDA:33,5,1,1
BRDA:39,6,0,0
BRDA:39,6,1,1
BRDA:39,7,0,1
BRDA:39,7,1,1
BRDA:40,8,0,0
BRDA:40,8,1,1
BRDA:40,9,0,1
BRDA:40,9,1,1
BRDA:45,10,0,1
BRDA:45,10,1,1
BRDA:56,11,0,1
BRDA:56,11,1,0
BRDA:57,12,0,1
BRDA:57,12,1,0
BRDA:61,13,0,0
BRDA:61,13,1,1
BRDA:83,14,0,5
BRDA:83,14,1,3
BRDA:91,15,0,1
BRDA:91,15,1,0
BRF:33
BRH:21
end_of_record
TN:
SF:src\services\discovery\recommendationEngine.js
FN:7,(anonymous_0)
FN:11,(anonymous_1)
FN:17,(anonymous_2)
FN:32,(anonymous_3)
FNF:4
FNH:3
FNDA:13,(anonymous_0)
FNDA:1,(anonymous_1)
FNDA:1,(anonymous_2)
FNDA:0,(anonymous_3)
DA:8,13
DA:14,1
DA:17,1
DA:18,1
DA:19,1
DA:24,1
DA:32,1
DA:35,1
DA:39,13
LF:9
LH:9
BRDA:11,0,0,0
BRF:1
BRH:0
end_of_record
TN:
SF:src\services\growth\EntitlementEngine.js
FN:6,(anonymous_0)
FN:18,(anonymous_1)
FN:33,(anonymous_2)
FNF:3
FNH:0
FNDA:0,(anonymous_0)
FNDA:0,(anonymous_1)
FNDA:0,(anonymous_2)
DA:7,0
DA:8,0
DA:10,0
DA:11,0
DA:13,0
DA:14,0
DA:15,0
DA:19,0
DA:30,0
DA:34,0
DA:35,0
DA:36,0
DA:39,0
DA:44,0
DA:48,13
LF:15
LH:1
BRDA:7,0,0,0
BRDA:7,0,1,0
BRDA:11,1,0,0
BRDA:11,1,1,0
BRDA:35,2,0,0
BRDA:35,2,1,0
BRF:6
BRH:0
end_of_record
TN:
SF:src\services\growth\ExperimentEngine.js
FN:5,(anonymous_0)
FN:16,(anonymous_1)
FN:17,(anonymous_2)
FN:22,(anonymous_3)
FNF:4
FNH:0
FNDA:0,(anonymous_0)
FNDA:0,(anonymous_1)
FNDA:0,(anonymous_2)
FNDA:0,(anonymous_3)
DA:6,0
DA:11,0
DA:12,0
DA:16,0
DA:17,0
DA:18,0
DA:20,0
DA:21,0
DA:22,0
DA:23,0
DA:25,0
DA:28,0
DA:32,13
LF:13
LH:1
BRDA:11,0,0,0
BRDA:11,0,1,0
BRDA:11,1,0,0
BRDA:11,1,1,0
BRDA:11,1,2,0
BRDA:21,2,0,0
BRDA:21,2,1,0
BRF:7
BRH:0
end_of_record
TN:
SF:src\services\growth\FeatureFlagEngine.js
FN:5,(anonymous_0)
FN:27,(anonymous_1)
FNF:2
FNH:0
FNDA:0,(anonymous_0)
FNDA:0,(anonymous_1)
DA:6,0
DA:7,0
DA:8,0
DA:9,0
DA:12,0
DA:13,0
DA:14,0
DA:15,0
DA:19,0
DA:20,0
DA:22,0
DA:23,0
DA:24,0
DA:25,0
DA:27,0
DA:28,0
DA:35,0
DA:39,13
LF:18
LH:1
BRDA:5,0,0,0
BRDA:8,1,0,0
BRDA:8,1,1,0
BRDA:9,2,0,0
BRDA:9,2,1,0
BRDA:12,3,0,0
BRDA:12,3,1,0
BRDA:14,4,0,0
BRDA:14,4,1,0
BRDA:14,5,0,0
BRDA:14,5,1,0
BRDA:19,6,0,0
BRDA:19,6,1,0
BRDA:20,7,0,0
BRDA:20,7,1,0
BRDA:22,8,0,0
BRDA:22,8,1,0
BRDA:25,9,0,0
BRDA:25,9,1,0
BRDA:25,10,0,0
BRDA:25,10,1,0
BRDA:28,11,0,0
BRDA:28,11,1,0
BRF:23
BRH:0
end_of_record
TN:
SF:src\services\growth\GrowthEngine.js
FN:6,(anonymous_0)
FN:30,(anonymous_1)
FN:34,(anonymous_2)
FNF:3
FNH:0
FNDA:0,(anonymous_0)
FNDA:0,(anonymous_1)
FNDA:0,(anonymous_2)
DA:7,0
DA:8,0
DA:12,0
DA:14,0
DA:15,0
DA:16,0
DA:21,0
DA:27,0
DA:29,0
DA:30,0
DA:35,0
DA:42,13
LF:12
LH:1
BRDA:12,0,0,0
BRDA:12,0,1,0
BRDA:12,1,0,0
BRDA:12,1,1,0
BRDA:15,2,0,0
BRDA:15,2,1,0
BRDA:27,3,0,0
BRDA:27,3,1,0
BRF:8
BRH:0
end_of_record
TN:
SF:src\services\growth\GrowthService.js
FN:12,(anonymous_0)
FN:13,(anonymous_1)
FN:14,(anonymous_2)
FN:17,(anonymous_3)
FN:20,(anonymous_4)
FN:21,(anonymous_5)
FN:24,(anonymous_6)
FN:27,(anonymous_7)
FN:28,(anonymous_8)
FN:31,(anonymous_9)
FN:34,(anonymous_10)
FNF:11
FNH:0
FNDA:0,(anonymous_0)
FNDA:0,(anonymous_1)
FNDA:0,(anonymous_2)
FNDA:0,(anonymous_3)
FNDA:0,(anonymous_4)
FNDA:0,(anonymous_5)
FNDA:0,(anonymous_6)
FNDA:0,(anonymous_7)
FNDA:0,(anonymous_8)
FNDA:0,(anonymous_9)
FNDA:0,(anonymous_10)
DA:12,0
DA:13,0
DA:14,0
DA:17,0
DA:20,0
DA:21,0
DA:24,0
DA:27,0
DA:28,0
DA:31,0
DA:34,0
DA:37,13
LF:12
LH:1
BRF:0
BRH:0
end_of_record
TN:
SF:src\services\growth\PromotionEngine.js
FN:6,(anonymous_0)
FN:22,(anonymous_1)
FNF:2
FNH:0
FNDA:0,(anonymous_0)
FNDA:0,(anonymous_1)
DA:7,0
DA:8,0
DA:9,0
DA:10,0
DA:13,0
DA:14,0
DA:17,0
DA:22,0
DA:23,0
DA:27,13
LF:10
LH:1
BRDA:8,0,0,0
BRDA:8,0,1,0
BRDA:9,1,0,0
BRDA:9,1,1,0
BRDA:9,2,0,0
BRDA:9,2,1,0
BRDA:10,3,0,0
BRDA:10,3,1,0
BRDA:10,4,0,0
BRDA:10,4,1,0
BRDA:14,5,0,0
BRDA:14,5,1,0
BRF:12
BRH:0
end_of_record
TN:
SF:src\services\growth\ReferralEngine.js
FN:6,(anonymous_0)
FN:18,(anonymous_1)
FNF:2
FNH:0
FNDA:0,(anonymous_0)
FNDA:0,(anonymous_1)
DA:7,0
DA:8,0
DA:9,0
DA:11,0
DA:16,0
DA:18,0
DA:19,0
DA:23,13
LF:8
LH:1
BRDA:8,0,0,0
BRDA:8,0,1,0
BRDA:9,1,0,0
BRDA:9,1,1,0
BRF:4
BRH:0
end_of_record
TN:
SF:src\services\growth\RewardEngine.js
FN:5,(anonymous_0)
FN:9,(anonymous_1)
FN:13,(anonymous_2)
FN:17,(anonymous_3)
FN:26,(anonymous_4)
FNF:5
FNH:0
FNDA:0,(anonymous_0)
FNDA:0,(anonymous_1)
FNDA:0,(anonymous_2)
FNDA:0,(anonymous_3)
FNDA:0,(anonymous_4)
DA:6,0
DA:9,0
DA:10,0
DA:14,0
DA:18,0
DA:19,0
DA:21,0
DA:26,0
DA:27,0
DA:31,13
LF:10
LH:1
BRDA:5,0,0,0
BRDA:19,1,0,0
BRDA:19,1,1,0
BRF:3
BRH:0
end_of_record
TN:
SF:src\services\growth\SubscriptionEngine.js
FN:9,(anonymous_0)
FN:13,(anonymous_1)
FN:26,(anonymous_2)
FN:55,(anonymous_3)
FN:59,(anonymous_4)
FN:70,(anonymous_5)
FNF:6
FNH:1
FNDA:13,(anonymous_0)
FNDA:0,(anonymous_1)
FNDA:0,(anonymous_2)
FNDA:0,(anonymous_3)
FNDA:0,(anonymous_4)
FNDA:0,(anonymous_5)
DA:10,13
DA:14,0
DA:15,0
DA:16,0
DA:17,0
DA:19,0
DA:20,0
DA:21,0
DA:23,0
DA:27,0
DA:28,0
DA:31,0
DA:34,0
DA:46,0
DA:47,0
DA:48,0
DA:50,0
DA:51,0
DA:52,0
DA:55,0
DA:56,0
DA:60,0
DA:61,0
DA:63,0
DA:65,0
DA:70,0
DA:71,0
DA:75,13
LF:28
LH:2
BRDA:16,0,0,0
BRDA:16,0,1,0
BRDA:17,1,0,0
BRDA:17,1,1,0
BRDA:20,2,0,0
BRDA:20,2,1,0
BRDA:20,3,0,0
BRDA:20,3,1,0
BRDA:28,4,0,0
BRDA:28,4,1,0
BRDA:46,5,0,0
BRDA:46,5,1,0
BRDA:50,6,0,0
BRDA:50,6,1,0
BRDA:61,7,0,0
BRDA:61,7,1,0
BRF:16
BRH:0
end_of_record
TN:
SF:src\services\interaction\AnalyticsService.js
FN:5,(anonymous_0)
FN:11,(anonymous_1)
FNF:2
FNH:0
FNDA:0,(anonymous_0)
FNDA:0,(anonymous_1)
DA:8,0
DA:13,0
DA:17,0
LF:3
LH:0
BRF:0
BRH:0
end_of_record
TN:
SF:src\services\interaction\MatchEngine.js
FN:12,(anonymous_0)
FN:53,(anonymous_1)
FN:65,(anonymous_2)
FNF:3
FNH:1
FNDA:1,(anonymous_0)
FNDA:0,(anonymous_1)
FNDA:0,(anonymous_2)
DA:13,1
DA:16,1
DA:20,1
DA:21,1
DA:23,1
DA:26,1
DA:29,1
DA:30,1
DA:33,0
DA:35,1
DA:36,1
DA:37,1
DA:41,0
DA:45,1
DA:47,0
DA:50,0
DA:53,0
DA:56,0
DA:57,0
DA:58,0
DA:59,0
DA:67,0
DA:79,1
LF:23
LH:13
BRDA:20,0,0,1
BRDA:20,0,1,0
BRDA:35,1,0,1
BRDA:35,1,1,0
BRDA:45,2,0,0
BRDA:45,2,1,1
BRDA:45,3,0,1
BRDA:45,3,1,0
BRDA:57,4,0,0
BRDA:57,4,1,0
BRF:10
BRH:4
end_of_record
TN:
SF:src\services\interaction\SwipeEngine.js
FN:8,(anonymous_0)
FN:16,(anonymous_1)
FN:74,(anonymous_2)
FNF:3
FNH:2
FNDA:13,(anonymous_0)
FNDA:2,(anonymous_1)
FNDA:0,(anonymous_2)
DA:9,13
DA:17,2
DA:18,0
DA:22,2
DA:27,2
DA:28,0
DA:32,2
DA:34,2
DA:36,0
DA:39,0
DA:43,2
DA:52,2
DA:53,2
DA:55,2
DA:56,2
DA:60,2
DA:65,2
DA:74,2
DA:76,2
DA:80,13
LF:20
LH:16
BRDA:17,0,0,0
BRDA:17,0,1,2
BRDA:27,1,0,0
BRDA:27,1,1,2
BRDA:27,2,0,2
BRDA:27,2,1,2
BRDA:34,3,0,0
BRDA:34,3,1,2
BRDA:55,4,0,2
BRDA:55,4,1,0
BRDA:55,5,0,2
BRDA:55,5,1,1
BRDA:56,6,0,0
BRDA:56,6,1,2
BRF:14
BRH:9
end_of_record
TN:
SF:src\services\interaction\relationship.service.js
FN:8,(anonymous_0)
FNF:1
FNH:1
FNDA:2,(anonymous_0)
DA:3,13
DA:9,2
DA:11,2
LF:3
LH:3
BRF:0
BRH:0
end_of_record
TN:
SF:src\services\interaction\rules\SwipeRulesEngine.js
FN:10,(anonymous_0)
FN:19,(anonymous_1)
FN:31,(anonymous_2)
FN:46,(anonymous_3)
FN:66,(anonymous_4)
FN:75,(anonymous_5)
FNF:6
FNH:5
FNDA:0,(anonymous_0)
FNDA:2,(anonymous_1)
FNDA:2,(anonymous_2)
FNDA:2,(anonymous_3)
FNDA:13,(anonymous_4)
FNDA:2,(anonymous_5)
DA:11,0
DA:20,2
DA:21,0
DA:23,2
DA:32,2
DA:35,2
DA:36,0
DA:38,2
DA:47,2
DA:55,2
DA:56,0
DA:58,2
DA:67,13
DA:68,13
DA:76,2
DA:77,6
DA:78,6
DA:79,0
DA:82,2
LF:19
LH:14
BRDA:20,0,0,0
BRDA:20,0,1,2
BRDA:20,1,0,2
BRDA:20,1,1,2
BRDA:35,2,0,0
BRDA:35,2,1,2
BRDA:55,3,0,0
BRDA:55,3,1,2
BRDA:78,4,0,0
BRDA:78,4,1,6
BRF:10
BRH:6
end_of_record
TN:
SF:src\services\ops\AIOperationsPlatform.js
FN:4,(anonymous_0)
FNF:1
FNH:0
FNDA:0,(anonymous_0)
DA:5,0
DA:6,0
DA:10,0
DA:13,13
LF:4
LH:1
BRF:0
BRH:0
end_of_record
TN:
SF:src\services\ops\AnalyticsPlatform.js
FN:5,(anonymous_0)
FNF:1
FNH:0
FNDA:0,(anonymous_0)
DA:6,0
DA:7,0
DA:8,0
DA:9,0
DA:12,0
DA:19,0
DA:20,0
DA:21,0
DA:23,0
DA:26,13
LF:10
LH:1
BRDA:8,0,0,0
BRDA:8,0,1,0
BRDA:9,1,0,0
BRDA:9,1,1,0
BRDA:20,2,0,0
BRDA:20,2,1,0
BRF:6
BRH:0
end_of_record
TN:
SF:src\services\ops\AuditPlatform.js
FN:4,(anonymous_0)
FN:15,(anonymous_1)
FNF:2
FNH:0
FNDA:0,(anonymous_0)
FNDA:0,(anonymous_1)
DA:5,0
DA:16,0
DA:19,13
LF:3
LH:1
BRDA:8,0,0,0
BRDA:8,0,1,0
BRDA:9,1,0,0
BRDA:9,1,1,0
BRDA:15,2,0,0
BRDA:15,3,0,0
BRF:6
BRH:0
end_of_record
TN:
SF:src\services\ops\IncidentPlatform.js
FN:5,(anonymous_0)
FN:11,(anonymous_1)
FNF:2
FNH:0
FNDA:0,(anonymous_0)
FNDA:0,(anonymous_1)
DA:6,0
DA:7,0
DA:8,0
DA:12,0
DA:13,0
DA:14,0
DA:17,13
LF:7
LH:1
BRF:0
BRH:0
end_of_record
TN:
SF:src\services\ops\MonitoringPlatform.js
FN:7,(anonymous_0)
FN:21,(anonymous_1)
FN:27,(anonymous_2)
FN:36,(anonymous_3)
FNF:4
FNH:0
FNDA:0,(anonymous_0)
FNDA:0,(anonymous_1)
FNDA:0,(anonymous_2)
FNDA:0,(anonymous_3)
DA:8,0
DA:9,0
DA:22,0
DA:23,0
DA:24,0
DA:28,0
DA:29,0
DA:30,0
DA:32,0
DA:38,0
DA:39,0
DA:40,0
DA:41,0
DA:42,0
DA:44,0
DA:47,13
LF:16
LH:1
BRDA:22,0,0,0
BRDA:22,0,1,0
BRF:2
BRH:0
end_of_record
TN:
SF:src\services\ops\SparkOpsGateway.js
FN:8,(anonymous_0)
FN:12,(anonymous_1)
FN:22,(anonymous_2)
FN:26,(anonymous_3)
FNF:4
FNH:0
FNDA:0,(anonymous_0)
FNDA:0,(anonymous_1)
FNDA:0,(anonymous_2)
FNDA:0,(anonymous_3)
DA:9,0
DA:13,0
DA:19,0
DA:23,0
DA:28,0
DA:29,0
DA:32,13
LF:7
LH:1
BRF:0
BRH:0
end_of_record
TN:
SF:src\services\realtime\DeliveryEngine.js
FN:12,(anonymous_0)
FNF:1
FNH:0
FNDA:0,(anonymous_0)
DA:14,0
DA:15,0
DA:18,0
DA:19,0
DA:29,0
DA:32,0
DA:34,0
DA:38,13
LF:8
LH:1
BRDA:15,0,0,0
BRDA:15,0,1,0
BRDA:24,1,0,0
BRDA:24,1,1,0
BRF:4
BRH:0
end_of_record
TN:
SF:src\services\realtime\PresenceEngine.js
FN:8,(anonymous_0)
FN:26,(anonymous_1)
FN:44,(anonymous_2)
FN:53,(anonymous_3)
FNF:4
FNH:0
FNDA:0,(anonymous_0)
FNDA:0,(anonymous_1)
FNDA:0,(anonymous_2)
FNDA:0,(anonymous_3)
DA:9,0
DA:12,0
DA:15,0
DA:20,0
DA:27,0
DA:29,0
DA:30,0
DA:32,0
DA:33,0
DA:37,0
DA:45,0
DA:46,0
DA:47,0
DA:54,0
DA:55,0
DA:59,13
LF:16
LH:1
BRDA:9,0,0,0
BRDA:9,0,1,0
BRDA:27,1,0,0
BRDA:27,1,1,0
BRDA:32,2,0,0
BRDA:32,2,1,0
BRDA:45,3,0,0
BRDA:45,3,1,0
BRDA:47,4,0,0
BRDA:47,4,1,0
BRDA:47,5,0,0
BRDA:47,5,1,0
BRDA:54,6,0,0
BRDA:54,6,1,0
BRF:14
BRH:0
end_of_record
TN:
SF:src\services\realtime\conversation.service.js
FN:8,(anonymous_0)
FN:24,(anonymous_1)
FN:30,(anonymous_2)
FN:40,(anonymous_3)
FN:49,(anonymous_4)
FNF:5
FNH:0
FNDA:0,(anonymous_0)
FNDA:0,(anonymous_1)
FNDA:0,(anonymous_2)
FNDA:0,(anonymous_3)
FNDA:0,(anonymous_4)
DA:4,13
DA:9,0
DA:24,0
DA:31,0
DA:38,0
DA:40,0
DA:41,0
DA:43,0
DA:50,0
LF:9
LH:1
BRDA:38,0,0,0
BRDA:38,0,1,0
BRDA:41,1,0,0
BRDA:41,1,1,0
BRF:4
BRH:0
end_of_record
TN:
SF:src\services\trust\ModerationEngine.js
FN:7,(anonymous_0)
FN:20,(anonymous_1)
FN:45,(anonymous_2)
FN:49,(anonymous_3)
FN:59,(anonymous_4)
FN:63,(anonymous_5)
FN:78,(anonymous_6)
FN:81,(anonymous_7)
FNF:8
FNH:0
FNDA:0,(anonymous_0)
FNDA:0,(anonymous_1)
FNDA:0,(anonymous_2)
FNDA:0,(anonymous_3)
FNDA:0,(anonymous_4)
FNDA:0,(anonymous_5)
FNDA:0,(anonymous_6)
FNDA:0,(anonymous_7)
DA:8,0
DA:16,0
DA:17,0
DA:21,0
DA:29,0
DA:39,0
DA:40,0
DA:41,0
DA:42,0
DA:45,0
DA:46,0
DA:50,0
DA:59,0
DA:60,0
DA:64,0
DA:73,0
DA:74,0
DA:78,0
DA:81,0
DA:82,0
DA:86,13
LF:21
LH:1
BRDA:7,0,0,0
BRDA:39,1,0,0
BRDA:39,1,1,0
BRDA:40,2,0,0
BRDA:40,2,1,0
BRDA:41,3,0,0
BRDA:41,3,1,0
BRDA:42,4,0,0
BRDA:42,4,1,0
BRDA:49,5,0,0
BRDA:73,6,0,0
BRDA:73,6,1,0
BRF:12
BRH:0
end_of_record
TN:
SF:src\services\trust\ReputationEngine.js
FN:7,(anonymous_0)
FN:15,(anonymous_1)
FN:30,(anonymous_2)
FNF:3
FNH:0
FNDA:0,(anonymous_0)
FNDA:0,(anonymous_1)
FNDA:0,(anonymous_2)
DA:8,0
DA:16,0
DA:17,0
DA:20,0
DA:21,0
DA:23,0
DA:24,0
DA:26,0
DA:27,0
DA:31,0
DA:32,0
DA:33,0
DA:34,0
DA:36,0
DA:41,0
DA:42,0
DA:45,0
DA:46,0
DA:50,13
LF:19
LH:1
BRDA:16,0,0,0
BRDA:16,0,1,0
BRDA:21,1,0,0
BRDA:21,1,1,0
BRDA:24,2,0,0
BRDA:24,2,1,0
BRDA:32,3,0,0
BRDA:32,3,1,0
BRDA:33,4,0,0
BRDA:33,4,1,0
BRDA:34,5,0,0
BRDA:34,5,1,0
BRDA:41,6,0,0
BRDA:41,6,1,0
BRF:14
BRH:0
end_of_record
TN:
SF:src\services\trust\RiskEngine.js
FN:8,(anonymous_0)
FN:16,(anonymous_1)
FN:45,(anonymous_2)
FN:53,(anonymous_3)
FN:74,(anonymous_4)
FNF:5
FNH:0
FNDA:0,(anonymous_0)
FNDA:0,(anonymous_1)
FNDA:0,(anonymous_2)
FNDA:0,(anonymous_3)
FNDA:0,(anonymous_4)
DA:9,0
DA:17,0
DA:18,0
DA:21,0
DA:22,0
DA:23,0
DA:26,0
DA:27,0
DA:29,0
DA:31,0
DA:39,0
DA:41,0
DA:42,0
DA:46,0
DA:47,0
DA:48,0
DA:49,0
DA:55,0
DA:58,0
DA:60,0
DA:64,0
DA:73,0
DA:74,0
DA:76,0
DA:77,0
DA:78,0
DA:83,13
LF:27
LH:1
BRDA:22,0,0,0
BRDA:22,0,1,0
BRDA:23,1,0,0
BRDA:23,1,1,0
BRDA:46,2,0,0
BRDA:46,2,1,0
BRDA:48,3,0,0
BRDA:48,3,1,0
BRDA:58,4,0,0
BRDA:58,4,1,0
BRDA:77,5,0,0
BRDA:77,5,1,0
BRF:12
BRH:0
end_of_record
TN:
SF:src\services\trust\SafetyEngine.js
FN:8,(anonymous_0)
FN:12,(anonymous_1)
FN:16,(anonymous_2)
FN:28,(anonymous_3)
FNF:4
FNH:0
FNDA:0,(anonymous_0)
FNDA:0,(anonymous_1)
FNDA:0,(anonymous_2)
FNDA:0,(anonymous_3)
DA:9,0
DA:14,0
DA:15,0
DA:16,0
DA:19,0
DA:21,0
DA:29,0
DA:33,0
DA:35,0
DA:41,0
LF:10
LH:0
BRDA:22,0,0,0
BRDA:22,0,1,0
BRDA:23,1,0,0
BRDA:23,1,1,0
BRF:4
BRH:0
end_of_record
TN:
SF:src\services\trust\TrustService.js
FN:6,(anonymous_0)
FN:13,(anonymous_1)
FN:17,(anonymous_2)
FN:21,(anonymous_3)
FN:24,(anonymous_4)
FN:31,(anonymous_5)
FN:35,(anonymous_6)
FN:39,(anonymous_7)
FN:42,(anonymous_8)
FN:59,(anonymous_9)
FN:63,(anonymous_10)
FNF:11
FNH:0
FNDA:0,(anonymous_0)
FNDA:0,(anonymous_1)
FNDA:0,(anonymous_2)
FNDA:0,(anonymous_3)
FNDA:0,(anonymous_4)
FNDA:0,(anonymous_5)
FNDA:0,(anonymous_6)
FNDA:0,(anonymous_7)
FNDA:0,(anonymous_8)
FNDA:0,(anonymous_9)
FNDA:0,(anonymous_10)
DA:7,0
DA:13,0
DA:14,0
DA:18,0
DA:21,0
DA:25,0
DA:31,0
DA:32,0
DA:36,0
DA:39,0
DA:43,0
DA:56,0
DA:57,0
DA:59,0
DA:60,0
DA:64,0
DA:71,13
LF:17
LH:1
BRDA:42,0,0,0
BRF:1
BRH:0
end_of_record
TN:
SF:src\utils\asyncHandler.js
FN:1,(anonymous_0)
FN:1,(anonymous_1)
FNF:2
FNH:2
FNDA:1196,(anonymous_0)
FNDA:4,(anonymous_1)
DA:1,1196
DA:2,4
LF:2
LH:2
BRF:0
BRH:0
end_of_record
TN:
SF:src\utils\cache.js
FN:5,(anonymous_0)
FN:16,(anonymous_1)
FN:25,(anonymous_2)
FNF:3
FNH:0
FNDA:0,(anonymous_0)
FNDA:0,(anonymous_1)
FNDA:0,(anonymous_2)
DA:4,0
DA:6,0
DA:7,0
DA:8,0
DA:9,0
DA:11,0
DA:12,0
DA:17,0
DA:18,0
DA:19,0
DA:21,0
DA:26,0
DA:27,0
DA:28,0
DA:30,0
LF:15
LH:0
BRDA:6,0,0,0
BRDA:6,0,1,0
BRDA:9,1,0,0
BRDA:9,1,1,0
BRDA:16,2,0,0
BRDA:17,3,0,0
BRDA:17,3,1,0
BRDA:26,4,0,0
BRDA:26,4,1,0
BRF:9
BRH:0
end_of_record
TN:
SF:src\utils\constants.js
FNF:0
FNH:0
DA:1,13
DA:2,13
LF:2
LH:2
BRF:0
BRH:0
end_of_record
TN:
SF:src\utils\distance.js
FN:3,(anonymous_0)
FNF:1
FNH:1
FNDA:1,(anonymous_0)
DA:3,13
DA:4,1
DA:5,1
DA:7,1
DA:10,1
DA:11,1
LF:6
LH:6
BRF:0
BRH:0
end_of_record
TN:
SF:src\utils\errors.js
FN:2,(anonymous_0)
FN:12,(anonymous_1)
FN:19,(anonymous_2)
FN:25,(anonymous_3)
FN:31,(anonymous_4)
FN:37,(anonymous_5)
FN:43,(anonymous_6)
FN:49,(anonymous_7)
FN:55,(anonymous_8)
FNF:9
FNH:3
FNDA:42,(anonymous_0)
FNDA:2,(anonymous_1)
FNDA:40,(anonymous_2)
FNDA:0,(anonymous_3)
FNDA:0,(anonymous_4)
FNDA:0,(anonymous_5)
FNDA:0,(anonymous_6)
FNDA:0,(anonymous_7)
FNDA:0,(anonymous_8)
DA:3,42
DA:4,42
DA:5,42
DA:6,42
DA:7,42
DA:13,2
DA:14,2
DA:20,40
DA:26,0
DA:32,0
DA:38,0
DA:44,0
DA:50,0
DA:56,0
LF:14
LH:8
BRDA:5,0,0,42
BRDA:5,0,1,0
BRDA:12,1,0,0
BRF:3
BRH:1
end_of_record
TN:
SF:src\utils\logger.js
FN:8,(anonymous_0)
FNF:1
FNH:1
FNDA:1058,(anonymous_0)
DA:4,13
DA:6,13
DA:8,13
DA:9,1058
DA:12,13
LF:5
LH:5
BRDA:9,0,0,1058
BRDA:9,0,1,1058
BRDA:13,1,0,0
BRDA:13,1,1,13
BRF:4
BRH:3
end_of_record
TN:
SF:src\utils\response.js
FN:1,(anonymous_0)
FN:9,(anonymous_1)
FN:17,(anonymous_2)
FNF:3
FNH:0
FNDA:0,(anonymous_0)
FNDA:0,(anonymous_1)
FNDA:0,(anonymous_2)
DA:1,13
DA:2,0
DA:9,13
DA:10,0
DA:17,13
DA:18,0
LF:6
LH:3
BRDA:1,0,0,0
BRDA:9,1,0,0
BRF:2
BRH:0
end_of_record
